<?xml version="1.0" encoding="UTF-8"?>
<!-- Generated by org.testng.reporters.JUnitXMLReporter -->
<testsuite ignored="26" hostname="DESKTOP-COEV6PK" failures="3" tests="56" name="Test" time="83.338" errors="0" timestamp="2022-04-26T06:18:47 EET">
  <testcase classname="tests.CurrencySelectTest" name="UserchangeCurrencySucsessfuly" time="1.135"/>
  <testcase classname="tests.CheckoutAsGuestTest" name="completeOrder" time="0.566"/>
  <testcase classname="tests.ComparisonTest" name="completeOrder" time="0.541"/>
  <testcase classname="tests.ContactUsTest" name="completeOrder" time="0.549"/>
  <testcase classname="tests.CurrencySelectTest" name="completeOrder" time="0.551"/>
  <testcase classname="tests.EmailFriendTest" name="completeOrder" time="0.555"/>
  <testcase classname="tests.JewelerytSortByTest" name="completeOrder" time="0.542"/>
  <testcase classname="tests.SearchProductByAutocompleteTest" name="completeOrder" time="0.556"/>
  <testcase classname="tests.SearchProductTest" name="completeOrder" time="0.593"/>
  <testcase classname="tests.ShoppingCartTest" name="completeOrder" time="0.563"/>
  <testcase classname="tests.WishlistTset" name="completeOrder" time="0.664"/>
  <testcase classname="tests.hoverMenuTset" name="completeOrder" time="0.545"/>
  <testcase classname="tests.userRegistrationTest" name="completeOrder" time="0.532"/>
  <testcase classname="tests.ReviewTest" name="completeOrder" time="0.544"/>
  <testcase classname="tests.SearchProductByAutocompleteTest" name="searchProductUsingAutoSuggest" time="2.439"/>
  <testcase classname="tests.SearchProductTest" name="userCanSearchForProduct" time="1.915"/>
  <testcase classname="tests.JewelerytSortByTest" name="userChangeSortionSucsessfully" time="1.034"/>
  <testcase classname="tests.hoverMenuTset" name="userOpennootbookspage" time="2.376"/>
  <testcase classname="tests.ContactUsTest" name="userUseContactUsQuery" time="1.876"/>
  <testcase classname="tests.WishlistTset" name="searchForproduct" time="1.892"/>
  <testcase classname="tests.WishlistTset" name="addItemToWishist" time="0.064"/>
  <testcase classname="tests.WishlistTset" name="openwishlistPage" time="0.756"/>
  <testcase classname="tests.WishlistTset" name="removeItemFromWishlist" time="0.657"/>
  <testcase classname="tests.userLoginTest" name="userCanLoginSucesessfully" time="1.42"/>
  <testcase classname="tests.ReviewTest" name="userCanRegiset" time="2.994"/>
  <testcase classname="tests.ReviewTest" name="userSearchProduct" time="1.919"/>
  <testcase classname="tests.ReviewTest" name="userAddReview" time="1.614"/>
  <testcase classname="tests.ReviewTest" name="userCanLogout" time="0.984"/>
  <testcase classname="tests.CheckoutAsGuestTest" name="userCanSearchForProduct" time="2.105"/>
  <testcase classname="tests.CheckoutAsGuestTest" name="userAddProductToCart" time="0.05"/>
  <testcase classname="tests.CheckoutAsGuestTest" name="openCart" time="1.308"/>
  <testcase classname="tests.CheckoutAsGuestTest" name="opencheckoutpage" time="2.332"/>
  <testcase classname="tests.CheckoutAsGuestTest" name="checkAsGuest" time="1.504"/>
  <testcase classname="tests.CheckoutAsGuestTest" name="fillBillingAddress" time="0.597"/>
  <testcase classname="tests.CheckoutAsGuestTest" name="groundShippingMethod" time="0.474"/>
  <testcase classname="tests.CheckoutAsGuestTest" name="creditCardPaymentMethod" time="0.522"/>
  <testcase classname="tests.CheckoutAsGuestTest" name="PaymentInformation" time="0.818"/>
  <testcase classname="tests.CheckoutAsGuestTest" name="confirmOrder" time="0.485"/>
  <testcase classname="tests.CheckoutAsGuestTest" name="openOrderDetailslink" time="2.033"/>
  <testcase classname="tests.CheckoutAsGuestTest" name="downloadInvoic" time="0.45"/>
  <testcase classname="tests.CheckoutAsGuestTest" name="printOrder" time="0.088"/>
  <testcase classname="tests.ShoppingCartTest" name="userCanSearchForProduct" time="2.445"/>
  <testcase classname="tests.ShoppingCartTest" name="userAddProductToCart" time="0.049"/>
  <testcase classname="tests.ShoppingCartTest" name="openCart" time="1.133"/>
  <testcase classname="tests.ShoppingCartTest" name="checkingProduct" time="0.068"/>
  <testcase classname="tests.ShoppingCartTest" name="addQty" time="5.054">
    <failure type="org.openqa.selenium.NoSuchElementException" message="no such element: Unable to locate element: {&amp;quot;method&amp;quot;:&amp;quot;css selector&amp;quot;,&amp;quot;selector&amp;quot;:&amp;quot;#itemquantity11215&amp;quot;}
  (Session info: chrome=100.0.4896.127)
For documentation on this error, please visit: https://selenium.dev/exceptions/#no_such_element
Build info: version: &amp;apos;4.1.3&amp;apos;, revision: &amp;apos;7b1ebf28ef&amp;apos;
System info: host: &amp;apos;DESKTOP-COEV6PK&amp;apos;, ip: &amp;apos;192.168.1.7&amp;apos;, os.name: &amp;apos;Windows 10&amp;apos;, os.arch: &amp;apos;amd64&amp;apos;, os.version: &amp;apos;10.0&amp;apos;, java.version: &amp;apos;17.0.2&amp;apos;
Driver info: org.openqa.selenium.chrome.ChromeDriver
Command: [e45445b4d7e429a28ce5e38673901e98, findElement {using=id, value=itemquantity11215}]
Capabilities {acceptInsecureCerts: false, browserName: chrome, browserVersion: 100.0.4896.127, chrome: {chromedriverVersion: 99.0.4844.51 (d537ec02474b5..., userDataDir: C:\Users\COMPUT~1\AppData\L...}, goog:chromeOptions: {debuggerAddress: localhost:61324}, javascriptEnabled: true, networkConnectionEnabled: false, pageLoadStrategy: normal, platform: WINDOWS, platformName: WINDOWS, proxy: Proxy(), se:cdp: ws://localhost:61324/devtoo..., se:cdpVersion: 100.0.4896.127, setWindowRect: true, strictFileInteractability: false, timeouts: {implicit: 0, pageLoad: 300000, script: 30000}, unhandledPromptBehavior: dismiss and notify, webauthn:extension:credBlob: true, webauthn:extension:largeBlob: true, webauthn:virtualAuthenticators: true}
Session ID: e45445b4d7e429a28ce5e38673901e98">
      <![CDATA[org.openqa.selenium.NoSuchElementException: no such element: Unable to locate element: {"method":"css selector","selector":"#itemquantity11215"}
  (Session info: chrome=100.0.4896.127)
For documentation on this error, please visit: https://selenium.dev/exceptions/#no_such_element
Build info: version: '4.1.3', revision: '7b1ebf28ef'
System info: host: 'DESKTOP-COEV6PK', ip: '192.168.1.7', os.name: 'Windows 10', os.arch: 'amd64', os.version: '10.0', java.version: '17.0.2'
Driver info: org.openqa.selenium.chrome.ChromeDriver
Command: [e45445b4d7e429a28ce5e38673901e98, findElement {using=id, value=itemquantity11215}]
Capabilities {acceptInsecureCerts: false, browserName: chrome, browserVersion: 100.0.4896.127, chrome: {chromedriverVersion: 99.0.4844.51 (d537ec02474b5..., userDataDir: C:\Users\COMPUT~1\AppData\L...}, goog:chromeOptions: {debuggerAddress: localhost:61324}, javascriptEnabled: true, networkConnectionEnabled: false, pageLoadStrategy: normal, platform: WINDOWS, platformName: WINDOWS, proxy: Proxy(), se:cdp: ws://localhost:61324/devtoo..., se:cdpVersion: 100.0.4896.127, setWindowRect: true, strictFileInteractability: false, timeouts: {implicit: 0, pageLoad: 300000, script: 30000}, unhandledPromptBehavior: dismiss and notify, webauthn:extension:credBlob: true, webauthn:extension:largeBlob: true, webauthn:virtualAuthenticators: true}
Session ID: e45445b4d7e429a28ce5e38673901e98
at org.openqa.selenium.remote.codec.w3c.W3CHttpResponseCodec.createException(W3CHttpResponseCodec.java:200)
at org.openqa.selenium.remote.codec.w3c.W3CHttpResponseCodec.decode(W3CHttpResponseCodec.java:133)
at org.openqa.selenium.remote.codec.w3c.W3CHttpResponseCodec.decode(W3CHttpResponseCodec.java:53)
at org.openqa.selenium.remote.HttpCommandExecutor.execute(HttpCommandExecutor.java:184)
at org.openqa.selenium.remote.service.DriverCommandExecutor.invokeExecute(DriverCommandExecutor.java:167)
at org.openqa.selenium.remote.service.DriverCommandExecutor.execute(DriverCommandExecutor.java:142)
at org.openqa.selenium.remote.RemoteWebDriver.execute(RemoteWebDriver.java:567)
at org.openqa.selenium.remote.ElementLocation$ElementFinder$2.findElement(ElementLocation.java:162)
at org.openqa.selenium.remote.ElementLocation.findElement(ElementLocation.java:60)
at org.openqa.selenium.remote.RemoteWebDriver.findElement(RemoteWebDriver.java:385)
at org.openqa.selenium.remote.RemoteWebDriver.findElement(RemoteWebDriver.java:377)
at org.openqa.selenium.support.pagefactory.DefaultElementLocator.findElement(DefaultElementLocator.java:70)
at org.openqa.selenium.support.pagefactory.internal.LocatingElementHandler.invoke(LocatingElementHandler.java:39)
at jdk.proxy2/jdk.proxy2.$Proxy22.clear(Unknown Source)
at pages.PageBase.clearElement(PageBase.java:52)
at pages.ShoppingCartPage.addQty(ShoppingCartPage.java:48)
at tests.ShoppingCartTest.addQty(ShoppingCartTest.java:60)
at java.base/java.util.ArrayList.forEach(ArrayList.java:1511)
... Removed 32 stack frames]]>
    </failure>
  </testcase> <!-- addQty -->
  <testcase classname="tests.EmailFriendTest" name="userCanTestSucessfully" time="2.683"/>
  <testcase classname="tests.EmailFriendTest" name="searchProductUsingAutoSuggest" time="1.808"/>
  <testcase classname="tests.EmailFriendTest" name="userEmailFriendSucsessfully" time="1.767"/>
  <testcase classname="tests.userRegistrationTest" name="userCanTestSucessfully" time="6.557">
    <failure type="org.openqa.selenium.NoSuchElementException" message="no such element: Unable to locate element: {&amp;quot;method&amp;quot;:&amp;quot;css selector&amp;quot;,&amp;quot;selector&amp;quot;:&amp;quot;#Password&amp;quot;}
  (Session info: chrome=100.0.4896.127)
For documentation on this error, please visit: https://selenium.dev/exceptions/#no_such_element
Build info: version: &amp;apos;4.1.3&amp;apos;, revision: &amp;apos;7b1ebf28ef&amp;apos;
System info: host: &amp;apos;DESKTOP-COEV6PK&amp;apos;, ip: &amp;apos;192.168.1.7&amp;apos;, os.name: &amp;apos;Windows 10&amp;apos;, os.arch: &amp;apos;amd64&amp;apos;, os.version: &amp;apos;10.0&amp;apos;, java.version: &amp;apos;17.0.2&amp;apos;
Driver info: org.openqa.selenium.chrome.ChromeDriver
Command: [e45445b4d7e429a28ce5e38673901e98, findElement {using=id, value=Password}]
Capabilities {acceptInsecureCerts: false, browserName: chrome, browserVersion: 100.0.4896.127, chrome: {chromedriverVersion: 99.0.4844.51 (d537ec02474b5..., userDataDir: C:\Users\COMPUT~1\AppData\L...}, goog:chromeOptions: {debuggerAddress: localhost:61324}, javascriptEnabled: true, networkConnectionEnabled: false, pageLoadStrategy: normal, platform: WINDOWS, platformName: WINDOWS, proxy: Proxy(), se:cdp: ws://localhost:61324/devtoo..., se:cdpVersion: 100.0.4896.127, setWindowRect: true, strictFileInteractability: false, timeouts: {implicit: 0, pageLoad: 300000, script: 30000}, unhandledPromptBehavior: dismiss and notify, webauthn:extension:credBlob: true, webauthn:extension:largeBlob: true, webauthn:virtualAuthenticators: true}
Session ID: e45445b4d7e429a28ce5e38673901e98">
      <![CDATA[org.openqa.selenium.NoSuchElementException: no such element: Unable to locate element: {"method":"css selector","selector":"#Password"}
  (Session info: chrome=100.0.4896.127)
For documentation on this error, please visit: https://selenium.dev/exceptions/#no_such_element
Build info: version: '4.1.3', revision: '7b1ebf28ef'
System info: host: 'DESKTOP-COEV6PK', ip: '192.168.1.7', os.name: 'Windows 10', os.arch: 'amd64', os.version: '10.0', java.version: '17.0.2'
Driver info: org.openqa.selenium.chrome.ChromeDriver
Command: [e45445b4d7e429a28ce5e38673901e98, findElement {using=id, value=Password}]
Capabilities {acceptInsecureCerts: false, browserName: chrome, browserVersion: 100.0.4896.127, chrome: {chromedriverVersion: 99.0.4844.51 (d537ec02474b5..., userDataDir: C:\Users\COMPUT~1\AppData\L...}, goog:chromeOptions: {debuggerAddress: localhost:61324}, javascriptEnabled: true, networkConnectionEnabled: false, pageLoadStrategy: normal, platform: WINDOWS, platformName: WINDOWS, proxy: Proxy(), se:cdp: ws://localhost:61324/devtoo..., se:cdpVersion: 100.0.4896.127, setWindowRect: true, strictFileInteractability: false, timeouts: {implicit: 0, pageLoad: 300000, script: 30000}, unhandledPromptBehavior: dismiss and notify, webauthn:extension:credBlob: true, webauthn:extension:largeBlob: true, webauthn:virtualAuthenticators: true}
Session ID: e45445b4d7e429a28ce5e38673901e98
at org.openqa.selenium.remote.codec.w3c.W3CHttpResponseCodec.createException(W3CHttpResponseCodec.java:200)
at org.openqa.selenium.remote.codec.w3c.W3CHttpResponseCodec.decode(W3CHttpResponseCodec.java:133)
at org.openqa.selenium.remote.codec.w3c.W3CHttpResponseCodec.decode(W3CHttpResponseCodec.java:53)
at org.openqa.selenium.remote.HttpCommandExecutor.execute(HttpCommandExecutor.java:184)
at org.openqa.selenium.remote.service.DriverCommandExecutor.invokeExecute(DriverCommandExecutor.java:167)
at org.openqa.selenium.remote.service.DriverCommandExecutor.execute(DriverCommandExecutor.java:142)
at org.openqa.selenium.remote.RemoteWebDriver.execute(RemoteWebDriver.java:567)
at org.openqa.selenium.remote.ElementLocation$ElementFinder$2.findElement(ElementLocation.java:162)
at org.openqa.selenium.remote.ElementLocation.findElement(ElementLocation.java:60)
at org.openqa.selenium.remote.RemoteWebDriver.findElement(RemoteWebDriver.java:385)
at org.openqa.selenium.remote.RemoteWebDriver.findElement(RemoteWebDriver.java:377)
at org.openqa.selenium.support.pagefactory.DefaultElementLocator.findElement(DefaultElementLocator.java:70)
at org.openqa.selenium.support.pagefactory.internal.LocatingElementHandler.invoke(LocatingElementHandler.java:39)
at jdk.proxy2/jdk.proxy2.$Proxy22.sendKeys(Unknown Source)
at pages.PageBase.sendTxtElementTxt(PageBase.java:33)
at pages.UserRegistrationPage.userRegisteration(UserRegistrationPage.java:58)
at tests.userRegistrationTest.userCanTestSucessfully(userRegistrationTest.java:28)
at java.base/java.util.ArrayList.forEach(ArrayList.java:1511)
... Removed 32 stack frames]]>
    </failure>
  </testcase> <!-- userCanTestSucessfully -->
  <testcase classname="tests.userRegistrationTest" name="userCanLogoutSucessfully" time="0.0">
    <skipped/>
  </testcase> <!-- userCanLogoutSucessfully -->
  <testcase classname="tests.userRegistrationTest" name="userCanLoginSucesessfully" time="0.0">
    <skipped/>
  </testcase> <!-- userCanLoginSucesessfully -->
  <testcase classname="tests.ComparisonTest" name="usercanAddFirstItemToproduct" time="9.131"/>
  <testcase classname="tests.ComparisonTest" name="usercanAddSecondItemToproduct" time="5.982"/>
  <testcase classname="tests.userLoginTest" name="completeOrder" time="1.09">
    <failure type="org.openqa.selenium.ElementClickInterceptedException" message="element click intercepted: Element &amp;lt;img alt=&amp;quot;nopCommerce demo store&amp;quot; src=&amp;quot;https://demo.nopcommerce.com/Themes/DefaultClean/Content/images/logo.png&amp;quot;&amp;gt; is not clickable at point (284, 25). Other element would receive the click: &amp;lt;a href=&amp;quot;/compareproducts&amp;quot;&amp;gt;...&amp;lt;/a&amp;gt;
  (Session info: chrome=100.0.4896.127)
Build info: version: &amp;apos;4.1.3&amp;apos;, revision: &amp;apos;7b1ebf28ef&amp;apos;
System info: host: &amp;apos;DESKTOP-COEV6PK&amp;apos;, ip: &amp;apos;192.168.1.7&amp;apos;, os.name: &amp;apos;Windows 10&amp;apos;, os.arch: &amp;apos;amd64&amp;apos;, os.version: &amp;apos;10.0&amp;apos;, java.version: &amp;apos;17.0.2&amp;apos;
Driver info: org.openqa.selenium.chrome.ChromeDriver
Command: [e45445b4d7e429a28ce5e38673901e98, clickElement {id=560f1059-2ed0-4e71-9569-4af433980cb3}]
Capabilities {acceptInsecureCerts: false, browserName: chrome, browserVersion: 100.0.4896.127, chrome: {chromedriverVersion: 99.0.4844.51 (d537ec02474b5..., userDataDir: C:\Users\COMPUT~1\AppData\L...}, goog:chromeOptions: {debuggerAddress: localhost:61324}, javascriptEnabled: true, networkConnectionEnabled: false, pageLoadStrategy: normal, platform: WINDOWS, platformName: WINDOWS, proxy: Proxy(), se:cdp: ws://localhost:61324/devtoo..., se:cdpVersion: 100.0.4896.127, setWindowRect: true, strictFileInteractability: false, timeouts: {implicit: 0, pageLoad: 300000, script: 30000}, unhandledPromptBehavior: dismiss and notify, webauthn:extension:credBlob: true, webauthn:extension:largeBlob: true, webauthn:virtualAuthenticators: true}
Element: [[ChromeDriver: chrome on WINDOWS (e45445b4d7e429a28ce5e38673901e98)] -&amp;gt; xpath: /html/body/div[6]/div[1]/div[2]/div[1]/a/img]
Session ID: e45445b4d7e429a28ce5e38673901e98">
      <![CDATA[org.openqa.selenium.ElementClickInterceptedException: element click intercepted: Element <img alt="nopCommerce demo store" src="https://demo.nopcommerce.com/Themes/DefaultClean/Content/images/logo.png"> is not clickable at point (284, 25). Other element would receive the click: <a href="/compareproducts">...</a>
  (Session info: chrome=100.0.4896.127)
Build info: version: '4.1.3', revision: '7b1ebf28ef'
System info: host: 'DESKTOP-COEV6PK', ip: '192.168.1.7', os.name: 'Windows 10', os.arch: 'amd64', os.version: '10.0', java.version: '17.0.2'
Driver info: org.openqa.selenium.chrome.ChromeDriver
Command: [e45445b4d7e429a28ce5e38673901e98, clickElement {id=560f1059-2ed0-4e71-9569-4af433980cb3}]
Capabilities {acceptInsecureCerts: false, browserName: chrome, browserVersion: 100.0.4896.127, chrome: {chromedriverVersion: 99.0.4844.51 (d537ec02474b5..., userDataDir: C:\Users\COMPUT~1\AppData\L...}, goog:chromeOptions: {debuggerAddress: localhost:61324}, javascriptEnabled: true, networkConnectionEnabled: false, pageLoadStrategy: normal, platform: WINDOWS, platformName: WINDOWS, proxy: Proxy(), se:cdp: ws://localhost:61324/devtoo..., se:cdpVersion: 100.0.4896.127, setWindowRect: true, strictFileInteractability: false, timeouts: {implicit: 0, pageLoad: 300000, script: 30000}, unhandledPromptBehavior: dismiss and notify, webauthn:extension:credBlob: true, webauthn:extension:largeBlob: true, webauthn:virtualAuthenticators: true}
Element: [[ChromeDriver: chrome on WINDOWS (e45445b4d7e429a28ce5e38673901e98)] -> xpath: /html/body/div[6]/div[1]/div[2]/div[1]/a/img]
Session ID: e45445b4d7e429a28ce5e38673901e98
at org.openqa.selenium.remote.codec.w3c.W3CHttpResponseCodec.createException(W3CHttpResponseCodec.java:200)
at org.openqa.selenium.remote.codec.w3c.W3CHttpResponseCodec.decode(W3CHttpResponseCodec.java:133)
at org.openqa.selenium.remote.codec.w3c.W3CHttpResponseCodec.decode(W3CHttpResponseCodec.java:53)
at org.openqa.selenium.remote.HttpCommandExecutor.execute(HttpCommandExecutor.java:184)
at org.openqa.selenium.remote.service.DriverCommandExecutor.invokeExecute(DriverCommandExecutor.java:167)
at org.openqa.selenium.remote.service.DriverCommandExecutor.execute(DriverCommandExecutor.java:142)
at org.openqa.selenium.remote.RemoteWebDriver.execute(RemoteWebDriver.java:567)
at org.openqa.selenium.remote.RemoteWebElement.execute(RemoteWebElement.java:251)
at org.openqa.selenium.remote.RemoteWebElement.click(RemoteWebElement.java:77)
at org.openqa.selenium.support.pagefactory.internal.LocatingElementHandler.invoke(LocatingElementHandler.java:52)
at jdk.proxy2/jdk.proxy2.$Proxy22.click(Unknown Source)
at pages.PageBase.clickButton(PageBase.java:28)
at pages.CheckoutPage.orderCompeted(CheckoutPage.java:142)
at tests.userLoginTest.completeOrder(userLoginTest.java:31)
at java.base/java.util.ArrayList.forEach(ArrayList.java:1511)
... Removed 35 stack frames]]>
    </failure>
  </testcase> <!-- completeOrder -->
  <testcase classname="tests.ComparisonTest" name="removeCoparisonProducts" time="1.715"/>
  <testcase classname="tests.TestBase" name="@AfterSuite stopDriver" time="0.0">
    <ignored/>
  </testcase> <!-- @AfterSuite stopDriver -->
  <testcase classname="tests.TestBase" name="@BeforeSuite startDriver" time="0.0">
    <ignored/>
  </testcase> <!-- @BeforeSuite startDriver -->
  <testcase classname="tests.TestBase" name="@AfterSuite stopDriver" time="0.0">
    <ignored/>
  </testcase> <!-- @AfterSuite stopDriver -->
  <testcase classname="tests.TestBase" name="@BeforeSuite startDriver" time="0.0">
    <ignored/>
  </testcase> <!-- @BeforeSuite startDriver -->
  <testcase classname="tests.TestBase" name="@AfterSuite stopDriver" time="0.0">
    <ignored/>
  </testcase> <!-- @AfterSuite stopDriver -->
  <testcase classname="tests.TestBase" name="@AfterSuite stopDriver" time="0.0">
    <ignored/>
  </testcase> <!-- @AfterSuite stopDriver -->
  <testcase classname="tests.TestBase" name="@BeforeSuite startDriver" time="0.0">
    <ignored/>
  </testcase> <!-- @BeforeSuite startDriver -->
  <testcase classname="tests.TestBase" name="@AfterSuite stopDriver" time="0.0">
    <ignored/>
  </testcase> <!-- @AfterSuite stopDriver -->
  <testcase classname="tests.TestBase" name="@BeforeSuite startDriver" time="0.0">
    <ignored/>
  </testcase> <!-- @BeforeSuite startDriver -->
  <testcase classname="tests.TestBase" name="@BeforeSuite startDriver" time="0.0">
    <ignored/>
  </testcase> <!-- @BeforeSuite startDriver -->
  <testcase classname="tests.TestBase" name="@BeforeSuite startDriver" time="0.0">
    <ignored/>
  </testcase> <!-- @BeforeSuite startDriver -->
  <testcase classname="tests.TestBase" name="@BeforeSuite startDriver" time="0.0">
    <ignored/>
  </testcase> <!-- @BeforeSuite startDriver -->
  <testcase classname="tests.TestBase" name="@AfterSuite stopDriver" time="0.0">
    <ignored/>
  </testcase> <!-- @AfterSuite stopDriver -->
  <testcase classname="tests.TestBase" name="@AfterSuite stopDriver" time="0.0">
    <ignored/>
  </testcase> <!-- @AfterSuite stopDriver -->
  <testcase classname="tests.TestBase" name="@AfterSuite stopDriver" time="0.0">
    <ignored/>
  </testcase> <!-- @AfterSuite stopDriver -->
  <testcase classname="tests.TestBase" name="@BeforeSuite startDriver" time="0.0">
    <ignored/>
  </testcase> <!-- @BeforeSuite startDriver -->
  <testcase classname="tests.TestBase" name="@BeforeSuite startDriver" time="0.0">
    <ignored/>
  </testcase> <!-- @BeforeSuite startDriver -->
  <testcase classname="tests.TestBase" name="@BeforeSuite startDriver" time="0.0">
    <ignored/>
  </testcase> <!-- @BeforeSuite startDriver -->
  <testcase classname="tests.TestBase" name="@AfterSuite stopDriver" time="0.0">
    <ignored/>
  </testcase> <!-- @AfterSuite stopDriver -->
  <testcase classname="tests.TestBase" name="@AfterSuite stopDriver" time="0.0">
    <ignored/>
  </testcase> <!-- @AfterSuite stopDriver -->
  <testcase classname="tests.TestBase" name="@BeforeSuite startDriver" time="0.0">
    <ignored/>
  </testcase> <!-- @BeforeSuite startDriver -->
  <testcase classname="tests.TestBase" name="@BeforeSuite startDriver" time="0.0">
    <ignored/>
  </testcase> <!-- @BeforeSuite startDriver -->
  <testcase classname="tests.TestBase" name="@AfterSuite stopDriver" time="0.0">
    <ignored/>
  </testcase> <!-- @AfterSuite stopDriver -->
  <testcase classname="tests.TestBase" name="@BeforeSuite startDriver" time="0.0">
    <ignored/>
  </testcase> <!-- @BeforeSuite startDriver -->
  <testcase classname="tests.TestBase" name="@AfterSuite stopDriver" time="0.0">
    <ignored/>
  </testcase> <!-- @AfterSuite stopDriver -->
  <testcase classname="tests.TestBase" name="@AfterSuite stopDriver" time="0.0">
    <ignored/>
  </testcase> <!-- @AfterSuite stopDriver -->
</testsuite> <!-- Test -->
