<html>
<head>
<title>TestNG:  Test</title>
<link href="../testng.css" rel="stylesheet" type="text/css" />
<link href="../my-testng.css" rel="stylesheet" type="text/css" />

<style type="text/css">
.log { display: none;} 
.stack-trace { display: none;} 
</style>
<script type="text/javascript">
<!--
function flip(e) {
  current = e.style.display;
  if (current == 'block') {
    e.style.display = 'none';
    return 0;
  }
  else {
    e.style.display = 'block';
    return 1;
  }
}

function toggleBox(szDivId, elem, msg1, msg2)
{
  var res = -1;  if (document.getElementById) {
    res = flip(document.getElementById(szDivId));
  }
  else if (document.all) {
    // this is the way old msie versions work
    res = flip(document.all[szDivId]);
  }
  if(elem) {
    if(res == 0) elem.innerHTML = msg1; else elem.innerHTML = msg2;
  }

}

function toggleAllBoxes() {
  if (document.getElementsByTagName) {
    d = document.getElementsByTagName('div');
    for (i = 0; i < d.length; i++) {
      if (d[i].className == 'log') {
        flip(d[i]);
      }
    }
  }
}

// -->
</script>

</head>
<body>
<h2 align='center'>Test</h2><table border='1' align="center">
<tr>
<td>Tests passed/Failed/Skipped:</td><td>51/3/2</td>
</tr><tr>
<td>Started on:</td><td>Tue Apr 26 06:17:23 EET 2022</td>
</tr>
<tr><td>Total time:</td><td>83 seconds (83338 ms)</td>
</tr><tr>
<td>Included groups:</td><td></td>
</tr><tr>
<td>Excluded groups:</td><td></td>
</tr>
</table><p/>
<small><i>(Hover the method name to see the test class name)</i></small><p/>
<table width='100%' border='1' class='invocation-failed'>
<tr><td colspan='4' align='center'><b>FAILED TESTS</b></td></tr>
<tr><td><b>Test method</b></td>
<td width="30%"><b>Exception</b></td>
<td width="10%"><b>Time (seconds)</b></td>
<td><b>Instance</b></td>
</tr>
<tr>
<td title='tests.userRegistrationTest.userCanTestSucessfully()'><b>userCanTestSucessfully</b><br>Test class: tests.userRegistrationTest</td>
<td><div><pre>org.openqa.selenium.NoSuchElementException: no such element: Unable to locate element: {&quot;method&quot;:&quot;css selector&quot;,&quot;selector&quot;:&quot;#Password&quot;}
  (Session info: chrome=100.0.4896.127)
For documentation on this error, please visit: https://selenium.dev/exceptions/#no_such_element
Build info: version: &apos;4.1.3&apos;, revision: &apos;7b1ebf28ef&apos;
System info: host: &apos;DESKTOP-COEV6PK&apos;, ip: &apos;192.168.1.7&apos;, os.name: &apos;Windows 10&apos;, os.arch: &apos;amd64&apos;, os.version: &apos;10.0&apos;, java.version: &apos;17.0.2&apos;
Driver info: org.openqa.selenium.chrome.ChromeDriver
Command: [e45445b4d7e429a28ce5e38673901e98, findElement {using=id, value=Password}]
Capabilities {acceptInsecureCerts: false, browserName: chrome, browserVersion: 100.0.4896.127, chrome: {chromedriverVersion: 99.0.4844.51 (d537ec02474b5..., userDataDir: C:\Users\COMPUT~1\AppData\L...}, goog:chromeOptions: {debuggerAddress: localhost:61324}, javascriptEnabled: true, networkConnectionEnabled: false, pageLoadStrategy: normal, platform: WINDOWS, platformName: WINDOWS, proxy: Proxy(), se:cdp: ws://localhost:61324/devtoo..., se:cdpVersion: 100.0.4896.127, setWindowRect: true, strictFileInteractability: false, timeouts: {implicit: 0, pageLoad: 300000, script: 30000}, unhandledPromptBehavior: dismiss and notify, webauthn:extension:credBlob: true, webauthn:extension:largeBlob: true, webauthn:virtualAuthenticators: true}
Session ID: e45445b4d7e429a28ce5e38673901e98
	at org.openqa.selenium.remote.codec.w3c.W3CHttpResponseCodec.createException(W3CHttpResponseCodec.java:200)
	at org.openqa.selenium.remote.codec.w3c.W3CHttpResponseCodec.decode(W3CHttpResponseCodec.java:133)
	at org.openqa.selenium.remote.codec.w3c.W3CHttpResponseCodec.decode(W3CHttpResponseCodec.java:53)
	at org.openqa.selenium.remote.HttpCommandExecutor.execute(HttpCommandExecutor.java:184)
	at org.openqa.selenium.remote.service.DriverCommandExecutor.invokeExecute(DriverCommandExecutor.java:167)
	at org.openqa.selenium.remote.service.DriverCommandExecutor.execute(DriverCommandExecutor.java:142)
	at org.openqa.selenium.remote.RemoteWebDriver.execute(RemoteWebDriver.java:567)
	at org.openqa.selenium.remote.ElementLocation$ElementFinder$2.findElement(ElementLocation.java:162)
	at org.openqa.selenium.remote.ElementLocation.findElement(ElementLocation.java:60)
	at org.openqa.selenium.remote.RemoteWebDriver.findElement(RemoteWebDriver.java:385)
	at org.openqa.selenium.remote.RemoteWebDriver.findElement(RemoteWebDriver.java:377)
	at org.openqa.selenium.support.pagefactory.DefaultElementLocator.findElement(DefaultElementLocator.java:70)
	at org.openqa.selenium.support.pagefactory.internal.LocatingElementHandler.invoke(LocatingElementHandler.java:39)
	at jdk.proxy2/jdk.proxy2.$Proxy22.sendKeys(Unknown Source)
	at pages.PageBase.sendTxtElementTxt(PageBase.java:33)
	at pages.UserRegistrationPage.userRegisteration(UserRegistrationPage.java:58)
	at tests.userRegistrationTest.userCanTestSucessfully(userRegistrationTest.java:28)
	at java.base/java.util.ArrayList.forEach(ArrayList.java:1511)
... Removed 32 stack frames</pre></div><a href='#' onClick='toggleBox("stack-trace833272193", this, "Click to show all stack frames", "Click to hide stack frames")'>Click to show all stack frames</a>
<div class='stack-trace' id='stack-trace833272193'><pre>org.openqa.selenium.NoSuchElementException: no such element: Unable to locate element: {&quot;method&quot;:&quot;css selector&quot;,&quot;selector&quot;:&quot;#Password&quot;}
  (Session info: chrome=100.0.4896.127)
For documentation on this error, please visit: https://selenium.dev/exceptions/#no_such_element
Build info: version: &apos;4.1.3&apos;, revision: &apos;7b1ebf28ef&apos;
System info: host: &apos;DESKTOP-COEV6PK&apos;, ip: &apos;192.168.1.7&apos;, os.name: &apos;Windows 10&apos;, os.arch: &apos;amd64&apos;, os.version: &apos;10.0&apos;, java.version: &apos;17.0.2&apos;
Driver info: org.openqa.selenium.chrome.ChromeDriver
Command: [e45445b4d7e429a28ce5e38673901e98, findElement {using=id, value=Password}]
Capabilities {acceptInsecureCerts: false, browserName: chrome, browserVersion: 100.0.4896.127, chrome: {chromedriverVersion: 99.0.4844.51 (d537ec02474b5..., userDataDir: C:\Users\COMPUT~1\AppData\L...}, goog:chromeOptions: {debuggerAddress: localhost:61324}, javascriptEnabled: true, networkConnectionEnabled: false, pageLoadStrategy: normal, platform: WINDOWS, platformName: WINDOWS, proxy: Proxy(), se:cdp: ws://localhost:61324/devtoo..., se:cdpVersion: 100.0.4896.127, setWindowRect: true, strictFileInteractability: false, timeouts: {implicit: 0, pageLoad: 300000, script: 30000}, unhandledPromptBehavior: dismiss and notify, webauthn:extension:credBlob: true, webauthn:extension:largeBlob: true, webauthn:virtualAuthenticators: true}
Session ID: e45445b4d7e429a28ce5e38673901e98
	at java.base/jdk.internal.reflect.NativeConstructorAccessorImpl.newInstance0(Native Method)
	at java.base/jdk.internal.reflect.NativeConstructorAccessorImpl.newInstance(NativeConstructorAccessorImpl.java:77)
	at java.base/jdk.internal.reflect.DelegatingConstructorAccessorImpl.newInstance(DelegatingConstructorAccessorImpl.java:45)
	at java.base/java.lang.reflect.Constructor.newInstanceWithCaller(Constructor.java:499)
	at java.base/java.lang.reflect.Constructor.newInstance(Constructor.java:480)
	at org.openqa.selenium.remote.codec.w3c.W3CHttpResponseCodec.createException(W3CHttpResponseCodec.java:200)
	at org.openqa.selenium.remote.codec.w3c.W3CHttpResponseCodec.decode(W3CHttpResponseCodec.java:133)
	at org.openqa.selenium.remote.codec.w3c.W3CHttpResponseCodec.decode(W3CHttpResponseCodec.java:53)
	at org.openqa.selenium.remote.HttpCommandExecutor.execute(HttpCommandExecutor.java:184)
	at org.openqa.selenium.remote.service.DriverCommandExecutor.invokeExecute(DriverCommandExecutor.java:167)
	at org.openqa.selenium.remote.service.DriverCommandExecutor.execute(DriverCommandExecutor.java:142)
	at org.openqa.selenium.remote.RemoteWebDriver.execute(RemoteWebDriver.java:567)
	at org.openqa.selenium.remote.ElementLocation$ElementFinder$2.findElement(ElementLocation.java:162)
	at org.openqa.selenium.remote.ElementLocation.findElement(ElementLocation.java:60)
	at org.openqa.selenium.remote.RemoteWebDriver.findElement(RemoteWebDriver.java:385)
	at org.openqa.selenium.remote.RemoteWebDriver.findElement(RemoteWebDriver.java:377)
	at org.openqa.selenium.support.pagefactory.DefaultElementLocator.findElement(DefaultElementLocator.java:70)
	at org.openqa.selenium.support.pagefactory.internal.LocatingElementHandler.invoke(LocatingElementHandler.java:39)
	at jdk.proxy2/jdk.proxy2.$Proxy22.sendKeys(Unknown Source)
	at pages.PageBase.sendTxtElementTxt(PageBase.java:33)
	at pages.UserRegistrationPage.userRegisteration(UserRegistrationPage.java:58)
	at tests.userRegistrationTest.userCanTestSucessfully(userRegistrationTest.java:28)
	at java.base/jdk.internal.reflect.NativeMethodAccessorImpl.invoke0(Native Method)
	at java.base/jdk.internal.reflect.NativeMethodAccessorImpl.invoke(NativeMethodAccessorImpl.java:77)
	at java.base/jdk.internal.reflect.DelegatingMethodAccessorImpl.invoke(DelegatingMethodAccessorImpl.java:43)
	at java.base/java.lang.reflect.Method.invoke(Method.java:568)
	at org.testng.internal.invokers.MethodInvocationHelper.invokeMethod(MethodInvocationHelper.java:135)
	at org.testng.internal.invokers.TestInvoker.invokeMethod(TestInvoker.java:673)
	at org.testng.internal.invokers.TestInvoker.invokeTestMethod(TestInvoker.java:220)
	at org.testng.internal.invokers.MethodRunner.runInSequence(MethodRunner.java:50)
	at org.testng.internal.invokers.TestInvoker$MethodInvocationAgent.invoke(TestInvoker.java:945)
	at org.testng.internal.invokers.TestInvoker.invokeTestMethods(TestInvoker.java:193)
	at org.testng.internal.invokers.TestMethodWorker.invokeTestMethods(TestMethodWorker.java:146)
	at org.testng.internal.invokers.TestMethodWorker.run(TestMethodWorker.java:128)
	at java.base/java.util.ArrayList.forEach(ArrayList.java:1511)
	at org.testng.TestRunner.privateRun(TestRunner.java:808)
	at org.testng.TestRunner.run(TestRunner.java:603)
	at org.testng.SuiteRunner.runTest(SuiteRunner.java:429)
	at org.testng.SuiteRunner.runSequentially(SuiteRunner.java:423)
	at org.testng.SuiteRunner.privateRun(SuiteRunner.java:383)
	at org.testng.SuiteRunner.run(SuiteRunner.java:326)
	at org.testng.SuiteRunnerWorker.runSuite(SuiteRunnerWorker.java:52)
	at org.testng.SuiteRunnerWorker.run(SuiteRunnerWorker.java:95)
	at org.testng.TestNG.runSuitesSequentially(TestNG.java:1249)
	at org.testng.TestNG.runSuitesLocally(TestNG.java:1169)
	at org.testng.TestNG.runSuites(TestNG.java:1092)
	at org.testng.TestNG.run(TestNG.java:1060)
	at org.testng.remote.AbstractRemoteTestNG.run(AbstractRemoteTestNG.java:115)
	at org.testng.remote.RemoteTestNG.initAndRun(RemoteTestNG.java:251)
	at org.testng.remote.RemoteTestNG.main(RemoteTestNG.java:77)
</pre></div></td>
<td>6</td>
<td>tests.userRegistrationTest@7e928e2f</td></tr>
<tr>
<td title='tests.ShoppingCartTest.addQty()'><b>addQty</b><br>Test class: tests.ShoppingCartTest</td>
<td><div><pre>org.openqa.selenium.NoSuchElementException: no such element: Unable to locate element: {&quot;method&quot;:&quot;css selector&quot;,&quot;selector&quot;:&quot;#itemquantity11215&quot;}
  (Session info: chrome=100.0.4896.127)
For documentation on this error, please visit: https://selenium.dev/exceptions/#no_such_element
Build info: version: &apos;4.1.3&apos;, revision: &apos;7b1ebf28ef&apos;
System info: host: &apos;DESKTOP-COEV6PK&apos;, ip: &apos;192.168.1.7&apos;, os.name: &apos;Windows 10&apos;, os.arch: &apos;amd64&apos;, os.version: &apos;10.0&apos;, java.version: &apos;17.0.2&apos;
Driver info: org.openqa.selenium.chrome.ChromeDriver
Command: [e45445b4d7e429a28ce5e38673901e98, findElement {using=id, value=itemquantity11215}]
Capabilities {acceptInsecureCerts: false, browserName: chrome, browserVersion: 100.0.4896.127, chrome: {chromedriverVersion: 99.0.4844.51 (d537ec02474b5..., userDataDir: C:\Users\COMPUT~1\AppData\L...}, goog:chromeOptions: {debuggerAddress: localhost:61324}, javascriptEnabled: true, networkConnectionEnabled: false, pageLoadStrategy: normal, platform: WINDOWS, platformName: WINDOWS, proxy: Proxy(), se:cdp: ws://localhost:61324/devtoo..., se:cdpVersion: 100.0.4896.127, setWindowRect: true, strictFileInteractability: false, timeouts: {implicit: 0, pageLoad: 300000, script: 30000}, unhandledPromptBehavior: dismiss and notify, webauthn:extension:credBlob: true, webauthn:extension:largeBlob: true, webauthn:virtualAuthenticators: true}
Session ID: e45445b4d7e429a28ce5e38673901e98
	at org.openqa.selenium.remote.codec.w3c.W3CHttpResponseCodec.createException(W3CHttpResponseCodec.java:200)
	at org.openqa.selenium.remote.codec.w3c.W3CHttpResponseCodec.decode(W3CHttpResponseCodec.java:133)
	at org.openqa.selenium.remote.codec.w3c.W3CHttpResponseCodec.decode(W3CHttpResponseCodec.java:53)
	at org.openqa.selenium.remote.HttpCommandExecutor.execute(HttpCommandExecutor.java:184)
	at org.openqa.selenium.remote.service.DriverCommandExecutor.invokeExecute(DriverCommandExecutor.java:167)
	at org.openqa.selenium.remote.service.DriverCommandExecutor.execute(DriverCommandExecutor.java:142)
	at org.openqa.selenium.remote.RemoteWebDriver.execute(RemoteWebDriver.java:567)
	at org.openqa.selenium.remote.ElementLocation$ElementFinder$2.findElement(ElementLocation.java:162)
	at org.openqa.selenium.remote.ElementLocation.findElement(ElementLocation.java:60)
	at org.openqa.selenium.remote.RemoteWebDriver.findElement(RemoteWebDriver.java:385)
	at org.openqa.selenium.remote.RemoteWebDriver.findElement(RemoteWebDriver.java:377)
	at org.openqa.selenium.support.pagefactory.DefaultElementLocator.findElement(DefaultElementLocator.java:70)
	at org.openqa.selenium.support.pagefactory.internal.LocatingElementHandler.invoke(LocatingElementHandler.java:39)
	at jdk.proxy2/jdk.proxy2.$Proxy22.clear(Unknown Source)
	at pages.PageBase.clearElement(PageBase.java:52)
	at pages.ShoppingCartPage.addQty(ShoppingCartPage.java:48)
	at tests.ShoppingCartTest.addQty(ShoppingCartTest.java:60)
	at java.base/java.util.ArrayList.forEach(ArrayList.java:1511)
... Removed 32 stack frames</pre></div><a href='#' onClick='toggleBox("stack-trace864078397", this, "Click to show all stack frames", "Click to hide stack frames")'>Click to show all stack frames</a>
<div class='stack-trace' id='stack-trace864078397'><pre>org.openqa.selenium.NoSuchElementException: no such element: Unable to locate element: {&quot;method&quot;:&quot;css selector&quot;,&quot;selector&quot;:&quot;#itemquantity11215&quot;}
  (Session info: chrome=100.0.4896.127)
For documentation on this error, please visit: https://selenium.dev/exceptions/#no_such_element
Build info: version: &apos;4.1.3&apos;, revision: &apos;7b1ebf28ef&apos;
System info: host: &apos;DESKTOP-COEV6PK&apos;, ip: &apos;192.168.1.7&apos;, os.name: &apos;Windows 10&apos;, os.arch: &apos;amd64&apos;, os.version: &apos;10.0&apos;, java.version: &apos;17.0.2&apos;
Driver info: org.openqa.selenium.chrome.ChromeDriver
Command: [e45445b4d7e429a28ce5e38673901e98, findElement {using=id, value=itemquantity11215}]
Capabilities {acceptInsecureCerts: false, browserName: chrome, browserVersion: 100.0.4896.127, chrome: {chromedriverVersion: 99.0.4844.51 (d537ec02474b5..., userDataDir: C:\Users\COMPUT~1\AppData\L...}, goog:chromeOptions: {debuggerAddress: localhost:61324}, javascriptEnabled: true, networkConnectionEnabled: false, pageLoadStrategy: normal, platform: WINDOWS, platformName: WINDOWS, proxy: Proxy(), se:cdp: ws://localhost:61324/devtoo..., se:cdpVersion: 100.0.4896.127, setWindowRect: true, strictFileInteractability: false, timeouts: {implicit: 0, pageLoad: 300000, script: 30000}, unhandledPromptBehavior: dismiss and notify, webauthn:extension:credBlob: true, webauthn:extension:largeBlob: true, webauthn:virtualAuthenticators: true}
Session ID: e45445b4d7e429a28ce5e38673901e98
	at java.base/jdk.internal.reflect.NativeConstructorAccessorImpl.newInstance0(Native Method)
	at java.base/jdk.internal.reflect.NativeConstructorAccessorImpl.newInstance(NativeConstructorAccessorImpl.java:77)
	at java.base/jdk.internal.reflect.DelegatingConstructorAccessorImpl.newInstance(DelegatingConstructorAccessorImpl.java:45)
	at java.base/java.lang.reflect.Constructor.newInstanceWithCaller(Constructor.java:499)
	at java.base/java.lang.reflect.Constructor.newInstance(Constructor.java:480)
	at org.openqa.selenium.remote.codec.w3c.W3CHttpResponseCodec.createException(W3CHttpResponseCodec.java:200)
	at org.openqa.selenium.remote.codec.w3c.W3CHttpResponseCodec.decode(W3CHttpResponseCodec.java:133)
	at org.openqa.selenium.remote.codec.w3c.W3CHttpResponseCodec.decode(W3CHttpResponseCodec.java:53)
	at org.openqa.selenium.remote.HttpCommandExecutor.execute(HttpCommandExecutor.java:184)
	at org.openqa.selenium.remote.service.DriverCommandExecutor.invokeExecute(DriverCommandExecutor.java:167)
	at org.openqa.selenium.remote.service.DriverCommandExecutor.execute(DriverCommandExecutor.java:142)
	at org.openqa.selenium.remote.RemoteWebDriver.execute(RemoteWebDriver.java:567)
	at org.openqa.selenium.remote.ElementLocation$ElementFinder$2.findElement(ElementLocation.java:162)
	at org.openqa.selenium.remote.ElementLocation.findElement(ElementLocation.java:60)
	at org.openqa.selenium.remote.RemoteWebDriver.findElement(RemoteWebDriver.java:385)
	at org.openqa.selenium.remote.RemoteWebDriver.findElement(RemoteWebDriver.java:377)
	at org.openqa.selenium.support.pagefactory.DefaultElementLocator.findElement(DefaultElementLocator.java:70)
	at org.openqa.selenium.support.pagefactory.internal.LocatingElementHandler.invoke(LocatingElementHandler.java:39)
	at jdk.proxy2/jdk.proxy2.$Proxy22.clear(Unknown Source)
	at pages.PageBase.clearElement(PageBase.java:52)
	at pages.ShoppingCartPage.addQty(ShoppingCartPage.java:48)
	at tests.ShoppingCartTest.addQty(ShoppingCartTest.java:60)
	at java.base/jdk.internal.reflect.NativeMethodAccessorImpl.invoke0(Native Method)
	at java.base/jdk.internal.reflect.NativeMethodAccessorImpl.invoke(NativeMethodAccessorImpl.java:77)
	at java.base/jdk.internal.reflect.DelegatingMethodAccessorImpl.invoke(DelegatingMethodAccessorImpl.java:43)
	at java.base/java.lang.reflect.Method.invoke(Method.java:568)
	at org.testng.internal.invokers.MethodInvocationHelper.invokeMethod(MethodInvocationHelper.java:135)
	at org.testng.internal.invokers.TestInvoker.invokeMethod(TestInvoker.java:673)
	at org.testng.internal.invokers.TestInvoker.invokeTestMethod(TestInvoker.java:220)
	at org.testng.internal.invokers.MethodRunner.runInSequence(MethodRunner.java:50)
	at org.testng.internal.invokers.TestInvoker$MethodInvocationAgent.invoke(TestInvoker.java:945)
	at org.testng.internal.invokers.TestInvoker.invokeTestMethods(TestInvoker.java:193)
	at org.testng.internal.invokers.TestMethodWorker.invokeTestMethods(TestMethodWorker.java:146)
	at org.testng.internal.invokers.TestMethodWorker.run(TestMethodWorker.java:128)
	at java.base/java.util.ArrayList.forEach(ArrayList.java:1511)
	at org.testng.TestRunner.privateRun(TestRunner.java:808)
	at org.testng.TestRunner.run(TestRunner.java:603)
	at org.testng.SuiteRunner.runTest(SuiteRunner.java:429)
	at org.testng.SuiteRunner.runSequentially(SuiteRunner.java:423)
	at org.testng.SuiteRunner.privateRun(SuiteRunner.java:383)
	at org.testng.SuiteRunner.run(SuiteRunner.java:326)
	at org.testng.SuiteRunnerWorker.runSuite(SuiteRunnerWorker.java:52)
	at org.testng.SuiteRunnerWorker.run(SuiteRunnerWorker.java:95)
	at org.testng.TestNG.runSuitesSequentially(TestNG.java:1249)
	at org.testng.TestNG.runSuitesLocally(TestNG.java:1169)
	at org.testng.TestNG.runSuites(TestNG.java:1092)
	at org.testng.TestNG.run(TestNG.java:1060)
	at org.testng.remote.AbstractRemoteTestNG.run(AbstractRemoteTestNG.java:115)
	at org.testng.remote.RemoteTestNG.initAndRun(RemoteTestNG.java:251)
	at org.testng.remote.RemoteTestNG.main(RemoteTestNG.java:77)
</pre></div></td>
<td>5</td>
<td>tests.ShoppingCartTest@57eda880</td></tr>
<tr>
<td title='tests.userLoginTest.completeOrder()'><b>completeOrder</b><br>Test class: tests.userLoginTest</td>
<td><div><pre>org.openqa.selenium.ElementClickInterceptedException: element click intercepted: Element &lt;img alt=&quot;nopCommerce demo store&quot; src=&quot;https://demo.nopcommerce.com/Themes/DefaultClean/Content/images/logo.png&quot;&gt; is not clickable at point (284, 25). Other element would receive the click: &lt;a href=&quot;/compareproducts&quot;&gt;...&lt;/a&gt;
  (Session info: chrome=100.0.4896.127)
Build info: version: &apos;4.1.3&apos;, revision: &apos;7b1ebf28ef&apos;
System info: host: &apos;DESKTOP-COEV6PK&apos;, ip: &apos;192.168.1.7&apos;, os.name: &apos;Windows 10&apos;, os.arch: &apos;amd64&apos;, os.version: &apos;10.0&apos;, java.version: &apos;17.0.2&apos;
Driver info: org.openqa.selenium.chrome.ChromeDriver
Command: [e45445b4d7e429a28ce5e38673901e98, clickElement {id=560f1059-2ed0-4e71-9569-4af433980cb3}]
Capabilities {acceptInsecureCerts: false, browserName: chrome, browserVersion: 100.0.4896.127, chrome: {chromedriverVersion: 99.0.4844.51 (d537ec02474b5..., userDataDir: C:\Users\COMPUT~1\AppData\L...}, goog:chromeOptions: {debuggerAddress: localhost:61324}, javascriptEnabled: true, networkConnectionEnabled: false, pageLoadStrategy: normal, platform: WINDOWS, platformName: WINDOWS, proxy: Proxy(), se:cdp: ws://localhost:61324/devtoo..., se:cdpVersion: 100.0.4896.127, setWindowRect: true, strictFileInteractability: false, timeouts: {implicit: 0, pageLoad: 300000, script: 30000}, unhandledPromptBehavior: dismiss and notify, webauthn:extension:credBlob: true, webauthn:extension:largeBlob: true, webauthn:virtualAuthenticators: true}
Element: [[ChromeDriver: chrome on WINDOWS (e45445b4d7e429a28ce5e38673901e98)] -&gt; xpath: /html/body/div[6]/div[1]/div[2]/div[1]/a/img]
Session ID: e45445b4d7e429a28ce5e38673901e98
	at org.openqa.selenium.remote.codec.w3c.W3CHttpResponseCodec.createException(W3CHttpResponseCodec.java:200)
	at org.openqa.selenium.remote.codec.w3c.W3CHttpResponseCodec.decode(W3CHttpResponseCodec.java:133)
	at org.openqa.selenium.remote.codec.w3c.W3CHttpResponseCodec.decode(W3CHttpResponseCodec.java:53)
	at org.openqa.selenium.remote.HttpCommandExecutor.execute(HttpCommandExecutor.java:184)
	at org.openqa.selenium.remote.service.DriverCommandExecutor.invokeExecute(DriverCommandExecutor.java:167)
	at org.openqa.selenium.remote.service.DriverCommandExecutor.execute(DriverCommandExecutor.java:142)
	at org.openqa.selenium.remote.RemoteWebDriver.execute(RemoteWebDriver.java:567)
	at org.openqa.selenium.remote.RemoteWebElement.execute(RemoteWebElement.java:251)
	at org.openqa.selenium.remote.RemoteWebElement.click(RemoteWebElement.java:77)
	at org.openqa.selenium.support.pagefactory.internal.LocatingElementHandler.invoke(LocatingElementHandler.java:52)
	at jdk.proxy2/jdk.proxy2.$Proxy22.click(Unknown Source)
	at pages.PageBase.clickButton(PageBase.java:28)
	at pages.CheckoutPage.orderCompeted(CheckoutPage.java:142)
	at tests.userLoginTest.completeOrder(userLoginTest.java:31)
	at java.base/java.util.ArrayList.forEach(ArrayList.java:1511)
... Removed 35 stack frames</pre></div><a href='#' onClick='toggleBox("stack-trace1784053627", this, "Click to show all stack frames", "Click to hide stack frames")'>Click to show all stack frames</a>
<div class='stack-trace' id='stack-trace1784053627'><pre>org.openqa.selenium.ElementClickInterceptedException: element click intercepted: Element &lt;img alt=&quot;nopCommerce demo store&quot; src=&quot;https://demo.nopcommerce.com/Themes/DefaultClean/Content/images/logo.png&quot;&gt; is not clickable at point (284, 25). Other element would receive the click: &lt;a href=&quot;/compareproducts&quot;&gt;...&lt;/a&gt;
  (Session info: chrome=100.0.4896.127)
Build info: version: &apos;4.1.3&apos;, revision: &apos;7b1ebf28ef&apos;
System info: host: &apos;DESKTOP-COEV6PK&apos;, ip: &apos;192.168.1.7&apos;, os.name: &apos;Windows 10&apos;, os.arch: &apos;amd64&apos;, os.version: &apos;10.0&apos;, java.version: &apos;17.0.2&apos;
Driver info: org.openqa.selenium.chrome.ChromeDriver
Command: [e45445b4d7e429a28ce5e38673901e98, clickElement {id=560f1059-2ed0-4e71-9569-4af433980cb3}]
Capabilities {acceptInsecureCerts: false, browserName: chrome, browserVersion: 100.0.4896.127, chrome: {chromedriverVersion: 99.0.4844.51 (d537ec02474b5..., userDataDir: C:\Users\COMPUT~1\AppData\L...}, goog:chromeOptions: {debuggerAddress: localhost:61324}, javascriptEnabled: true, networkConnectionEnabled: false, pageLoadStrategy: normal, platform: WINDOWS, platformName: WINDOWS, proxy: Proxy(), se:cdp: ws://localhost:61324/devtoo..., se:cdpVersion: 100.0.4896.127, setWindowRect: true, strictFileInteractability: false, timeouts: {implicit: 0, pageLoad: 300000, script: 30000}, unhandledPromptBehavior: dismiss and notify, webauthn:extension:credBlob: true, webauthn:extension:largeBlob: true, webauthn:virtualAuthenticators: true}
Element: [[ChromeDriver: chrome on WINDOWS (e45445b4d7e429a28ce5e38673901e98)] -&gt; xpath: /html/body/div[6]/div[1]/div[2]/div[1]/a/img]
Session ID: e45445b4d7e429a28ce5e38673901e98
	at java.base/jdk.internal.reflect.NativeConstructorAccessorImpl.newInstance0(Native Method)
	at java.base/jdk.internal.reflect.NativeConstructorAccessorImpl.newInstance(NativeConstructorAccessorImpl.java:77)
	at java.base/jdk.internal.reflect.DelegatingConstructorAccessorImpl.newInstance(DelegatingConstructorAccessorImpl.java:45)
	at java.base/java.lang.reflect.Constructor.newInstanceWithCaller(Constructor.java:499)
	at java.base/java.lang.reflect.Constructor.newInstance(Constructor.java:480)
	at org.openqa.selenium.remote.codec.w3c.W3CHttpResponseCodec.createException(W3CHttpResponseCodec.java:200)
	at org.openqa.selenium.remote.codec.w3c.W3CHttpResponseCodec.decode(W3CHttpResponseCodec.java:133)
	at org.openqa.selenium.remote.codec.w3c.W3CHttpResponseCodec.decode(W3CHttpResponseCodec.java:53)
	at org.openqa.selenium.remote.HttpCommandExecutor.execute(HttpCommandExecutor.java:184)
	at org.openqa.selenium.remote.service.DriverCommandExecutor.invokeExecute(DriverCommandExecutor.java:167)
	at org.openqa.selenium.remote.service.DriverCommandExecutor.execute(DriverCommandExecutor.java:142)
	at org.openqa.selenium.remote.RemoteWebDriver.execute(RemoteWebDriver.java:567)
	at org.openqa.selenium.remote.RemoteWebElement.execute(RemoteWebElement.java:251)
	at org.openqa.selenium.remote.RemoteWebElement.click(RemoteWebElement.java:77)
	at jdk.internal.reflect.GeneratedMethodAccessor2.invoke(Unknown Source)
	at java.base/jdk.internal.reflect.DelegatingMethodAccessorImpl.invoke(DelegatingMethodAccessorImpl.java:43)
	at java.base/java.lang.reflect.Method.invoke(Method.java:568)
	at org.openqa.selenium.support.pagefactory.internal.LocatingElementHandler.invoke(LocatingElementHandler.java:52)
	at jdk.proxy2/jdk.proxy2.$Proxy22.click(Unknown Source)
	at pages.PageBase.clickButton(PageBase.java:28)
	at pages.CheckoutPage.orderCompeted(CheckoutPage.java:142)
	at tests.userLoginTest.completeOrder(userLoginTest.java:31)
	at java.base/jdk.internal.reflect.NativeMethodAccessorImpl.invoke0(Native Method)
	at java.base/jdk.internal.reflect.NativeMethodAccessorImpl.invoke(NativeMethodAccessorImpl.java:77)
	at java.base/jdk.internal.reflect.DelegatingMethodAccessorImpl.invoke(DelegatingMethodAccessorImpl.java:43)
	at java.base/java.lang.reflect.Method.invoke(Method.java:568)
	at org.testng.internal.invokers.MethodInvocationHelper.invokeMethod(MethodInvocationHelper.java:135)
	at org.testng.internal.invokers.TestInvoker.invokeMethod(TestInvoker.java:673)
	at org.testng.internal.invokers.TestInvoker.invokeTestMethod(TestInvoker.java:220)
	at org.testng.internal.invokers.MethodRunner.runInSequence(MethodRunner.java:50)
	at org.testng.internal.invokers.TestInvoker$MethodInvocationAgent.invoke(TestInvoker.java:945)
	at org.testng.internal.invokers.TestInvoker.invokeTestMethods(TestInvoker.java:193)
	at org.testng.internal.invokers.TestMethodWorker.invokeTestMethods(TestMethodWorker.java:146)
	at org.testng.internal.invokers.TestMethodWorker.run(TestMethodWorker.java:128)
	at java.base/java.util.ArrayList.forEach(ArrayList.java:1511)
	at org.testng.TestRunner.privateRun(TestRunner.java:808)
	at org.testng.TestRunner.run(TestRunner.java:603)
	at org.testng.SuiteRunner.runTest(SuiteRunner.java:429)
	at org.testng.SuiteRunner.runSequentially(SuiteRunner.java:423)
	at org.testng.SuiteRunner.privateRun(SuiteRunner.java:383)
	at org.testng.SuiteRunner.run(SuiteRunner.java:326)
	at org.testng.SuiteRunnerWorker.runSuite(SuiteRunnerWorker.java:52)
	at org.testng.SuiteRunnerWorker.run(SuiteRunnerWorker.java:95)
	at org.testng.TestNG.runSuitesSequentially(TestNG.java:1249)
	at org.testng.TestNG.runSuitesLocally(TestNG.java:1169)
	at org.testng.TestNG.runSuites(TestNG.java:1092)
	at org.testng.TestNG.run(TestNG.java:1060)
	at org.testng.remote.AbstractRemoteTestNG.run(AbstractRemoteTestNG.java:115)
	at org.testng.remote.RemoteTestNG.initAndRun(RemoteTestNG.java:251)
	at org.testng.remote.RemoteTestNG.main(RemoteTestNG.java:77)
</pre></div></td>
<td>1</td>
<td>tests.userLoginTest@2262b621</td></tr>
</table><p>
<table width='100%' border='1' class='invocation-passed'>
<tr><td colspan='4' align='center'><b>PASSED TESTS</b></td></tr>
<tr><td><b>Test method</b></td>
<td width="30%"><b>Exception</b></td>
<td width="10%"><b>Time (seconds)</b></td>
<td><b>Instance</b></td>
</tr>
<tr>
<td title='tests.JewelerytSortByTest.completeOrder()'><b>completeOrder</b><br>Test class: tests.JewelerytSortByTest</td>
<td></td>
<td>0</td>
<td>tests.JewelerytSortByTest@7c209437</td></tr>
<tr>
<td title='tests.WishlistTset.openwishlistPage()'><b>openwishlistPage</b><br>Test class: tests.WishlistTset</td>
<td></td>
<td>0</td>
<td>tests.WishlistTset@53d1b9b3</td></tr>
<tr>
<td title='tests.ComparisonTest.usercanAddSecondItemToproduct()'><b>usercanAddSecondItemToproduct</b><br>Test class: tests.ComparisonTest</td>
<td></td>
<td>5</td>
<td>tests.ComparisonTest@2b5825fa</td></tr>
<tr>
<td title='tests.ReviewTest.userCanLogout()'><b>userCanLogout</b><br>Test class: tests.ReviewTest</td>
<td></td>
<td>0</td>
<td>tests.ReviewTest@565b064f</td></tr>
<tr>
<td title='tests.CheckoutAsGuestTest.fillBillingAddress()'><b>fillBillingAddress</b><br>Test class: tests.CheckoutAsGuestTest</td>
<td></td>
<td>0</td>
<td>tests.CheckoutAsGuestTest@f667fe</td></tr>
<tr>
<td title='tests.EmailFriendTest.completeOrder()'><b>completeOrder</b><br>Test class: tests.EmailFriendTest</td>
<td></td>
<td>0</td>
<td>tests.EmailFriendTest@4504d271</td></tr>
<tr>
<td title='tests.EmailFriendTest.userEmailFriendSucsessfully()'><b>userEmailFriendSucsessfully</b><br>Test class: tests.EmailFriendTest</td>
<td></td>
<td>1</td>
<td>tests.EmailFriendTest@4504d271</td></tr>
<tr>
<td title='tests.ComparisonTest.removeCoparisonProducts()'><b>removeCoparisonProducts</b><br>Test class: tests.ComparisonTest</td>
<td></td>
<td>1</td>
<td>tests.ComparisonTest@2b5825fa</td></tr>
<tr>
<td title='tests.CheckoutAsGuestTest.completeOrder()'><b>completeOrder</b><br>Test class: tests.CheckoutAsGuestTest</td>
<td></td>
<td>0</td>
<td>tests.CheckoutAsGuestTest@f667fe</td></tr>
<tr>
<td title='tests.ShoppingCartTest.userCanSearchForProduct()'><b>userCanSearchForProduct</b><br>Test class: tests.ShoppingCartTest</td>
<td></td>
<td>2</td>
<td>tests.ShoppingCartTest@57eda880</td></tr>
<tr>
<td title='tests.JewelerytSortByTest.userChangeSortionSucsessfully()'><b>userChangeSortionSucsessfully</b><br>Test class: tests.JewelerytSortByTest</td>
<td></td>
<td>1</td>
<td>tests.JewelerytSortByTest@7c209437</td></tr>
<tr>
<td title='tests.ShoppingCartTest.completeOrder()'><b>completeOrder</b><br>Test class: tests.ShoppingCartTest</td>
<td></td>
<td>0</td>
<td>tests.ShoppingCartTest@57eda880</td></tr>
<tr>
<td title='tests.hoverMenuTset.completeOrder()'><b>completeOrder</b><br>Test class: tests.hoverMenuTset</td>
<td></td>
<td>0</td>
<td>tests.hoverMenuTset@207b8649</td></tr>
<tr>
<td title='tests.SearchProductTest.completeOrder()'><b>completeOrder</b><br>Test class: tests.SearchProductTest</td>
<td></td>
<td>0</td>
<td>tests.SearchProductTest@65b3a85a</td></tr>
<tr>
<td title='tests.ReviewTest.completeOrder()'><b>completeOrder</b><br>Test class: tests.ReviewTest</td>
<td></td>
<td>0</td>
<td>tests.ReviewTest@565b064f</td></tr>
<tr>
<td title='tests.ReviewTest.userCanRegiset()'><b>userCanRegiset</b><br>Test class: tests.ReviewTest</td>
<td></td>
<td>2</td>
<td>tests.ReviewTest@565b064f</td></tr>
<tr>
<td title='tests.CheckoutAsGuestTest.userAddProductToCart()'><b>userAddProductToCart</b><br>Test class: tests.CheckoutAsGuestTest</td>
<td></td>
<td>0</td>
<td>tests.CheckoutAsGuestTest@f667fe</td></tr>
<tr>
<td title='tests.CheckoutAsGuestTest.openCart()'><b>openCart</b><br>Test class: tests.CheckoutAsGuestTest</td>
<td></td>
<td>1</td>
<td>tests.CheckoutAsGuestTest@f667fe</td></tr>
<tr>
<td title='tests.CheckoutAsGuestTest.PaymentInformation()'><b>PaymentInformation</b><br>Test class: tests.CheckoutAsGuestTest</td>
<td></td>
<td>0</td>
<td>tests.CheckoutAsGuestTest@f667fe</td></tr>
<tr>
<td title='tests.CheckoutAsGuestTest.openOrderDetailslink()'><b>openOrderDetailslink</b><br>Test class: tests.CheckoutAsGuestTest</td>
<td></td>
<td>2</td>
<td>tests.CheckoutAsGuestTest@f667fe</td></tr>
<tr>
<td title='tests.ReviewTest.userAddReview()'><b>userAddReview</b><br>Test class: tests.ReviewTest</td>
<td></td>
<td>1</td>
<td>tests.ReviewTest@565b064f</td></tr>
<tr>
<td title='tests.SearchProductByAutocompleteTest.completeOrder()'><b>completeOrder</b><br>Test class: tests.SearchProductByAutocompleteTest</td>
<td></td>
<td>0</td>
<td>tests.SearchProductByAutocompleteTest@163d04ff</td></tr>
<tr>
<td title='tests.CheckoutAsGuestTest.opencheckoutpage()'><b>opencheckoutpage</b><br>Test class: tests.CheckoutAsGuestTest</td>
<td></td>
<td>2</td>
<td>tests.CheckoutAsGuestTest@f667fe</td></tr>
<tr>
<td title='tests.ComparisonTest.completeOrder()'><b>completeOrder</b><br>Test class: tests.ComparisonTest</td>
<td></td>
<td>0</td>
<td>tests.ComparisonTest@2b5825fa</td></tr>
<tr>
<td title='tests.hoverMenuTset.userOpennootbookspage()'><b>userOpennootbookspage</b><br>Test class: tests.hoverMenuTset</td>
<td></td>
<td>2</td>
<td>tests.hoverMenuTset@207b8649</td></tr>
<tr>
<td title='tests.CheckoutAsGuestTest.printOrder()'><b>printOrder</b><br>Test class: tests.CheckoutAsGuestTest</td>
<td></td>
<td>0</td>
<td>tests.CheckoutAsGuestTest@f667fe</td></tr>
<tr>
<td title='tests.WishlistTset.searchForproduct()'><b>searchForproduct</b><br>Test class: tests.WishlistTset</td>
<td></td>
<td>1</td>
<td>tests.WishlistTset@53d1b9b3</td></tr>
<tr>
<td title='tests.CheckoutAsGuestTest.groundShippingMethod()'><b>groundShippingMethod</b><br>Test class: tests.CheckoutAsGuestTest</td>
<td></td>
<td>0</td>
<td>tests.CheckoutAsGuestTest@f667fe</td></tr>
<tr>
<td title='tests.userRegistrationTest.completeOrder()'><b>completeOrder</b><br>Test class: tests.userRegistrationTest</td>
<td></td>
<td>0</td>
<td>tests.userRegistrationTest@7e928e2f</td></tr>
<tr>
<td title='tests.ContactUsTest.userUseContactUsQuery()'><b>userUseContactUsQuery</b><br>Test class: tests.ContactUsTest</td>
<td></td>
<td>1</td>
<td>tests.ContactUsTest@34997338</td></tr>
<tr>
<td title='tests.EmailFriendTest.searchProductUsingAutoSuggest()'><b>searchProductUsingAutoSuggest</b><br>Test class: tests.EmailFriendTest</td>
<td></td>
<td>1</td>
<td>tests.EmailFriendTest@4504d271</td></tr>
<tr>
<td title='tests.userLoginTest.userCanLoginSucesessfully()'><b>userCanLoginSucesessfully</b><br>Test class: tests.userLoginTest</td>
<td></td>
<td>1</td>
<td>tests.userLoginTest@2262b621</td></tr>
<tr>
<td title='tests.ContactUsTest.completeOrder()'><b>completeOrder</b><br>Test class: tests.ContactUsTest</td>
<td></td>
<td>0</td>
<td>tests.ContactUsTest@34997338</td></tr>
<tr>
<td title='tests.SearchProductTest.userCanSearchForProduct()'><b>userCanSearchForProduct</b><br>Test class: tests.SearchProductTest</td>
<td></td>
<td>1</td>
<td>tests.SearchProductTest@65b3a85a</td></tr>
<tr>
<td title='tests.CheckoutAsGuestTest.creditCardPaymentMethod()'><b>creditCardPaymentMethod</b><br>Test class: tests.CheckoutAsGuestTest</td>
<td></td>
<td>0</td>
<td>tests.CheckoutAsGuestTest@f667fe</td></tr>
<tr>
<td title='tests.ReviewTest.userSearchProduct()'><b>userSearchProduct</b><br>Test class: tests.ReviewTest</td>
<td></td>
<td>1</td>
<td>tests.ReviewTest@565b064f</td></tr>
<tr>
<td title='tests.CurrencySelectTest.UserchangeCurrencySucsessfuly()'><b>UserchangeCurrencySucsessfuly</b><br>Test class: tests.CurrencySelectTest</td>
<td></td>
<td>1</td>
<td>tests.CurrencySelectTest@2cae1042</td></tr>
<tr>
<td title='tests.CheckoutAsGuestTest.confirmOrder()'><b>confirmOrder</b><br>Test class: tests.CheckoutAsGuestTest</td>
<td></td>
<td>0</td>
<td>tests.CheckoutAsGuestTest@f667fe</td></tr>
<tr>
<td title='tests.WishlistTset.addItemToWishist()'><b>addItemToWishist</b><br>Test class: tests.WishlistTset</td>
<td></td>
<td>0</td>
<td>tests.WishlistTset@53d1b9b3</td></tr>
<tr>
<td title='tests.ComparisonTest.usercanAddFirstItemToproduct()'><b>usercanAddFirstItemToproduct</b><br>Test class: tests.ComparisonTest</td>
<td></td>
<td>9</td>
<td>tests.ComparisonTest@2b5825fa</td></tr>
<tr>
<td title='tests.SearchProductByAutocompleteTest.searchProductUsingAutoSuggest()'><b>searchProductUsingAutoSuggest</b><br>Test class: tests.SearchProductByAutocompleteTest</td>
<td></td>
<td>2</td>
<td>tests.SearchProductByAutocompleteTest@163d04ff</td></tr>
<tr>
<td title='tests.CurrencySelectTest.completeOrder()'><b>completeOrder</b><br>Test class: tests.CurrencySelectTest</td>
<td></td>
<td>0</td>
<td>tests.CurrencySelectTest@2cae1042</td></tr>
<tr>
<td title='tests.CheckoutAsGuestTest.checkAsGuest()'><b>checkAsGuest</b><br>Test class: tests.CheckoutAsGuestTest</td>
<td></td>
<td>1</td>
<td>tests.CheckoutAsGuestTest@f667fe</td></tr>
<tr>
<td title='tests.WishlistTset.completeOrder()'><b>completeOrder</b><br>Test class: tests.WishlistTset</td>
<td></td>
<td>0</td>
<td>tests.WishlistTset@53d1b9b3</td></tr>
<tr>
<td title='tests.ShoppingCartTest.userAddProductToCart()'><b>userAddProductToCart</b><br>Test class: tests.ShoppingCartTest</td>
<td></td>
<td>0</td>
<td>tests.ShoppingCartTest@57eda880</td></tr>
<tr>
<td title='tests.CheckoutAsGuestTest.downloadInvoic()'><b>downloadInvoic</b><br>Test class: tests.CheckoutAsGuestTest</td>
<td></td>
<td>0</td>
<td>tests.CheckoutAsGuestTest@f667fe</td></tr>
<tr>
<td title='tests.CheckoutAsGuestTest.userCanSearchForProduct()'><b>userCanSearchForProduct</b><br>Test class: tests.CheckoutAsGuestTest</td>
<td></td>
<td>2</td>
<td>tests.CheckoutAsGuestTest@f667fe</td></tr>
<tr>
<td title='tests.ShoppingCartTest.openCart()'><b>openCart</b><br>Test class: tests.ShoppingCartTest</td>
<td></td>
<td>1</td>
<td>tests.ShoppingCartTest@57eda880</td></tr>
<tr>
<td title='tests.WishlistTset.removeItemFromWishlist()'><b>removeItemFromWishlist</b><br>Test class: tests.WishlistTset</td>
<td></td>
<td>0</td>
<td>tests.WishlistTset@53d1b9b3</td></tr>
<tr>
<td title='tests.ShoppingCartTest.checkingProduct()'><b>checkingProduct</b><br>Test class: tests.ShoppingCartTest</td>
<td></td>
<td>0</td>
<td>tests.ShoppingCartTest@57eda880</td></tr>
<tr>
<td title='tests.EmailFriendTest.userCanTestSucessfully()'><b>userCanTestSucessfully</b><br>Test class: tests.EmailFriendTest</td>
<td></td>
<td>2</td>
<td>tests.EmailFriendTest@4504d271</td></tr>
</table><p>
<table width='100%' border='1' class='invocation-skipped'>
<tr><td colspan='4' align='center'><b>SKIPPED TESTS</b></td></tr>
<tr><td><b>Test method</b></td>
<td width="30%"><b>Exception</b></td>
<td width="10%"><b>Time (seconds)</b></td>
<td><b>Instance</b></td>
</tr>
<tr>
<td title='tests.userRegistrationTest.userCanLogoutSucessfully()'><b>userCanLogoutSucessfully</b><br>Test class: tests.userRegistrationTest</td>
<td><div><pre>java.lang.Throwable: Method tests.userRegistrationTest.userCanLogoutSucessfully() on instance tests.userRegistrationTest@7e928e2f depends on not successfully finished methods 
[tests.userRegistrationTest.userCanTestSucessfully() on instance tests.userRegistrationTest@7e928e2f]
	at java.base/java.util.ArrayList.forEach(ArrayList.java:1511)
... Removed 18 stack frames</pre></div><a href='#' onClick='toggleBox("stack-trace2028372993", this, "Click to show all stack frames", "Click to hide stack frames")'>Click to show all stack frames</a>
<div class='stack-trace' id='stack-trace2028372993'><pre>java.lang.Throwable: Method tests.userRegistrationTest.userCanLogoutSucessfully() on instance tests.userRegistrationTest@7e928e2f depends on not successfully finished methods 
[tests.userRegistrationTest.userCanTestSucessfully() on instance tests.userRegistrationTest@7e928e2f]
	at org.testng.internal.invokers.TestInvoker.invokeTestMethods(TestInvoker.java:149)
	at org.testng.internal.invokers.TestMethodWorker.invokeTestMethods(TestMethodWorker.java:146)
	at org.testng.internal.invokers.TestMethodWorker.run(TestMethodWorker.java:128)
	at java.base/java.util.ArrayList.forEach(ArrayList.java:1511)
	at org.testng.TestRunner.privateRun(TestRunner.java:808)
	at org.testng.TestRunner.run(TestRunner.java:603)
	at org.testng.SuiteRunner.runTest(SuiteRunner.java:429)
	at org.testng.SuiteRunner.runSequentially(SuiteRunner.java:423)
	at org.testng.SuiteRunner.privateRun(SuiteRunner.java:383)
	at org.testng.SuiteRunner.run(SuiteRunner.java:326)
	at org.testng.SuiteRunnerWorker.runSuite(SuiteRunnerWorker.java:52)
	at org.testng.SuiteRunnerWorker.run(SuiteRunnerWorker.java:95)
	at org.testng.TestNG.runSuitesSequentially(TestNG.java:1249)
	at org.testng.TestNG.runSuitesLocally(TestNG.java:1169)
	at org.testng.TestNG.runSuites(TestNG.java:1092)
	at org.testng.TestNG.run(TestNG.java:1060)
	at org.testng.remote.AbstractRemoteTestNG.run(AbstractRemoteTestNG.java:115)
	at org.testng.remote.RemoteTestNG.initAndRun(RemoteTestNG.java:251)
	at org.testng.remote.RemoteTestNG.main(RemoteTestNG.java:77)
</pre></div></td>
<td>0</td>
<td>tests.userRegistrationTest@7e928e2f</td></tr>
<tr>
<td title='tests.userRegistrationTest.userCanLoginSucesessfully()'><b>userCanLoginSucesessfully</b><br>Test class: tests.userRegistrationTest</td>
<td><div><pre>java.lang.Throwable: Method tests.userRegistrationTest.userCanLoginSucesessfully() on instance tests.userRegistrationTest@7e928e2f depends on not successfully finished methods 
[tests.userRegistrationTest.userCanLogoutSucessfully() on instance tests.userRegistrationTest@7e928e2f]
	at java.base/java.util.ArrayList.forEach(ArrayList.java:1511)
... Removed 18 stack frames</pre></div><a href='#' onClick='toggleBox("stack-trace95476731", this, "Click to show all stack frames", "Click to hide stack frames")'>Click to show all stack frames</a>
<div class='stack-trace' id='stack-trace95476731'><pre>java.lang.Throwable: Method tests.userRegistrationTest.userCanLoginSucesessfully() on instance tests.userRegistrationTest@7e928e2f depends on not successfully finished methods 
[tests.userRegistrationTest.userCanLogoutSucessfully() on instance tests.userRegistrationTest@7e928e2f]
	at org.testng.internal.invokers.TestInvoker.invokeTestMethods(TestInvoker.java:149)
	at org.testng.internal.invokers.TestMethodWorker.invokeTestMethods(TestMethodWorker.java:146)
	at org.testng.internal.invokers.TestMethodWorker.run(TestMethodWorker.java:128)
	at java.base/java.util.ArrayList.forEach(ArrayList.java:1511)
	at org.testng.TestRunner.privateRun(TestRunner.java:808)
	at org.testng.TestRunner.run(TestRunner.java:603)
	at org.testng.SuiteRunner.runTest(SuiteRunner.java:429)
	at org.testng.SuiteRunner.runSequentially(SuiteRunner.java:423)
	at org.testng.SuiteRunner.privateRun(SuiteRunner.java:383)
	at org.testng.SuiteRunner.run(SuiteRunner.java:326)
	at org.testng.SuiteRunnerWorker.runSuite(SuiteRunnerWorker.java:52)
	at org.testng.SuiteRunnerWorker.run(SuiteRunnerWorker.java:95)
	at org.testng.TestNG.runSuitesSequentially(TestNG.java:1249)
	at org.testng.TestNG.runSuitesLocally(TestNG.java:1169)
	at org.testng.TestNG.runSuites(TestNG.java:1092)
	at org.testng.TestNG.run(TestNG.java:1060)
	at org.testng.remote.AbstractRemoteTestNG.run(AbstractRemoteTestNG.java:115)
	at org.testng.remote.RemoteTestNG.initAndRun(RemoteTestNG.java:251)
	at org.testng.remote.RemoteTestNG.main(RemoteTestNG.java:77)
</pre></div></td>
<td>0</td>
<td>tests.userRegistrationTest@7e928e2f</td></tr>
</table><p>
</body>
</html>