<!DOCTYPE html>

<html>
  <head>
  <meta charset='utf-8'>
  <title>TestNG reports</title>

    <link type="text/css" href="testng-reports1.css" rel="stylesheet" id="ultra" />
    <link type="text/css" href="testng-reports.css" rel="stylesheet" id="retro" disabled="false"/>
    <script type="text/javascript" src="jquery.min.js"></script>
    <script type="text/javascript" src="testng-reports.js"></script>
    <script type="text/javascript" src="https://www.google.com/jsapi"></script>
    <script type='text/javascript'>
      google.load('visualization', '1', {packages:['table']});
      google.setOnLoadCallback(drawTable);
      var suiteTableInitFunctions = new Array();
      var suiteTableData = new Array();
    </script>
    <!--
      <script type="text/javascript" src="jquery-ui/js/jquery-ui-1.8.16.custom.min.js"></script>
     -->
  </head>

  <body>
    <div class="top-banner-root">
      <span class="top-banner-title-font">Test results</span>
      <button class="button" id="button">Switch Retro Theme</button> <!-- button -->
      <br/>
      <span class="top-banner-font-1">1 suite, 8 failed tests</span>
    </div> <!-- top-banner-root -->
    <div class="navigator-root">
      <div class="navigator-suite-header">
        <span>All suites</span>
        <a href="#" class="collapse-all-link" title="Collapse/expand all the suites">
          <img class="collapse-all-icon" src="collapseall.gif">
          </img> <!-- collapse-all-icon -->
        </a> <!-- collapse-all-link -->
      </div> <!-- navigator-suite-header -->
      <div class="suite">
        <div class="rounded-window">
          <div class="suite-header light-rounded-window-top">
            <a href="#" class="navigator-link" panel-name="suite-Suite">
              <span class="suite-name border-failed">Suite</span>
            </a> <!-- navigator-link -->
          </div> <!-- suite-header light-rounded-window-top -->
          <div class="navigator-suite-content">
            <div class="suite-section-title">
              <span>Info</span>
            </div> <!-- suite-section-title -->
            <div class="suite-section-content">
              <ul>
                <li>
                  <a href="#" class="navigator-link " panel-name="test-xml-Suite">
                    <span>E:\mostafa\.1testing\tef\testng.xml</span>
                  </a> <!-- navigator-link  -->
                </li>
                <li>
                  <a href="#" class="navigator-link " panel-name="testlist-Suite">
                    <span class="test-stats">1 test</span>
                  </a> <!-- navigator-link  -->
                </li>
                <li>
                  <a href="#" class="navigator-link " panel-name="group-Suite">
                    <span>0 groups</span>
                  </a> <!-- navigator-link  -->
                </li>
                <li>
                  <a href="#" class="navigator-link " panel-name="times-Suite">
                    <span>Times</span>
                  </a> <!-- navigator-link  -->
                </li>
                <li>
                  <a href="#" class="navigator-link " panel-name="reporter-Suite">
                    <span>Reporter output</span>
                  </a> <!-- navigator-link  -->
                </li>
                <li>
                  <a href="#" class="navigator-link " panel-name="ignored-methods-Suite">
                    <span>Ignored methods</span>
                  </a> <!-- navigator-link  -->
                </li>
                <li>
                  <a href="#" class="navigator-link " panel-name="chronological-Suite">
                    <span>Chronological view</span>
                  </a> <!-- navigator-link  -->
                </li>
              </ul>
            </div> <!-- suite-section-content -->
            <div class="result-section">
              <div class="suite-section-title">
                <span>Results</span>
              </div> <!-- suite-section-title -->
              <div class="suite-section-content">
                <ul>
                  <li>
                    <span class="method-stats">56 methods, 8 failed,  22 skipped,  26 passed</span>
                  </li>
                  <li>
                    <span class="method-list-title failed">Failed methods</span>
                    <span class="show-or-hide-methods failed">
                      <a href="#" panel-name="suite-Suite" class="hide-methods failed suite-Suite"> (hide)</a> <!-- hide-methods failed suite-Suite -->
                      <a href="#" panel-name="suite-Suite" class="show-methods failed suite-Suite"> (show)</a> <!-- show-methods failed suite-Suite -->
                    </span>
                    <div class="method-list-content failed suite-Suite">
                      <span>
                        <img width="3%" src="failed.png"/>
                        <a href="#" class="method navigator-link" panel-name="suite-Suite" title="tests.userLoginTest" hash-for-method="completeOrder">completeOrder</a> <!-- method navigator-link -->
                      </span>
                      <br/>
                      <span>
                        <img width="3%" src="failed.png"/>
                        <a href="#" class="method navigator-link" panel-name="suite-Suite" title="tests.CheckoutAsGuestTest" hash-for-method="openCart">openCart</a> <!-- method navigator-link -->
                      </span>
                      <br/>
                      <span>
                        <img width="3%" src="failed.png"/>
                        <a href="#" class="method navigator-link" panel-name="suite-Suite" title="tests.ComparisonTest" hash-for-method="removeCoparisonProducts">removeCoparisonProducts</a> <!-- method navigator-link -->
                      </span>
                      <br/>
                      <span>
                        <img width="3%" src="failed.png"/>
                        <a href="#" class="method navigator-link" panel-name="suite-Suite" title="tests.ReviewTest" hash-for-method="userCanRegiset">userCanRegiset</a> <!-- method navigator-link -->
                      </span>
                      <br/>
                      <span>
                        <img width="3%" src="failed.png"/>
                        <a href="#" class="method navigator-link" panel-name="suite-Suite" title="tests.ShoppingCartTest" hash-for-method="userCanSearchForProduct">userCanSearchForProduct</a> <!-- method navigator-link -->
                      </span>
                      <br/>
                      <span>
                        <img width="3%" src="failed.png"/>
                        <a href="#" class="method navigator-link" panel-name="suite-Suite" title="tests.EmailFriendTest" hash-for-method="userCanTestSucessfully">userCanTestSucessfully</a> <!-- method navigator-link -->
                      </span>
                      <br/>
                      <span>
                        <img width="3%" src="failed.png"/>
                        <a href="#" class="method navigator-link" panel-name="suite-Suite" title="tests.userRegistrationTest" hash-for-method="userCanTestSucessfully">userCanTestSucessfully</a> <!-- method navigator-link -->
                      </span>
                      <br/>
                      <span>
                        <img width="3%" src="failed.png"/>
                        <a href="#" class="method navigator-link" panel-name="suite-Suite" title="tests.ComparisonTest" hash-for-method="usercanAddFirstItemToproduct">usercanAddFirstItemToproduct</a> <!-- method navigator-link -->
                      </span>
                      <br/>
                    </div> <!-- method-list-content failed suite-Suite -->
                  </li>
                  <li>
                    <span class="method-list-title skipped">Skipped methods</span>
                    <span class="show-or-hide-methods skipped">
                      <a href="#" panel-name="suite-Suite" class="hide-methods skipped suite-Suite"> (hide)</a> <!-- hide-methods skipped suite-Suite -->
                      <a href="#" panel-name="suite-Suite" class="show-methods skipped suite-Suite"> (show)</a> <!-- show-methods skipped suite-Suite -->
                    </span>
                    <div class="method-list-content skipped suite-Suite">
                      <span>
                        <img width="3%" src="skipped.png"/>
                        <a href="#" class="method navigator-link" panel-name="suite-Suite" title="tests.CheckoutAsGuestTest" hash-for-method="PaymentInformation">PaymentInformation</a> <!-- method navigator-link -->
                      </span>
                      <br/>
                      <span>
                        <img width="3%" src="skipped.png"/>
                        <a href="#" class="method navigator-link" panel-name="suite-Suite" title="tests.ShoppingCartTest" hash-for-method="addQty">addQty</a> <!-- method navigator-link -->
                      </span>
                      <br/>
                      <span>
                        <img width="3%" src="skipped.png"/>
                        <a href="#" class="method navigator-link" panel-name="suite-Suite" title="tests.CheckoutAsGuestTest" hash-for-method="checkAsGuest">checkAsGuest</a> <!-- method navigator-link -->
                      </span>
                      <br/>
                      <span>
                        <img width="3%" src="skipped.png"/>
                        <a href="#" class="method navigator-link" panel-name="suite-Suite" title="tests.ShoppingCartTest" hash-for-method="checkingProduct">checkingProduct</a> <!-- method navigator-link -->
                      </span>
                      <br/>
                      <span>
                        <img width="3%" src="skipped.png"/>
                        <a href="#" class="method navigator-link" panel-name="suite-Suite" title="tests.CheckoutAsGuestTest" hash-for-method="confirmOrder">confirmOrder</a> <!-- method navigator-link -->
                      </span>
                      <br/>
                      <span>
                        <img width="3%" src="skipped.png"/>
                        <a href="#" class="method navigator-link" panel-name="suite-Suite" title="tests.CheckoutAsGuestTest" hash-for-method="creditCardPaymentMethod">creditCardPaymentMethod</a> <!-- method navigator-link -->
                      </span>
                      <br/>
                      <span>
                        <img width="3%" src="skipped.png"/>
                        <a href="#" class="method navigator-link" panel-name="suite-Suite" title="tests.CheckoutAsGuestTest" hash-for-method="downloadInvoic">downloadInvoic</a> <!-- method navigator-link -->
                      </span>
                      <br/>
                      <span>
                        <img width="3%" src="skipped.png"/>
                        <a href="#" class="method navigator-link" panel-name="suite-Suite" title="tests.CheckoutAsGuestTest" hash-for-method="fillBillingAddress">fillBillingAddress</a> <!-- method navigator-link -->
                      </span>
                      <br/>
                      <span>
                        <img width="3%" src="skipped.png"/>
                        <a href="#" class="method navigator-link" panel-name="suite-Suite" title="tests.CheckoutAsGuestTest" hash-for-method="groundShippingMethod">groundShippingMethod</a> <!-- method navigator-link -->
                      </span>
                      <br/>
                      <span>
                        <img width="3%" src="skipped.png"/>
                        <a href="#" class="method navigator-link" panel-name="suite-Suite" title="tests.ShoppingCartTest" hash-for-method="openCart">openCart</a> <!-- method navigator-link -->
                      </span>
                      <br/>
                      <span>
                        <img width="3%" src="skipped.png"/>
                        <a href="#" class="method navigator-link" panel-name="suite-Suite" title="tests.CheckoutAsGuestTest" hash-for-method="openOrderDetailslink">openOrderDetailslink</a> <!-- method navigator-link -->
                      </span>
                      <br/>
                      <span>
                        <img width="3%" src="skipped.png"/>
                        <a href="#" class="method navigator-link" panel-name="suite-Suite" title="tests.CheckoutAsGuestTest" hash-for-method="opencheckoutpage">opencheckoutpage</a> <!-- method navigator-link -->
                      </span>
                      <br/>
                      <span>
                        <img width="3%" src="skipped.png"/>
                        <a href="#" class="method navigator-link" panel-name="suite-Suite" title="tests.CheckoutAsGuestTest" hash-for-method="printOrder">printOrder</a> <!-- method navigator-link -->
                      </span>
                      <br/>
                      <span>
                        <img width="3%" src="skipped.png"/>
                        <a href="#" class="method navigator-link" panel-name="suite-Suite" title="tests.EmailFriendTest" hash-for-method="searchProductUsingAutoSuggest">searchProductUsingAutoSuggest</a> <!-- method navigator-link -->
                      </span>
                      <br/>
                      <span>
                        <img width="3%" src="skipped.png"/>
                        <a href="#" class="method navigator-link" panel-name="suite-Suite" title="tests.ShoppingCartTest" hash-for-method="userAddProductToCart">userAddProductToCart</a> <!-- method navigator-link -->
                      </span>
                      <br/>
                      <span>
                        <img width="3%" src="skipped.png"/>
                        <a href="#" class="method navigator-link" panel-name="suite-Suite" title="tests.ReviewTest" hash-for-method="userAddReview">userAddReview</a> <!-- method navigator-link -->
                      </span>
                      <br/>
                      <span>
                        <img width="3%" src="skipped.png"/>
                        <a href="#" class="method navigator-link" panel-name="suite-Suite" title="tests.userRegistrationTest" hash-for-method="userCanLoginSucesessfully">userCanLoginSucesessfully</a> <!-- method navigator-link -->
                      </span>
                      <br/>
                      <span>
                        <img width="3%" src="skipped.png"/>
                        <a href="#" class="method navigator-link" panel-name="suite-Suite" title="tests.ReviewTest" hash-for-method="userCanLogout">userCanLogout</a> <!-- method navigator-link -->
                      </span>
                      <br/>
                      <span>
                        <img width="3%" src="skipped.png"/>
                        <a href="#" class="method navigator-link" panel-name="suite-Suite" title="tests.userRegistrationTest" hash-for-method="userCanLogoutSucessfully">userCanLogoutSucessfully</a> <!-- method navigator-link -->
                      </span>
                      <br/>
                      <span>
                        <img width="3%" src="skipped.png"/>
                        <a href="#" class="method navigator-link" panel-name="suite-Suite" title="tests.EmailFriendTest" hash-for-method="userEmailFriendSucsessfully">userEmailFriendSucsessfully</a> <!-- method navigator-link -->
                      </span>
                      <br/>
                      <span>
                        <img width="3%" src="skipped.png"/>
                        <a href="#" class="method navigator-link" panel-name="suite-Suite" title="tests.ReviewTest" hash-for-method="userSearchProduct">userSearchProduct</a> <!-- method navigator-link -->
                      </span>
                      <br/>
                      <span>
                        <img width="3%" src="skipped.png"/>
                        <a href="#" class="method navigator-link" panel-name="suite-Suite" title="tests.ComparisonTest" hash-for-method="usercanAddSecondItemToproduct">usercanAddSecondItemToproduct</a> <!-- method navigator-link -->
                      </span>
                      <br/>
                    </div> <!-- method-list-content skipped suite-Suite -->
                  </li>
                  <li>
                    <span class="method-list-title passed">Passed methods</span>
                    <span class="show-or-hide-methods passed">
                      <a href="#" panel-name="suite-Suite" class="hide-methods passed suite-Suite"> (hide)</a> <!-- hide-methods passed suite-Suite -->
                      <a href="#" panel-name="suite-Suite" class="show-methods passed suite-Suite"> (show)</a> <!-- show-methods passed suite-Suite -->
                    </span>
                    <div class="method-list-content passed suite-Suite">
                      <span>
                        <img width="3%" src="passed.png"/>
                        <a href="#" class="method navigator-link" panel-name="suite-Suite" title="tests.CurrencySelectTest" hash-for-method="UserchangeCurrencySucsessfuly">UserchangeCurrencySucsessfuly</a> <!-- method navigator-link -->
                      </span>
                      <br/>
                      <span>
                        <img width="3%" src="passed.png"/>
                        <a href="#" class="method navigator-link" panel-name="suite-Suite" title="tests.WishlistTset" hash-for-method="addItemToWishist">addItemToWishist</a> <!-- method navigator-link -->
                      </span>
                      <br/>
                      <span>
                        <img width="3%" src="passed.png"/>
                        <a href="#" class="method navigator-link" panel-name="suite-Suite" title="tests.WishlistTset" hash-for-method="completeOrder">completeOrder</a> <!-- method navigator-link -->
                      </span>
                      <br/>
                      <span>
                        <img width="3%" src="passed.png"/>
                        <a href="#" class="method navigator-link" panel-name="suite-Suite" title="tests.CheckoutAsGuestTest" hash-for-method="completeOrder">completeOrder</a> <!-- method navigator-link -->
                      </span>
                      <br/>
                      <span>
                        <img width="3%" src="passed.png"/>
                        <a href="#" class="method navigator-link" panel-name="suite-Suite" title="tests.hoverMenuTset" hash-for-method="completeOrder">completeOrder</a> <!-- method navigator-link -->
                      </span>
                      <br/>
                      <span>
                        <img width="3%" src="passed.png"/>
                        <a href="#" class="method navigator-link" panel-name="suite-Suite" title="tests.JewelerytSortByTest" hash-for-method="completeOrder">completeOrder</a> <!-- method navigator-link -->
                      </span>
                      <br/>
                      <span>
                        <img width="3%" src="passed.png"/>
                        <a href="#" class="method navigator-link" panel-name="suite-Suite" title="tests.ContactUsTest" hash-for-method="completeOrder">completeOrder</a> <!-- method navigator-link -->
                      </span>
                      <br/>
                      <span>
                        <img width="3%" src="passed.png"/>
                        <a href="#" class="method navigator-link" panel-name="suite-Suite" title="tests.ShoppingCartTest" hash-for-method="completeOrder">completeOrder</a> <!-- method navigator-link -->
                      </span>
                      <br/>
                      <span>
                        <img width="3%" src="passed.png"/>
                        <a href="#" class="method navigator-link" panel-name="suite-Suite" title="tests.ReviewTest" hash-for-method="completeOrder">completeOrder</a> <!-- method navigator-link -->
                      </span>
                      <br/>
                      <span>
                        <img width="3%" src="passed.png"/>
                        <a href="#" class="method navigator-link" panel-name="suite-Suite" title="tests.CurrencySelectTest" hash-for-method="completeOrder">completeOrder</a> <!-- method navigator-link -->
                      </span>
                      <br/>
                      <span>
                        <img width="3%" src="passed.png"/>
                        <a href="#" class="method navigator-link" panel-name="suite-Suite" title="tests.ComparisonTest" hash-for-method="completeOrder">completeOrder</a> <!-- method navigator-link -->
                      </span>
                      <br/>
                      <span>
                        <img width="3%" src="passed.png"/>
                        <a href="#" class="method navigator-link" panel-name="suite-Suite" title="tests.SearchProductByAutocompleteTest" hash-for-method="completeOrder">completeOrder</a> <!-- method navigator-link -->
                      </span>
                      <br/>
                      <span>
                        <img width="3%" src="passed.png"/>
                        <a href="#" class="method navigator-link" panel-name="suite-Suite" title="tests.userRegistrationTest" hash-for-method="completeOrder">completeOrder</a> <!-- method navigator-link -->
                      </span>
                      <br/>
                      <span>
                        <img width="3%" src="passed.png"/>
                        <a href="#" class="method navigator-link" panel-name="suite-Suite" title="tests.EmailFriendTest" hash-for-method="completeOrder">completeOrder</a> <!-- method navigator-link -->
                      </span>
                      <br/>
                      <span>
                        <img width="3%" src="passed.png"/>
                        <a href="#" class="method navigator-link" panel-name="suite-Suite" title="tests.SearchProductTest" hash-for-method="completeOrder">completeOrder</a> <!-- method navigator-link -->
                      </span>
                      <br/>
                      <span>
                        <img width="3%" src="passed.png"/>
                        <a href="#" class="method navigator-link" panel-name="suite-Suite" title="tests.WishlistTset" hash-for-method="openwishlistPage">openwishlistPage</a> <!-- method navigator-link -->
                      </span>
                      <br/>
                      <span>
                        <img width="3%" src="passed.png"/>
                        <a href="#" class="method navigator-link" panel-name="suite-Suite" title="tests.WishlistTset" hash-for-method="removeItemFromWishlist">removeItemFromWishlist</a> <!-- method navigator-link -->
                      </span>
                      <br/>
                      <span>
                        <img width="3%" src="passed.png"/>
                        <a href="#" class="method navigator-link" panel-name="suite-Suite" title="tests.WishlistTset" hash-for-method="searchForproduct">searchForproduct</a> <!-- method navigator-link -->
                      </span>
                      <br/>
                      <span>
                        <img width="3%" src="passed.png"/>
                        <a href="#" class="method navigator-link" panel-name="suite-Suite" title="tests.SearchProductByAutocompleteTest" hash-for-method="searchProductUsingAutoSuggest">searchProductUsingAutoSuggest</a> <!-- method navigator-link -->
                      </span>
                      <br/>
                      <span>
                        <img width="3%" src="passed.png"/>
                        <a href="#" class="method navigator-link" panel-name="suite-Suite" title="tests.CheckoutAsGuestTest" hash-for-method="userAddProductToCart">userAddProductToCart</a> <!-- method navigator-link -->
                      </span>
                      <br/>
                      <span>
                        <img width="3%" src="passed.png"/>
                        <a href="#" class="method navigator-link" panel-name="suite-Suite" title="tests.userLoginTest" hash-for-method="userCanLoginSucesessfully">userCanLoginSucesessfully</a> <!-- method navigator-link -->
                      </span>
                      <br/>
                      <span>
                        <img width="3%" src="passed.png"/>
                        <a href="#" class="method navigator-link" panel-name="suite-Suite" title="tests.SearchProductTest" hash-for-method="userCanSearchForProduct">userCanSearchForProduct</a> <!-- method navigator-link -->
                      </span>
                      <br/>
                      <span>
                        <img width="3%" src="passed.png"/>
                        <a href="#" class="method navigator-link" panel-name="suite-Suite" title="tests.CheckoutAsGuestTest" hash-for-method="userCanSearchForProduct">userCanSearchForProduct</a> <!-- method navigator-link -->
                      </span>
                      <br/>
                      <span>
                        <img width="3%" src="passed.png"/>
                        <a href="#" class="method navigator-link" panel-name="suite-Suite" title="tests.JewelerytSortByTest" hash-for-method="userChangeSortionSucsessfully">userChangeSortionSucsessfully</a> <!-- method navigator-link -->
                      </span>
                      <br/>
                      <span>
                        <img width="3%" src="passed.png"/>
                        <a href="#" class="method navigator-link" panel-name="suite-Suite" title="tests.hoverMenuTset" hash-for-method="userOpennootbookspage">userOpennootbookspage</a> <!-- method navigator-link -->
                      </span>
                      <br/>
                      <span>
                        <img width="3%" src="passed.png"/>
                        <a href="#" class="method navigator-link" panel-name="suite-Suite" title="tests.ContactUsTest" hash-for-method="userUseContactUsQuery">userUseContactUsQuery</a> <!-- method navigator-link -->
                      </span>
                      <br/>
                    </div> <!-- method-list-content passed suite-Suite -->
                  </li>
                </ul>
              </div> <!-- suite-section-content -->
            </div> <!-- result-section -->
          </div> <!-- navigator-suite-content -->
        </div> <!-- rounded-window -->
      </div> <!-- suite -->
    </div> <!-- navigator-root -->
    <div class="wrapper">
      <div class="main-panel-root">
        <div panel-name="suite-Suite" class="panel Suite">
          <div class="suite-Suite-class-failed">
            <div class="main-panel-header rounded-window-top">
              <img src="failed.png"/>
              <span class="class-name">tests.ReviewTest</span>
            </div> <!-- main-panel-header rounded-window-top -->
            <div class="main-panel-content rounded-window-bottom">
              <div class="method">
                <div class="method-content">
                  <a name="userCanRegiset">
                  </a> <!-- userCanRegiset -->
                  <span class="method-name">userCanRegiset</span>
                  <div class="stack-trace">org.openqa.selenium.NoSuchElementException: no such element: Unable to locate element: {&quot;method&quot;:&quot;css selector&quot;,&quot;selector&quot;:&quot;a.button-1.register-continue-button&quot;}
  (Session info: chrome=100.0.4896.127)
For documentation on this error, please visit: https://selenium.dev/exceptions/#no_such_element
Build info: version: &apos;4.1.3&apos;, revision: &apos;7b1ebf28ef&apos;
System info: host: &apos;DESKTOP-COEV6PK&apos;, ip: &apos;192.168.1.7&apos;, os.name: &apos;Windows 10&apos;, os.arch: &apos;amd64&apos;, os.version: &apos;10.0&apos;, java.version: &apos;1.8.0_321&apos;
Driver info: org.openqa.selenium.chrome.ChromeDriver
Command: [0827e521721be7108fb5c63347f9ca16, findElement {using=css selector, value=a.button-1.register-continue-button}]
Capabilities {acceptInsecureCerts: false, browserName: chrome, browserVersion: 100.0.4896.127, chrome: {chromedriverVersion: 99.0.4844.51 (d537ec02474b5..., userDataDir: C:\Users\COMPUT~1\AppData\L...}, goog:chromeOptions: {debuggerAddress: localhost:56894}, javascriptEnabled: true, networkConnectionEnabled: false, pageLoadStrategy: normal, platform: WINDOWS, platformName: WINDOWS, proxy: Proxy(), se:cdp: ws://localhost:56894/devtoo..., se:cdpVersion: 100.0.4896.127, setWindowRect: true, strictFileInteractability: false, timeouts: {implicit: 0, pageLoad: 300000, script: 30000}, unhandledPromptBehavior: dismiss and notify, webauthn:extension:credBlob: true, webauthn:extension:largeBlob: true, webauthn:virtualAuthenticators: true}
Session ID: 0827e521721be7108fb5c63347f9ca16
	at org.openqa.selenium.remote.codec.w3c.W3CHttpResponseCodec.createException(W3CHttpResponseCodec.java:200)
	at org.openqa.selenium.remote.codec.w3c.W3CHttpResponseCodec.decode(W3CHttpResponseCodec.java:133)
	at org.openqa.selenium.remote.codec.w3c.W3CHttpResponseCodec.decode(W3CHttpResponseCodec.java:53)
	at org.openqa.selenium.remote.HttpCommandExecutor.execute(HttpCommandExecutor.java:184)
	at org.openqa.selenium.remote.service.DriverCommandExecutor.invokeExecute(DriverCommandExecutor.java:167)
	at org.openqa.selenium.remote.service.DriverCommandExecutor.execute(DriverCommandExecutor.java:142)
	at org.openqa.selenium.remote.RemoteWebDriver.execute(RemoteWebDriver.java:567)
	at org.openqa.selenium.remote.ElementLocation$ElementFinder$2.findElement(ElementLocation.java:162)
	at org.openqa.selenium.remote.ElementLocation.findElement(ElementLocation.java:60)
	at org.openqa.selenium.remote.RemoteWebDriver.findElement(RemoteWebDriver.java:385)
	at org.openqa.selenium.remote.RemoteWebDriver.findElement(RemoteWebDriver.java:377)
	at org.openqa.selenium.support.pagefactory.DefaultElementLocator.findElement(DefaultElementLocator.java:70)
	at org.openqa.selenium.support.pagefactory.internal.LocatingElementHandler.invoke(LocatingElementHandler.java:39)
	at com.sun.proxy.$Proxy19.click(Unknown Source)
	at pages.PageBase.clickButton(PageBase.java:28)
	at pages.UserRegistrationPage.userRegisteration(UserRegistrationPage.java:61)
	at tests.ReviewTest.userCanRegiset(ReviewTest.java:27)
	at java.util.ArrayList.forEach(ArrayList.java:1259)
... Removed 35 stack frames
</div> <!-- stack-trace -->
                </div> <!-- method-content -->
              </div> <!-- method -->
            </div> <!-- main-panel-content rounded-window-bottom -->
          </div> <!-- suite-Suite-class-failed -->
          <div class="suite-Suite-class-failed">
            <div class="main-panel-header rounded-window-top">
              <img src="failed.png"/>
              <span class="class-name">tests.userRegistrationTest</span>
            </div> <!-- main-panel-header rounded-window-top -->
            <div class="main-panel-content rounded-window-bottom">
              <div class="method">
                <div class="method-content">
                  <a name="userCanTestSucessfully">
                  </a> <!-- userCanTestSucessfully -->
                  <span class="method-name">userCanTestSucessfully</span>
                  <div class="stack-trace">org.openqa.selenium.NoSuchElementException: no such element: Unable to locate element: {&quot;method&quot;:&quot;xpath&quot;,&quot;selector&quot;:&quot;/html/body/div[6]/div[1]/div[1]/div[2]/div[1]/ul/li[1]/a&quot;}
  (Session info: chrome=100.0.4896.127)
For documentation on this error, please visit: https://selenium.dev/exceptions/#no_such_element
Build info: version: &apos;4.1.3&apos;, revision: &apos;7b1ebf28ef&apos;
System info: host: &apos;DESKTOP-COEV6PK&apos;, ip: &apos;192.168.1.7&apos;, os.name: &apos;Windows 10&apos;, os.arch: &apos;amd64&apos;, os.version: &apos;10.0&apos;, java.version: &apos;1.8.0_321&apos;
Driver info: org.openqa.selenium.chrome.ChromeDriver
Command: [0827e521721be7108fb5c63347f9ca16, findElement {using=xpath, value=/html/body/div[6]/div[1]/div[1]/div[2]/div[1]/ul/li[1]/a}]
Capabilities {acceptInsecureCerts: false, browserName: chrome, browserVersion: 100.0.4896.127, chrome: {chromedriverVersion: 99.0.4844.51 (d537ec02474b5..., userDataDir: C:\Users\COMPUT~1\AppData\L...}, goog:chromeOptions: {debuggerAddress: localhost:56894}, javascriptEnabled: true, networkConnectionEnabled: false, pageLoadStrategy: normal, platform: WINDOWS, platformName: WINDOWS, proxy: Proxy(), se:cdp: ws://localhost:56894/devtoo..., se:cdpVersion: 100.0.4896.127, setWindowRect: true, strictFileInteractability: false, timeouts: {implicit: 0, pageLoad: 300000, script: 30000}, unhandledPromptBehavior: dismiss and notify, webauthn:extension:credBlob: true, webauthn:extension:largeBlob: true, webauthn:virtualAuthenticators: true}
Session ID: 0827e521721be7108fb5c63347f9ca16
	at org.openqa.selenium.remote.codec.w3c.W3CHttpResponseCodec.createException(W3CHttpResponseCodec.java:200)
	at org.openqa.selenium.remote.codec.w3c.W3CHttpResponseCodec.decode(W3CHttpResponseCodec.java:133)
	at org.openqa.selenium.remote.codec.w3c.W3CHttpResponseCodec.decode(W3CHttpResponseCodec.java:53)
	at org.openqa.selenium.remote.HttpCommandExecutor.execute(HttpCommandExecutor.java:184)
	at org.openqa.selenium.remote.service.DriverCommandExecutor.invokeExecute(DriverCommandExecutor.java:167)
	at org.openqa.selenium.remote.service.DriverCommandExecutor.execute(DriverCommandExecutor.java:142)
	at org.openqa.selenium.remote.RemoteWebDriver.execute(RemoteWebDriver.java:567)
	at org.openqa.selenium.remote.ElementLocation$ElementFinder$2.findElement(ElementLocation.java:162)
	at org.openqa.selenium.remote.ElementLocation.findElement(ElementLocation.java:60)
	at org.openqa.selenium.remote.RemoteWebDriver.findElement(RemoteWebDriver.java:385)
	at org.openqa.selenium.remote.RemoteWebDriver.findElement(RemoteWebDriver.java:377)
	at org.openqa.selenium.support.pagefactory.DefaultElementLocator.findElement(DefaultElementLocator.java:70)
	at org.openqa.selenium.support.pagefactory.internal.LocatingElementHandler.invoke(LocatingElementHandler.java:39)
	at com.sun.proxy.$Proxy19.click(Unknown Source)
	at pages.PageBase.clickButton(PageBase.java:28)
	at pages.HomePage.openRegisterPage(HomePage.java:47)
	at tests.userRegistrationTest.userCanTestSucessfully(userRegistrationTest.java:26)
	at java.util.ArrayList.forEach(ArrayList.java:1259)
... Removed 35 stack frames
</div> <!-- stack-trace -->
                </div> <!-- method-content -->
              </div> <!-- method -->
            </div> <!-- main-panel-content rounded-window-bottom -->
          </div> <!-- suite-Suite-class-failed -->
          <div class="suite-Suite-class-failed">
            <div class="main-panel-header rounded-window-top">
              <img src="failed.png"/>
              <span class="class-name">tests.ShoppingCartTest</span>
            </div> <!-- main-panel-header rounded-window-top -->
            <div class="main-panel-content rounded-window-bottom">
              <div class="method">
                <div class="method-content">
                  <a name="userCanSearchForProduct">
                  </a> <!-- userCanSearchForProduct -->
                  <span class="method-name">userCanSearchForProduct</span>
                  <div class="stack-trace">org.openqa.selenium.ElementNotInteractableException: element not interactable
  (Session info: chrome=100.0.4896.127)
Build info: version: &apos;4.1.3&apos;, revision: &apos;7b1ebf28ef&apos;
System info: host: &apos;DESKTOP-COEV6PK&apos;, ip: &apos;192.168.1.7&apos;, os.name: &apos;Windows 10&apos;, os.arch: &apos;amd64&apos;, os.version: &apos;10.0&apos;, java.version: &apos;1.8.0_321&apos;
Driver info: org.openqa.selenium.chrome.ChromeDriver
Command: [0827e521721be7108fb5c63347f9ca16, clickElement {id=9de77dcb-bcf6-4b24-8a7d-d265d518e02d}]
Capabilities {acceptInsecureCerts: false, browserName: chrome, browserVersion: 100.0.4896.127, chrome: {chromedriverVersion: 99.0.4844.51 (d537ec02474b5..., userDataDir: C:\Users\COMPUT~1\AppData\L...}, goog:chromeOptions: {debuggerAddress: localhost:56894}, javascriptEnabled: true, networkConnectionEnabled: false, pageLoadStrategy: normal, platform: WINDOWS, platformName: WINDOWS, proxy: Proxy(), se:cdp: ws://localhost:56894/devtoo..., se:cdpVersion: 100.0.4896.127, setWindowRect: true, strictFileInteractability: false, timeouts: {implicit: 0, pageLoad: 300000, script: 30000}, unhandledPromptBehavior: dismiss and notify, webauthn:extension:credBlob: true, webauthn:extension:largeBlob: true, webauthn:virtualAuthenticators: true}
Element: [[ChromeDriver: chrome on WINDOWS (0827e521721be7108fb5c63347f9ca16)] -&gt; id: ui-id-1]
Session ID: 0827e521721be7108fb5c63347f9ca16
	at org.openqa.selenium.remote.codec.w3c.W3CHttpResponseCodec.createException(W3CHttpResponseCodec.java:200)
	at org.openqa.selenium.remote.codec.w3c.W3CHttpResponseCodec.decode(W3CHttpResponseCodec.java:133)
	at org.openqa.selenium.remote.codec.w3c.W3CHttpResponseCodec.decode(W3CHttpResponseCodec.java:53)
	at org.openqa.selenium.remote.HttpCommandExecutor.execute(HttpCommandExecutor.java:184)
	at org.openqa.selenium.remote.service.DriverCommandExecutor.invokeExecute(DriverCommandExecutor.java:167)
	at org.openqa.selenium.remote.service.DriverCommandExecutor.execute(DriverCommandExecutor.java:142)
	at org.openqa.selenium.remote.RemoteWebDriver.execute(RemoteWebDriver.java:567)
	at org.openqa.selenium.remote.RemoteWebElement.execute(RemoteWebElement.java:251)
	at org.openqa.selenium.remote.RemoteWebElement.click(RemoteWebElement.java:77)
	at pages.PageBase.clickButton(PageBase.java:28)
	at pages.SearchPage.searchByAutocmplete(SearchPage.java:47)
	at tests.ShoppingCartTest.userCanSearchForProduct(ShoppingCartTest.java:28)
	at java.util.ArrayList.forEach(ArrayList.java:1259)
... Removed 35 stack frames
</div> <!-- stack-trace -->
                </div> <!-- method-content -->
              </div> <!-- method -->
            </div> <!-- main-panel-content rounded-window-bottom -->
          </div> <!-- suite-Suite-class-failed -->
          <div class="suite-Suite-class-failed">
            <div class="main-panel-header rounded-window-top">
              <img src="failed.png"/>
              <span class="class-name">tests.EmailFriendTest</span>
            </div> <!-- main-panel-header rounded-window-top -->
            <div class="main-panel-content rounded-window-bottom">
              <div class="method">
                <div class="method-content">
                  <a name="userCanTestSucessfully">
                  </a> <!-- userCanTestSucessfully -->
                  <span class="method-name">userCanTestSucessfully</span>
                  <div class="stack-trace">org.openqa.selenium.NoSuchElementException: no such element: Unable to locate element: {&quot;method&quot;:&quot;css selector&quot;,&quot;selector&quot;:&quot;#gender\-male&quot;}
  (Session info: chrome=100.0.4896.127)
For documentation on this error, please visit: https://selenium.dev/exceptions/#no_such_element
Build info: version: &apos;4.1.3&apos;, revision: &apos;7b1ebf28ef&apos;
System info: host: &apos;DESKTOP-COEV6PK&apos;, ip: &apos;192.168.1.7&apos;, os.name: &apos;Windows 10&apos;, os.arch: &apos;amd64&apos;, os.version: &apos;10.0&apos;, java.version: &apos;1.8.0_321&apos;
Driver info: org.openqa.selenium.chrome.ChromeDriver
Command: [0827e521721be7108fb5c63347f9ca16, findElement {using=id, value=gender-male}]
Capabilities {acceptInsecureCerts: false, browserName: chrome, browserVersion: 100.0.4896.127, chrome: {chromedriverVersion: 99.0.4844.51 (d537ec02474b5..., userDataDir: C:\Users\COMPUT~1\AppData\L...}, goog:chromeOptions: {debuggerAddress: localhost:56894}, javascriptEnabled: true, networkConnectionEnabled: false, pageLoadStrategy: normal, platform: WINDOWS, platformName: WINDOWS, proxy: Proxy(), se:cdp: ws://localhost:56894/devtoo..., se:cdpVersion: 100.0.4896.127, setWindowRect: true, strictFileInteractability: false, timeouts: {implicit: 0, pageLoad: 300000, script: 30000}, unhandledPromptBehavior: dismiss and notify, webauthn:extension:credBlob: true, webauthn:extension:largeBlob: true, webauthn:virtualAuthenticators: true}
Session ID: 0827e521721be7108fb5c63347f9ca16
	at org.openqa.selenium.remote.codec.w3c.W3CHttpResponseCodec.createException(W3CHttpResponseCodec.java:200)
	at org.openqa.selenium.remote.codec.w3c.W3CHttpResponseCodec.decode(W3CHttpResponseCodec.java:133)
	at org.openqa.selenium.remote.codec.w3c.W3CHttpResponseCodec.decode(W3CHttpResponseCodec.java:53)
	at org.openqa.selenium.remote.HttpCommandExecutor.execute(HttpCommandExecutor.java:184)
	at org.openqa.selenium.remote.service.DriverCommandExecutor.invokeExecute(DriverCommandExecutor.java:167)
	at org.openqa.selenium.remote.service.DriverCommandExecutor.execute(DriverCommandExecutor.java:142)
	at org.openqa.selenium.remote.RemoteWebDriver.execute(RemoteWebDriver.java:567)
	at org.openqa.selenium.remote.ElementLocation$ElementFinder$2.findElement(ElementLocation.java:162)
	at org.openqa.selenium.remote.ElementLocation.findElement(ElementLocation.java:60)
	at org.openqa.selenium.remote.RemoteWebDriver.findElement(RemoteWebDriver.java:385)
	at org.openqa.selenium.remote.RemoteWebDriver.findElement(RemoteWebDriver.java:377)
	at org.openqa.selenium.support.pagefactory.DefaultElementLocator.findElement(DefaultElementLocator.java:70)
	at org.openqa.selenium.support.pagefactory.internal.LocatingElementHandler.invoke(LocatingElementHandler.java:39)
	at com.sun.proxy.$Proxy19.click(Unknown Source)
	at pages.PageBase.clickButton(PageBase.java:28)
	at pages.UserRegistrationPage.userRegisteration(UserRegistrationPage.java:53)
	at tests.EmailFriendTest.userCanTestSucessfully(EmailFriendTest.java:41)
	at java.util.ArrayList.forEach(ArrayList.java:1259)
... Removed 35 stack frames
</div> <!-- stack-trace -->
                </div> <!-- method-content -->
              </div> <!-- method -->
            </div> <!-- main-panel-content rounded-window-bottom -->
          </div> <!-- suite-Suite-class-failed -->
          <div class="suite-Suite-class-failed">
            <div class="main-panel-header rounded-window-top">
              <img src="failed.png"/>
              <span class="class-name">tests.ComparisonTest</span>
            </div> <!-- main-panel-header rounded-window-top -->
            <div class="main-panel-content rounded-window-bottom">
              <div class="method">
                <div class="method-content">
                  <a name="removeCoparisonProducts">
                  </a> <!-- removeCoparisonProducts -->
                  <span class="method-name">removeCoparisonProducts</span>
                  <div class="stack-trace">org.openqa.selenium.NoSuchElementException: no such element: Unable to locate element: {&quot;method&quot;:&quot;link text&quot;,&quot;selector&quot;:&quot;product comparison&quot;}
  (Session info: chrome=100.0.4896.127)
For documentation on this error, please visit: https://selenium.dev/exceptions/#no_such_element
Build info: version: &apos;4.1.3&apos;, revision: &apos;7b1ebf28ef&apos;
System info: host: &apos;DESKTOP-COEV6PK&apos;, ip: &apos;192.168.1.7&apos;, os.name: &apos;Windows 10&apos;, os.arch: &apos;amd64&apos;, os.version: &apos;10.0&apos;, java.version: &apos;1.8.0_321&apos;
Driver info: org.openqa.selenium.chrome.ChromeDriver
Command: [0827e521721be7108fb5c63347f9ca16, findElement {using=link text, value=product comparison}]
Capabilities {acceptInsecureCerts: false, browserName: chrome, browserVersion: 100.0.4896.127, chrome: {chromedriverVersion: 99.0.4844.51 (d537ec02474b5..., userDataDir: C:\Users\COMPUT~1\AppData\L...}, goog:chromeOptions: {debuggerAddress: localhost:56894}, javascriptEnabled: true, networkConnectionEnabled: false, pageLoadStrategy: normal, platform: WINDOWS, platformName: WINDOWS, proxy: Proxy(), se:cdp: ws://localhost:56894/devtoo..., se:cdpVersion: 100.0.4896.127, setWindowRect: true, strictFileInteractability: false, timeouts: {implicit: 0, pageLoad: 300000, script: 30000}, unhandledPromptBehavior: dismiss and notify, webauthn:extension:credBlob: true, webauthn:extension:largeBlob: true, webauthn:virtualAuthenticators: true}
Session ID: 0827e521721be7108fb5c63347f9ca16
	at org.openqa.selenium.remote.codec.w3c.W3CHttpResponseCodec.createException(W3CHttpResponseCodec.java:200)
	at org.openqa.selenium.remote.codec.w3c.W3CHttpResponseCodec.decode(W3CHttpResponseCodec.java:133)
	at org.openqa.selenium.remote.codec.w3c.W3CHttpResponseCodec.decode(W3CHttpResponseCodec.java:53)
	at org.openqa.selenium.remote.HttpCommandExecutor.execute(HttpCommandExecutor.java:184)
	at org.openqa.selenium.remote.service.DriverCommandExecutor.invokeExecute(DriverCommandExecutor.java:167)
	at org.openqa.selenium.remote.service.DriverCommandExecutor.execute(DriverCommandExecutor.java:142)
	at org.openqa.selenium.remote.RemoteWebDriver.execute(RemoteWebDriver.java:567)
	at org.openqa.selenium.remote.ElementLocation$ElementFinder$2.findElement(ElementLocation.java:162)
	at org.openqa.selenium.remote.ElementLocation.findElement(ElementLocation.java:60)
	at org.openqa.selenium.remote.RemoteWebDriver.findElement(RemoteWebDriver.java:385)
	at org.openqa.selenium.remote.RemoteWebDriver.findElement(RemoteWebDriver.java:377)
	at org.openqa.selenium.support.pagefactory.DefaultElementLocator.findElement(DefaultElementLocator.java:70)
	at org.openqa.selenium.support.pagefactory.internal.LocatingElementHandler.invoke(LocatingElementHandler.java:39)
	at com.sun.proxy.$Proxy19.click(Unknown Source)
	at pages.PageBase.clickButton(PageBase.java:28)
	at pages.ProductdetailsPage.opncomparisonPage(ProductdetailsPage.java:50)
	at tests.ComparisonTest.removeCoparisonProducts(ComparisonTest.java:48)
	at java.util.ArrayList.forEach(ArrayList.java:1259)
... Removed 35 stack frames
</div> <!-- stack-trace -->
                </div> <!-- method-content -->
              </div> <!-- method -->
              <div class="method">
                <div class="method-content">
                  <a name="usercanAddFirstItemToproduct">
                  </a> <!-- usercanAddFirstItemToproduct -->
                  <span class="method-name">usercanAddFirstItemToproduct</span>
                  <div class="stack-trace">org.openqa.selenium.NoSuchElementException: no such element: Unable to locate element: {&quot;method&quot;:&quot;css selector&quot;,&quot;selector&quot;:&quot;#small\-searchterms&quot;}
  (Session info: chrome=100.0.4896.127)
For documentation on this error, please visit: https://selenium.dev/exceptions/#no_such_element
Build info: version: &apos;4.1.3&apos;, revision: &apos;7b1ebf28ef&apos;
System info: host: &apos;DESKTOP-COEV6PK&apos;, ip: &apos;192.168.1.7&apos;, os.name: &apos;Windows 10&apos;, os.arch: &apos;amd64&apos;, os.version: &apos;10.0&apos;, java.version: &apos;1.8.0_321&apos;
Driver info: org.openqa.selenium.chrome.ChromeDriver
Command: [0827e521721be7108fb5c63347f9ca16, findElement {using=id, value=small-searchterms}]
Capabilities {acceptInsecureCerts: false, browserName: chrome, browserVersion: 100.0.4896.127, chrome: {chromedriverVersion: 99.0.4844.51 (d537ec02474b5..., userDataDir: C:\Users\COMPUT~1\AppData\L...}, goog:chromeOptions: {debuggerAddress: localhost:56894}, javascriptEnabled: true, networkConnectionEnabled: false, pageLoadStrategy: normal, platform: WINDOWS, platformName: WINDOWS, proxy: Proxy(), se:cdp: ws://localhost:56894/devtoo..., se:cdpVersion: 100.0.4896.127, setWindowRect: true, strictFileInteractability: false, timeouts: {implicit: 0, pageLoad: 300000, script: 30000}, unhandledPromptBehavior: dismiss and notify, webauthn:extension:credBlob: true, webauthn:extension:largeBlob: true, webauthn:virtualAuthenticators: true}
Session ID: 0827e521721be7108fb5c63347f9ca16
	at org.openqa.selenium.remote.codec.w3c.W3CHttpResponseCodec.createException(W3CHttpResponseCodec.java:200)
	at org.openqa.selenium.remote.codec.w3c.W3CHttpResponseCodec.decode(W3CHttpResponseCodec.java:133)
	at org.openqa.selenium.remote.codec.w3c.W3CHttpResponseCodec.decode(W3CHttpResponseCodec.java:53)
	at org.openqa.selenium.remote.HttpCommandExecutor.execute(HttpCommandExecutor.java:184)
	at org.openqa.selenium.remote.service.DriverCommandExecutor.invokeExecute(DriverCommandExecutor.java:167)
	at org.openqa.selenium.remote.service.DriverCommandExecutor.execute(DriverCommandExecutor.java:142)
	at org.openqa.selenium.remote.RemoteWebDriver.execute(RemoteWebDriver.java:567)
	at org.openqa.selenium.remote.ElementLocation$ElementFinder$2.findElement(ElementLocation.java:162)
	at org.openqa.selenium.remote.ElementLocation.findElement(ElementLocation.java:60)
	at org.openqa.selenium.remote.RemoteWebDriver.findElement(RemoteWebDriver.java:385)
	at org.openqa.selenium.remote.RemoteWebDriver.findElement(RemoteWebDriver.java:377)
	at org.openqa.selenium.support.pagefactory.DefaultElementLocator.findElement(DefaultElementLocator.java:70)
	at org.openqa.selenium.support.pagefactory.internal.LocatingElementHandler.invoke(LocatingElementHandler.java:39)
	at com.sun.proxy.$Proxy19.sendKeys(Unknown Source)
	at pages.PageBase.sendTxtElementTxt(PageBase.java:33)
	at pages.SearchPage.searchForProdutsName(SearchPage.java:31)
	at tests.ComparisonTest.usercanAddFirstItemToproduct(ComparisonTest.java:24)
	at java.util.ArrayList.forEach(ArrayList.java:1259)
... Removed 35 stack frames
</div> <!-- stack-trace -->
                </div> <!-- method-content -->
              </div> <!-- method -->
            </div> <!-- main-panel-content rounded-window-bottom -->
          </div> <!-- suite-Suite-class-failed -->
          <div class="suite-Suite-class-failed">
            <div class="main-panel-header rounded-window-top">
              <img src="failed.png"/>
              <span class="class-name">tests.CheckoutAsGuestTest</span>
            </div> <!-- main-panel-header rounded-window-top -->
            <div class="main-panel-content rounded-window-bottom">
              <div class="method">
                <div class="method-content">
                  <a name="openCart">
                  </a> <!-- openCart -->
                  <span class="method-name">openCart</span>
                  <div class="stack-trace">org.openqa.selenium.NoSuchElementException: no such element: Unable to locate element: {&quot;method&quot;:&quot;xpath&quot;,&quot;selector&quot;:&quot;//*[@id=&quot;bar-notification&quot;]/div/p/a&quot;}
  (Session info: chrome=100.0.4896.127)
For documentation on this error, please visit: https://selenium.dev/exceptions/#no_such_element
Build info: version: &apos;4.1.3&apos;, revision: &apos;7b1ebf28ef&apos;
System info: host: &apos;DESKTOP-COEV6PK&apos;, ip: &apos;192.168.1.7&apos;, os.name: &apos;Windows 10&apos;, os.arch: &apos;amd64&apos;, os.version: &apos;10.0&apos;, java.version: &apos;1.8.0_321&apos;
Driver info: org.openqa.selenium.chrome.ChromeDriver
Command: [0827e521721be7108fb5c63347f9ca16, findElement {using=xpath, value=//*[@id=&quot;bar-notification&quot;]/div/p/a}]
Capabilities {acceptInsecureCerts: false, browserName: chrome, browserVersion: 100.0.4896.127, chrome: {chromedriverVersion: 99.0.4844.51 (d537ec02474b5..., userDataDir: C:\Users\COMPUT~1\AppData\L...}, goog:chromeOptions: {debuggerAddress: localhost:56894}, javascriptEnabled: true, networkConnectionEnabled: false, pageLoadStrategy: normal, platform: WINDOWS, platformName: WINDOWS, proxy: Proxy(), se:cdp: ws://localhost:56894/devtoo..., se:cdpVersion: 100.0.4896.127, setWindowRect: true, strictFileInteractability: false, timeouts: {implicit: 0, pageLoad: 300000, script: 30000}, unhandledPromptBehavior: dismiss and notify, webauthn:extension:credBlob: true, webauthn:extension:largeBlob: true, webauthn:virtualAuthenticators: true}
Session ID: 0827e521721be7108fb5c63347f9ca16
	at org.openqa.selenium.remote.codec.w3c.W3CHttpResponseCodec.createException(W3CHttpResponseCodec.java:200)
	at org.openqa.selenium.remote.codec.w3c.W3CHttpResponseCodec.decode(W3CHttpResponseCodec.java:133)
	at org.openqa.selenium.remote.codec.w3c.W3CHttpResponseCodec.decode(W3CHttpResponseCodec.java:53)
	at org.openqa.selenium.remote.HttpCommandExecutor.execute(HttpCommandExecutor.java:184)
	at org.openqa.selenium.remote.service.DriverCommandExecutor.invokeExecute(DriverCommandExecutor.java:167)
	at org.openqa.selenium.remote.service.DriverCommandExecutor.execute(DriverCommandExecutor.java:142)
	at org.openqa.selenium.remote.RemoteWebDriver.execute(RemoteWebDriver.java:567)
	at org.openqa.selenium.remote.ElementLocation$ElementFinder$2.findElement(ElementLocation.java:162)
	at org.openqa.selenium.remote.ElementLocation.findElement(ElementLocation.java:60)
	at org.openqa.selenium.remote.RemoteWebDriver.findElement(RemoteWebDriver.java:385)
	at org.openqa.selenium.remote.RemoteWebDriver.findElement(RemoteWebDriver.java:377)
	at org.openqa.selenium.support.pagefactory.DefaultElementLocator.findElement(DefaultElementLocator.java:70)
	at org.openqa.selenium.support.pagefactory.internal.LocatingElementHandler.invoke(LocatingElementHandler.java:39)
	at com.sun.proxy.$Proxy19.click(Unknown Source)
	at pages.PageBase.clickButton(PageBase.java:28)
	at pages.ProductdetailsPage.openShoppingCartpage(ProductdetailsPage.java:62)
	at tests.CheckoutAsGuestTest.openCart(CheckoutAsGuestTest.java:42)
	at java.util.ArrayList.forEach(ArrayList.java:1259)
... Removed 35 stack frames
</div> <!-- stack-trace -->
                </div> <!-- method-content -->
              </div> <!-- method -->
            </div> <!-- main-panel-content rounded-window-bottom -->
          </div> <!-- suite-Suite-class-failed -->
          <div class="suite-Suite-class-failed">
            <div class="main-panel-header rounded-window-top">
              <img src="failed.png"/>
              <span class="class-name">tests.userLoginTest</span>
            </div> <!-- main-panel-header rounded-window-top -->
            <div class="main-panel-content rounded-window-bottom">
              <div class="method">
                <div class="method-content">
                  <a name="completeOrder">
                  </a> <!-- completeOrder -->
                  <span class="method-name">completeOrder</span>
                  <div class="stack-trace">org.openqa.selenium.NoSuchElementException: no such element: Unable to locate element: {&quot;method&quot;:&quot;xpath&quot;,&quot;selector&quot;:&quot;/html/body/div[6]/div[1]/div[2]/div[1]/a/img&quot;}
  (Session info: chrome=100.0.4896.127)
For documentation on this error, please visit: https://selenium.dev/exceptions/#no_such_element
Build info: version: &apos;4.1.3&apos;, revision: &apos;7b1ebf28ef&apos;
System info: host: &apos;DESKTOP-COEV6PK&apos;, ip: &apos;192.168.1.7&apos;, os.name: &apos;Windows 10&apos;, os.arch: &apos;amd64&apos;, os.version: &apos;10.0&apos;, java.version: &apos;1.8.0_321&apos;
Driver info: org.openqa.selenium.chrome.ChromeDriver
Command: [0827e521721be7108fb5c63347f9ca16, findElement {using=xpath, value=/html/body/div[6]/div[1]/div[2]/div[1]/a/img}]
Capabilities {acceptInsecureCerts: false, browserName: chrome, browserVersion: 100.0.4896.127, chrome: {chromedriverVersion: 99.0.4844.51 (d537ec02474b5..., userDataDir: C:\Users\COMPUT~1\AppData\L...}, goog:chromeOptions: {debuggerAddress: localhost:56894}, javascriptEnabled: true, networkConnectionEnabled: false, pageLoadStrategy: normal, platform: WINDOWS, platformName: WINDOWS, proxy: Proxy(), se:cdp: ws://localhost:56894/devtoo..., se:cdpVersion: 100.0.4896.127, setWindowRect: true, strictFileInteractability: false, timeouts: {implicit: 0, pageLoad: 300000, script: 30000}, unhandledPromptBehavior: dismiss and notify, webauthn:extension:credBlob: true, webauthn:extension:largeBlob: true, webauthn:virtualAuthenticators: true}
Session ID: 0827e521721be7108fb5c63347f9ca16
	at org.openqa.selenium.remote.codec.w3c.W3CHttpResponseCodec.createException(W3CHttpResponseCodec.java:200)
	at org.openqa.selenium.remote.codec.w3c.W3CHttpResponseCodec.decode(W3CHttpResponseCodec.java:133)
	at org.openqa.selenium.remote.codec.w3c.W3CHttpResponseCodec.decode(W3CHttpResponseCodec.java:53)
	at org.openqa.selenium.remote.HttpCommandExecutor.execute(HttpCommandExecutor.java:184)
	at org.openqa.selenium.remote.service.DriverCommandExecutor.invokeExecute(DriverCommandExecutor.java:167)
	at org.openqa.selenium.remote.service.DriverCommandExecutor.execute(DriverCommandExecutor.java:142)
	at org.openqa.selenium.remote.RemoteWebDriver.execute(RemoteWebDriver.java:567)
	at org.openqa.selenium.remote.ElementLocation$ElementFinder$2.findElement(ElementLocation.java:162)
	at org.openqa.selenium.remote.ElementLocation.findElement(ElementLocation.java:60)
	at org.openqa.selenium.remote.RemoteWebDriver.findElement(RemoteWebDriver.java:385)
	at org.openqa.selenium.remote.RemoteWebDriver.findElement(RemoteWebDriver.java:377)
	at org.openqa.selenium.support.pagefactory.DefaultElementLocator.findElement(DefaultElementLocator.java:70)
	at org.openqa.selenium.support.pagefactory.internal.LocatingElementHandler.invoke(LocatingElementHandler.java:39)
	at com.sun.proxy.$Proxy19.click(Unknown Source)
	at pages.PageBase.clickButton(PageBase.java:28)
	at pages.CheckoutPage.orderCompeted(CheckoutPage.java:142)
	at tests.userLoginTest.completeOrder(userLoginTest.java:31)
	at java.util.ArrayList.forEach(ArrayList.java:1259)
... Removed 35 stack frames
</div> <!-- stack-trace -->
                </div> <!-- method-content -->
              </div> <!-- method -->
            </div> <!-- main-panel-content rounded-window-bottom -->
          </div> <!-- suite-Suite-class-failed -->
          <div class="suite-Suite-class-skipped">
            <div class="main-panel-header rounded-window-top">
              <img src="skipped.png"/>
              <span class="class-name">tests.ReviewTest</span>
            </div> <!-- main-panel-header rounded-window-top -->
            <div class="main-panel-content rounded-window-bottom">
              <div class="method">
                <div class="method-content">
                  <a name="userAddReview">
                  </a> <!-- userAddReview -->
                  <span class="method-name">userAddReview</span>
                  <div class="stack-trace">java.lang.Throwable: Method tests.ReviewTest.userAddReview() on instance tests.ReviewTest@70325e14 depends on not successfully finished methods 
[tests.ReviewTest.userSearchProduct() on instance tests.ReviewTest@70325e14]
	at java.util.ArrayList.forEach(ArrayList.java:1259)
... Removed 22 stack frames
</div> <!-- stack-trace -->
                </div> <!-- method-content -->
              </div> <!-- method -->
              <div class="method">
                <div class="method-content">
                  <a name="userCanLogout">
                  </a> <!-- userCanLogout -->
                  <span class="method-name">userCanLogout</span>
                  <div class="stack-trace">java.lang.Throwable: Method tests.ReviewTest.userCanLogout() on instance tests.ReviewTest@70325e14 depends on not successfully finished methods 
[tests.ReviewTest.userAddReview() on instance tests.ReviewTest@70325e14]
	at java.util.ArrayList.forEach(ArrayList.java:1259)
... Removed 22 stack frames
</div> <!-- stack-trace -->
                </div> <!-- method-content -->
              </div> <!-- method -->
              <div class="method">
                <div class="method-content">
                  <a name="userSearchProduct">
                  </a> <!-- userSearchProduct -->
                  <span class="method-name">userSearchProduct</span>
                  <div class="stack-trace">java.lang.Throwable: Method tests.ReviewTest.userSearchProduct() on instance tests.ReviewTest@70325e14 depends on not successfully finished methods 
[tests.ReviewTest.userCanRegiset() on instance tests.ReviewTest@70325e14]
	at java.util.ArrayList.forEach(ArrayList.java:1259)
... Removed 22 stack frames
</div> <!-- stack-trace -->
                </div> <!-- method-content -->
              </div> <!-- method -->
            </div> <!-- main-panel-content rounded-window-bottom -->
          </div> <!-- suite-Suite-class-skipped -->
          <div class="suite-Suite-class-skipped">
            <div class="main-panel-header rounded-window-top">
              <img src="skipped.png"/>
              <span class="class-name">tests.userRegistrationTest</span>
            </div> <!-- main-panel-header rounded-window-top -->
            <div class="main-panel-content rounded-window-bottom">
              <div class="method">
                <div class="method-content">
                  <a name="userCanLoginSucesessfully">
                  </a> <!-- userCanLoginSucesessfully -->
                  <span class="method-name">userCanLoginSucesessfully</span>
                  <div class="stack-trace">java.lang.Throwable: Method tests.userRegistrationTest.userCanLoginSucesessfully() on instance tests.userRegistrationTest@305b7c14 depends on not successfully finished methods 
[tests.userRegistrationTest.userCanLogoutSucessfully() on instance tests.userRegistrationTest@305b7c14]
	at java.util.ArrayList.forEach(ArrayList.java:1259)
... Removed 22 stack frames
</div> <!-- stack-trace -->
                </div> <!-- method-content -->
              </div> <!-- method -->
              <div class="method">
                <div class="method-content">
                  <a name="userCanLogoutSucessfully">
                  </a> <!-- userCanLogoutSucessfully -->
                  <span class="method-name">userCanLogoutSucessfully</span>
                  <div class="stack-trace">java.lang.Throwable: Method tests.userRegistrationTest.userCanLogoutSucessfully() on instance tests.userRegistrationTest@305b7c14 depends on not successfully finished methods 
[tests.userRegistrationTest.userCanTestSucessfully() on instance tests.userRegistrationTest@305b7c14]
	at java.util.ArrayList.forEach(ArrayList.java:1259)
... Removed 22 stack frames
</div> <!-- stack-trace -->
                </div> <!-- method-content -->
              </div> <!-- method -->
            </div> <!-- main-panel-content rounded-window-bottom -->
          </div> <!-- suite-Suite-class-skipped -->
          <div class="suite-Suite-class-skipped">
            <div class="main-panel-header rounded-window-top">
              <img src="skipped.png"/>
              <span class="class-name">tests.ShoppingCartTest</span>
            </div> <!-- main-panel-header rounded-window-top -->
            <div class="main-panel-content rounded-window-bottom">
              <div class="method">
                <div class="method-content">
                  <a name="addQty">
                  </a> <!-- addQty -->
                  <span class="method-name">addQty</span>
                  <div class="stack-trace">java.lang.Throwable: Method tests.ShoppingCartTest.addQty() on instance tests.ShoppingCartTest@43c1b556 depends on not successfully finished methods 
[tests.ShoppingCartTest.checkingProduct() on instance tests.ShoppingCartTest@43c1b556]
	at java.util.ArrayList.forEach(ArrayList.java:1259)
... Removed 22 stack frames
</div> <!-- stack-trace -->
                </div> <!-- method-content -->
              </div> <!-- method -->
              <div class="method">
                <div class="method-content">
                  <a name="checkingProduct">
                  </a> <!-- checkingProduct -->
                  <span class="method-name">checkingProduct</span>
                  <div class="stack-trace">java.lang.Throwable: Method tests.ShoppingCartTest.checkingProduct() on instance tests.ShoppingCartTest@43c1b556 depends on not successfully finished methods 
[tests.ShoppingCartTest.openCart() on instance tests.ShoppingCartTest@43c1b556]
	at java.util.ArrayList.forEach(ArrayList.java:1259)
... Removed 22 stack frames
</div> <!-- stack-trace -->
                </div> <!-- method-content -->
              </div> <!-- method -->
              <div class="method">
                <div class="method-content">
                  <a name="openCart">
                  </a> <!-- openCart -->
                  <span class="method-name">openCart</span>
                  <div class="stack-trace">java.lang.Throwable: Method tests.ShoppingCartTest.openCart() on instance tests.ShoppingCartTest@43c1b556 depends on not successfully finished methods 
[tests.ShoppingCartTest.userAddProductToCart() on instance tests.ShoppingCartTest@43c1b556]
	at java.util.ArrayList.forEach(ArrayList.java:1259)
... Removed 22 stack frames
</div> <!-- stack-trace -->
                </div> <!-- method-content -->
              </div> <!-- method -->
              <div class="method">
                <div class="method-content">
                  <a name="userAddProductToCart">
                  </a> <!-- userAddProductToCart -->
                  <span class="method-name">userAddProductToCart</span>
                  <div class="stack-trace">java.lang.Throwable: Method tests.ShoppingCartTest.userAddProductToCart() on instance tests.ShoppingCartTest@43c1b556 depends on not successfully finished methods 
[tests.ShoppingCartTest.userCanSearchForProduct() on instance tests.ShoppingCartTest@43c1b556]
	at java.util.ArrayList.forEach(ArrayList.java:1259)
... Removed 22 stack frames
</div> <!-- stack-trace -->
                </div> <!-- method-content -->
              </div> <!-- method -->
            </div> <!-- main-panel-content rounded-window-bottom -->
          </div> <!-- suite-Suite-class-skipped -->
          <div class="suite-Suite-class-skipped">
            <div class="main-panel-header rounded-window-top">
              <img src="skipped.png"/>
              <span class="class-name">tests.EmailFriendTest</span>
            </div> <!-- main-panel-header rounded-window-top -->
            <div class="main-panel-content rounded-window-bottom">
              <div class="method">
                <div class="method-content">
                  <a name="searchProductUsingAutoSuggest">
                  </a> <!-- searchProductUsingAutoSuggest -->
                  <span class="method-name">searchProductUsingAutoSuggest</span>
                  <div class="stack-trace">java.lang.Throwable: Method tests.EmailFriendTest.searchProductUsingAutoSuggest() on instance tests.EmailFriendTest@ae13544 depends on not successfully finished methods 
[tests.EmailFriendTest.userCanTestSucessfully() on instance tests.EmailFriendTest@ae13544]
	at java.util.ArrayList.forEach(ArrayList.java:1259)
... Removed 22 stack frames
</div> <!-- stack-trace -->
                </div> <!-- method-content -->
              </div> <!-- method -->
              <div class="method">
                <div class="method-content">
                  <a name="userEmailFriendSucsessfully">
                  </a> <!-- userEmailFriendSucsessfully -->
                  <span class="method-name">userEmailFriendSucsessfully</span>
                  <div class="stack-trace">java.lang.Throwable: Method tests.EmailFriendTest.userEmailFriendSucsessfully() on instance tests.EmailFriendTest@ae13544 depends on not successfully finished methods 
[tests.EmailFriendTest.searchProductUsingAutoSuggest() on instance tests.EmailFriendTest@ae13544]
	at java.util.ArrayList.forEach(ArrayList.java:1259)
... Removed 22 stack frames
</div> <!-- stack-trace -->
                </div> <!-- method-content -->
              </div> <!-- method -->
            </div> <!-- main-panel-content rounded-window-bottom -->
          </div> <!-- suite-Suite-class-skipped -->
          <div class="suite-Suite-class-skipped">
            <div class="main-panel-header rounded-window-top">
              <img src="skipped.png"/>
              <span class="class-name">tests.ComparisonTest</span>
            </div> <!-- main-panel-header rounded-window-top -->
            <div class="main-panel-content rounded-window-bottom">
              <div class="method">
                <div class="method-content">
                  <a name="usercanAddSecondItemToproduct">
                  </a> <!-- usercanAddSecondItemToproduct -->
                  <span class="method-name">usercanAddSecondItemToproduct</span>
                  <div class="stack-trace">java.lang.Throwable: Method tests.ComparisonTest.usercanAddSecondItemToproduct() on instance tests.ComparisonTest@587e5365 depends on not successfully finished methods 
[tests.ComparisonTest.usercanAddFirstItemToproduct() on instance tests.ComparisonTest@587e5365]
	at java.util.ArrayList.forEach(ArrayList.java:1259)
... Removed 22 stack frames
</div> <!-- stack-trace -->
                </div> <!-- method-content -->
              </div> <!-- method -->
            </div> <!-- main-panel-content rounded-window-bottom -->
          </div> <!-- suite-Suite-class-skipped -->
          <div class="suite-Suite-class-skipped">
            <div class="main-panel-header rounded-window-top">
              <img src="skipped.png"/>
              <span class="class-name">tests.CheckoutAsGuestTest</span>
            </div> <!-- main-panel-header rounded-window-top -->
            <div class="main-panel-content rounded-window-bottom">
              <div class="method">
                <div class="method-content">
                  <a name="PaymentInformation">
                  </a> <!-- PaymentInformation -->
                  <span class="method-name">PaymentInformation</span>
                  <div class="stack-trace">java.lang.Throwable: Method tests.CheckoutAsGuestTest.PaymentInformation() on instance tests.CheckoutAsGuestTest@6913c1fb depends on not successfully finished methods 
[tests.CheckoutAsGuestTest.creditCardPaymentMethod() on instance tests.CheckoutAsGuestTest@6913c1fb]
	at java.util.ArrayList.forEach(ArrayList.java:1259)
... Removed 22 stack frames
</div> <!-- stack-trace -->
                </div> <!-- method-content -->
              </div> <!-- method -->
              <div class="method">
                <div class="method-content">
                  <a name="checkAsGuest">
                  </a> <!-- checkAsGuest -->
                  <span class="method-name">checkAsGuest</span>
                  <div class="stack-trace">java.lang.Throwable: Method tests.CheckoutAsGuestTest.checkAsGuest() on instance tests.CheckoutAsGuestTest@6913c1fb depends on not successfully finished methods 
[tests.CheckoutAsGuestTest.opencheckoutpage() on instance tests.CheckoutAsGuestTest@6913c1fb]
	at java.util.ArrayList.forEach(ArrayList.java:1259)
... Removed 22 stack frames
</div> <!-- stack-trace -->
                </div> <!-- method-content -->
              </div> <!-- method -->
              <div class="method">
                <div class="method-content">
                  <a name="confirmOrder">
                  </a> <!-- confirmOrder -->
                  <span class="method-name">confirmOrder</span>
                  <div class="stack-trace">java.lang.Throwable: Method tests.CheckoutAsGuestTest.confirmOrder() on instance tests.CheckoutAsGuestTest@6913c1fb depends on not successfully finished methods 
[tests.CheckoutAsGuestTest.PaymentInformation() on instance tests.CheckoutAsGuestTest@6913c1fb]
	at java.util.ArrayList.forEach(ArrayList.java:1259)
... Removed 22 stack frames
</div> <!-- stack-trace -->
                </div> <!-- method-content -->
              </div> <!-- method -->
              <div class="method">
                <div class="method-content">
                  <a name="creditCardPaymentMethod">
                  </a> <!-- creditCardPaymentMethod -->
                  <span class="method-name">creditCardPaymentMethod</span>
                  <div class="stack-trace">java.lang.Throwable: Method tests.CheckoutAsGuestTest.creditCardPaymentMethod() on instance tests.CheckoutAsGuestTest@6913c1fb depends on not successfully finished methods 
[tests.CheckoutAsGuestTest.groundShippingMethod() on instance tests.CheckoutAsGuestTest@6913c1fb]
	at java.util.ArrayList.forEach(ArrayList.java:1259)
... Removed 22 stack frames
</div> <!-- stack-trace -->
                </div> <!-- method-content -->
              </div> <!-- method -->
              <div class="method">
                <div class="method-content">
                  <a name="downloadInvoic">
                  </a> <!-- downloadInvoic -->
                  <span class="method-name">downloadInvoic</span>
                  <div class="stack-trace">java.lang.Throwable: Method tests.CheckoutAsGuestTest.downloadInvoic() on instance tests.CheckoutAsGuestTest@6913c1fb depends on not successfully finished methods 
[tests.CheckoutAsGuestTest.openOrderDetailslink() on instance tests.CheckoutAsGuestTest@6913c1fb]
	at java.util.ArrayList.forEach(ArrayList.java:1259)
... Removed 22 stack frames
</div> <!-- stack-trace -->
                </div> <!-- method-content -->
              </div> <!-- method -->
              <div class="method">
                <div class="method-content">
                  <a name="fillBillingAddress">
                  </a> <!-- fillBillingAddress -->
                  <span class="method-name">fillBillingAddress</span>
                  <div class="stack-trace">java.lang.Throwable: Method tests.CheckoutAsGuestTest.fillBillingAddress() on instance tests.CheckoutAsGuestTest@6913c1fb depends on not successfully finished methods 
[tests.CheckoutAsGuestTest.checkAsGuest() on instance tests.CheckoutAsGuestTest@6913c1fb]
	at java.util.ArrayList.forEach(ArrayList.java:1259)
... Removed 22 stack frames
</div> <!-- stack-trace -->
                </div> <!-- method-content -->
              </div> <!-- method -->
              <div class="method">
                <div class="method-content">
                  <a name="groundShippingMethod">
                  </a> <!-- groundShippingMethod -->
                  <span class="method-name">groundShippingMethod</span>
                  <div class="stack-trace">java.lang.Throwable: Method tests.CheckoutAsGuestTest.groundShippingMethod() on instance tests.CheckoutAsGuestTest@6913c1fb depends on not successfully finished methods 
[tests.CheckoutAsGuestTest.fillBillingAddress() on instance tests.CheckoutAsGuestTest@6913c1fb]
	at java.util.ArrayList.forEach(ArrayList.java:1259)
... Removed 22 stack frames
</div> <!-- stack-trace -->
                </div> <!-- method-content -->
              </div> <!-- method -->
              <div class="method">
                <div class="method-content">
                  <a name="openOrderDetailslink">
                  </a> <!-- openOrderDetailslink -->
                  <span class="method-name">openOrderDetailslink</span>
                  <div class="stack-trace">java.lang.Throwable: Method tests.CheckoutAsGuestTest.openOrderDetailslink() on instance tests.CheckoutAsGuestTest@6913c1fb depends on not successfully finished methods 
[tests.CheckoutAsGuestTest.confirmOrder() on instance tests.CheckoutAsGuestTest@6913c1fb]
	at java.util.ArrayList.forEach(ArrayList.java:1259)
... Removed 22 stack frames
</div> <!-- stack-trace -->
                </div> <!-- method-content -->
              </div> <!-- method -->
              <div class="method">
                <div class="method-content">
                  <a name="opencheckoutpage">
                  </a> <!-- opencheckoutpage -->
                  <span class="method-name">opencheckoutpage</span>
                  <div class="stack-trace">java.lang.Throwable: Method tests.CheckoutAsGuestTest.opencheckoutpage() on instance tests.CheckoutAsGuestTest@6913c1fb depends on not successfully finished methods 
[tests.CheckoutAsGuestTest.openCart() on instance tests.CheckoutAsGuestTest@6913c1fb]
	at java.util.ArrayList.forEach(ArrayList.java:1259)
... Removed 22 stack frames
</div> <!-- stack-trace -->
                </div> <!-- method-content -->
              </div> <!-- method -->
              <div class="method">
                <div class="method-content">
                  <a name="printOrder">
                  </a> <!-- printOrder -->
                  <span class="method-name">printOrder</span>
                  <div class="stack-trace">java.lang.Throwable: Method tests.CheckoutAsGuestTest.printOrder() on instance tests.CheckoutAsGuestTest@6913c1fb depends on not successfully finished methods 
[tests.CheckoutAsGuestTest.downloadInvoic() on instance tests.CheckoutAsGuestTest@6913c1fb]
	at java.util.ArrayList.forEach(ArrayList.java:1259)
... Removed 22 stack frames
</div> <!-- stack-trace -->
                </div> <!-- method-content -->
              </div> <!-- method -->
            </div> <!-- main-panel-content rounded-window-bottom -->
          </div> <!-- suite-Suite-class-skipped -->
          <div class="suite-Suite-class-passed">
            <div class="main-panel-header rounded-window-top">
              <img src="passed.png"/>
              <span class="class-name">tests.hoverMenuTset</span>
            </div> <!-- main-panel-header rounded-window-top -->
            <div class="main-panel-content rounded-window-bottom">
              <div class="method">
                <div class="method-content">
                  <a name="completeOrder">
                  </a> <!-- completeOrder -->
                  <span class="method-name">completeOrder</span>
                </div> <!-- method-content -->
              </div> <!-- method -->
              <div class="method">
                <div class="method-content">
                  <a name="userOpennootbookspage">
                  </a> <!-- userOpennootbookspage -->
                  <span class="method-name">userOpennootbookspage</span>
                </div> <!-- method-content -->
              </div> <!-- method -->
            </div> <!-- main-panel-content rounded-window-bottom -->
          </div> <!-- suite-Suite-class-passed -->
          <div class="suite-Suite-class-passed">
            <div class="main-panel-header rounded-window-top">
              <img src="passed.png"/>
              <span class="class-name">tests.CurrencySelectTest</span>
            </div> <!-- main-panel-header rounded-window-top -->
            <div class="main-panel-content rounded-window-bottom">
              <div class="method">
                <div class="method-content">
                  <a name="UserchangeCurrencySucsessfuly">
                  </a> <!-- UserchangeCurrencySucsessfuly -->
                  <span class="method-name">UserchangeCurrencySucsessfuly</span>
                </div> <!-- method-content -->
              </div> <!-- method -->
              <div class="method">
                <div class="method-content">
                  <a name="completeOrder">
                  </a> <!-- completeOrder -->
                  <span class="method-name">completeOrder</span>
                </div> <!-- method-content -->
              </div> <!-- method -->
            </div> <!-- main-panel-content rounded-window-bottom -->
          </div> <!-- suite-Suite-class-passed -->
          <div class="suite-Suite-class-passed">
            <div class="main-panel-header rounded-window-top">
              <img src="passed.png"/>
              <span class="class-name">tests.EmailFriendTest</span>
            </div> <!-- main-panel-header rounded-window-top -->
            <div class="main-panel-content rounded-window-bottom">
              <div class="method">
                <div class="method-content">
                  <a name="completeOrder">
                  </a> <!-- completeOrder -->
                  <span class="method-name">completeOrder</span>
                </div> <!-- method-content -->
              </div> <!-- method -->
            </div> <!-- main-panel-content rounded-window-bottom -->
          </div> <!-- suite-Suite-class-passed -->
          <div class="suite-Suite-class-passed">
            <div class="main-panel-header rounded-window-top">
              <img src="passed.png"/>
              <span class="class-name">tests.ComparisonTest</span>
            </div> <!-- main-panel-header rounded-window-top -->
            <div class="main-panel-content rounded-window-bottom">
              <div class="method">
                <div class="method-content">
                  <a name="completeOrder">
                  </a> <!-- completeOrder -->
                  <span class="method-name">completeOrder</span>
                </div> <!-- method-content -->
              </div> <!-- method -->
            </div> <!-- main-panel-content rounded-window-bottom -->
          </div> <!-- suite-Suite-class-passed -->
          <div class="suite-Suite-class-passed">
            <div class="main-panel-header rounded-window-top">
              <img src="passed.png"/>
              <span class="class-name">tests.JewelerytSortByTest</span>
            </div> <!-- main-panel-header rounded-window-top -->
            <div class="main-panel-content rounded-window-bottom">
              <div class="method">
                <div class="method-content">
                  <a name="completeOrder">
                  </a> <!-- completeOrder -->
                  <span class="method-name">completeOrder</span>
                </div> <!-- method-content -->
              </div> <!-- method -->
              <div class="method">
                <div class="method-content">
                  <a name="userChangeSortionSucsessfully">
                  </a> <!-- userChangeSortionSucsessfully -->
                  <span class="method-name">userChangeSortionSucsessfully</span>
                </div> <!-- method-content -->
              </div> <!-- method -->
            </div> <!-- main-panel-content rounded-window-bottom -->
          </div> <!-- suite-Suite-class-passed -->
          <div class="suite-Suite-class-passed">
            <div class="main-panel-header rounded-window-top">
              <img src="passed.png"/>
              <span class="class-name">tests.userLoginTest</span>
            </div> <!-- main-panel-header rounded-window-top -->
            <div class="main-panel-content rounded-window-bottom">
              <div class="method">
                <div class="method-content">
                  <a name="userCanLoginSucesessfully">
                  </a> <!-- userCanLoginSucesessfully -->
                  <span class="method-name">userCanLoginSucesessfully</span>
                </div> <!-- method-content -->
              </div> <!-- method -->
            </div> <!-- main-panel-content rounded-window-bottom -->
          </div> <!-- suite-Suite-class-passed -->
          <div class="suite-Suite-class-passed">
            <div class="main-panel-header rounded-window-top">
              <img src="passed.png"/>
              <span class="class-name">tests.ReviewTest</span>
            </div> <!-- main-panel-header rounded-window-top -->
            <div class="main-panel-content rounded-window-bottom">
              <div class="method">
                <div class="method-content">
                  <a name="completeOrder">
                  </a> <!-- completeOrder -->
                  <span class="method-name">completeOrder</span>
                </div> <!-- method-content -->
              </div> <!-- method -->
            </div> <!-- main-panel-content rounded-window-bottom -->
          </div> <!-- suite-Suite-class-passed -->
          <div class="suite-Suite-class-passed">
            <div class="main-panel-header rounded-window-top">
              <img src="passed.png"/>
              <span class="class-name">tests.userRegistrationTest</span>
            </div> <!-- main-panel-header rounded-window-top -->
            <div class="main-panel-content rounded-window-bottom">
              <div class="method">
                <div class="method-content">
                  <a name="completeOrder">
                  </a> <!-- completeOrder -->
                  <span class="method-name">completeOrder</span>
                </div> <!-- method-content -->
              </div> <!-- method -->
            </div> <!-- main-panel-content rounded-window-bottom -->
          </div> <!-- suite-Suite-class-passed -->
          <div class="suite-Suite-class-passed">
            <div class="main-panel-header rounded-window-top">
              <img src="passed.png"/>
              <span class="class-name">tests.ShoppingCartTest</span>
            </div> <!-- main-panel-header rounded-window-top -->
            <div class="main-panel-content rounded-window-bottom">
              <div class="method">
                <div class="method-content">
                  <a name="completeOrder">
                  </a> <!-- completeOrder -->
                  <span class="method-name">completeOrder</span>
                </div> <!-- method-content -->
              </div> <!-- method -->
            </div> <!-- main-panel-content rounded-window-bottom -->
          </div> <!-- suite-Suite-class-passed -->
          <div class="suite-Suite-class-passed">
            <div class="main-panel-header rounded-window-top">
              <img src="passed.png"/>
              <span class="class-name">tests.SearchProductTest</span>
            </div> <!-- main-panel-header rounded-window-top -->
            <div class="main-panel-content rounded-window-bottom">
              <div class="method">
                <div class="method-content">
                  <a name="completeOrder">
                  </a> <!-- completeOrder -->
                  <span class="method-name">completeOrder</span>
                </div> <!-- method-content -->
              </div> <!-- method -->
              <div class="method">
                <div class="method-content">
                  <a name="userCanSearchForProduct">
                  </a> <!-- userCanSearchForProduct -->
                  <span class="method-name">userCanSearchForProduct</span>
                </div> <!-- method-content -->
              </div> <!-- method -->
            </div> <!-- main-panel-content rounded-window-bottom -->
          </div> <!-- suite-Suite-class-passed -->
          <div class="suite-Suite-class-passed">
            <div class="main-panel-header rounded-window-top">
              <img src="passed.png"/>
              <span class="class-name">tests.WishlistTset</span>
            </div> <!-- main-panel-header rounded-window-top -->
            <div class="main-panel-content rounded-window-bottom">
              <div class="method">
                <div class="method-content">
                  <a name="addItemToWishist">
                  </a> <!-- addItemToWishist -->
                  <span class="method-name">addItemToWishist</span>
                </div> <!-- method-content -->
              </div> <!-- method -->
              <div class="method">
                <div class="method-content">
                  <a name="completeOrder">
                  </a> <!-- completeOrder -->
                  <span class="method-name">completeOrder</span>
                </div> <!-- method-content -->
              </div> <!-- method -->
              <div class="method">
                <div class="method-content">
                  <a name="openwishlistPage">
                  </a> <!-- openwishlistPage -->
                  <span class="method-name">openwishlistPage</span>
                </div> <!-- method-content -->
              </div> <!-- method -->
              <div class="method">
                <div class="method-content">
                  <a name="removeItemFromWishlist">
                  </a> <!-- removeItemFromWishlist -->
                  <span class="method-name">removeItemFromWishlist</span>
                </div> <!-- method-content -->
              </div> <!-- method -->
              <div class="method">
                <div class="method-content">
                  <a name="searchForproduct">
                  </a> <!-- searchForproduct -->
                  <span class="method-name">searchForproduct</span>
                </div> <!-- method-content -->
              </div> <!-- method -->
            </div> <!-- main-panel-content rounded-window-bottom -->
          </div> <!-- suite-Suite-class-passed -->
          <div class="suite-Suite-class-passed">
            <div class="main-panel-header rounded-window-top">
              <img src="passed.png"/>
              <span class="class-name">tests.ContactUsTest</span>
            </div> <!-- main-panel-header rounded-window-top -->
            <div class="main-panel-content rounded-window-bottom">
              <div class="method">
                <div class="method-content">
                  <a name="completeOrder">
                  </a> <!-- completeOrder -->
                  <span class="method-name">completeOrder</span>
                </div> <!-- method-content -->
              </div> <!-- method -->
              <div class="method">
                <div class="method-content">
                  <a name="userUseContactUsQuery">
                  </a> <!-- userUseContactUsQuery -->
                  <span class="method-name">userUseContactUsQuery</span>
                </div> <!-- method-content -->
              </div> <!-- method -->
            </div> <!-- main-panel-content rounded-window-bottom -->
          </div> <!-- suite-Suite-class-passed -->
          <div class="suite-Suite-class-passed">
            <div class="main-panel-header rounded-window-top">
              <img src="passed.png"/>
              <span class="class-name">tests.CheckoutAsGuestTest</span>
            </div> <!-- main-panel-header rounded-window-top -->
            <div class="main-panel-content rounded-window-bottom">
              <div class="method">
                <div class="method-content">
                  <a name="completeOrder">
                  </a> <!-- completeOrder -->
                  <span class="method-name">completeOrder</span>
                </div> <!-- method-content -->
              </div> <!-- method -->
              <div class="method">
                <div class="method-content">
                  <a name="userAddProductToCart">
                  </a> <!-- userAddProductToCart -->
                  <span class="method-name">userAddProductToCart</span>
                </div> <!-- method-content -->
              </div> <!-- method -->
              <div class="method">
                <div class="method-content">
                  <a name="userCanSearchForProduct">
                  </a> <!-- userCanSearchForProduct -->
                  <span class="method-name">userCanSearchForProduct</span>
                </div> <!-- method-content -->
              </div> <!-- method -->
            </div> <!-- main-panel-content rounded-window-bottom -->
          </div> <!-- suite-Suite-class-passed -->
          <div class="suite-Suite-class-passed">
            <div class="main-panel-header rounded-window-top">
              <img src="passed.png"/>
              <span class="class-name">tests.SearchProductByAutocompleteTest</span>
            </div> <!-- main-panel-header rounded-window-top -->
            <div class="main-panel-content rounded-window-bottom">
              <div class="method">
                <div class="method-content">
                  <a name="completeOrder">
                  </a> <!-- completeOrder -->
                  <span class="method-name">completeOrder</span>
                </div> <!-- method-content -->
              </div> <!-- method -->
              <div class="method">
                <div class="method-content">
                  <a name="searchProductUsingAutoSuggest">
                  </a> <!-- searchProductUsingAutoSuggest -->
                  <span class="method-name">searchProductUsingAutoSuggest</span>
                </div> <!-- method-content -->
              </div> <!-- method -->
            </div> <!-- main-panel-content rounded-window-bottom -->
          </div> <!-- suite-Suite-class-passed -->
        </div> <!-- panel Suite -->
        <div panel-name="test-xml-Suite" class="panel">
          <div class="main-panel-header rounded-window-top">
            <span class="header-content">E:\mostafa\.1testing\tef\testng.xml</span>
          </div> <!-- main-panel-header rounded-window-top -->
          <div class="main-panel-content rounded-window-bottom">
            <pre>
&lt;?xml version=&quot;1.0&quot; encoding=&quot;UTF-8&quot;?&gt;
&lt;!DOCTYPE suite SYSTEM &quot;https://testng.org/testng-1.0.dtd&quot;&gt;
&lt;suite verbose=&quot;0&quot; name=&quot;Suite&quot;&gt;
  &lt;parameter name=&quot;browser&quot; value=&quot;chrome&quot;/&gt;
  &lt;test thread-count=&quot;5&quot; verbose=&quot;0&quot; name=&quot;Test&quot; preserve-order=&quot;false&quot;&gt;
    &lt;classes&gt;
      &lt;class name=&quot;tests.ReviewTest&quot;/&gt;
      &lt;class name=&quot;tests.EmailFriendTest&quot;/&gt;
      &lt;class name=&quot;tests.hoverMenuTset&quot;/&gt;
      &lt;class name=&quot;tests.SearchProductTest&quot;/&gt;
      &lt;class name=&quot;tests.ContactUsTest&quot;/&gt;
      &lt;class name=&quot;tests.ShoppingCartTest&quot;/&gt;
      &lt;class name=&quot;tests.ComparisonTest&quot;/&gt;
      &lt;class name=&quot;tests.WishlistTset&quot;/&gt;
      &lt;class name=&quot;tests.CurrencySelectTest&quot;/&gt;
      &lt;class name=&quot;tests.SearchProductByAutocompleteTest&quot;/&gt;
      &lt;class name=&quot;tests.JewelerytSortByTest&quot;/&gt;
      &lt;class name=&quot;tests.userLoginTest&quot;/&gt;
      &lt;class name=&quot;tests.userRegistrationTest&quot;/&gt;
      &lt;class name=&quot;tests.CheckoutAsGuestTest&quot;/&gt;
    &lt;/classes&gt;
  &lt;/test&gt; &lt;!-- Test --&gt;
&lt;/suite&gt; &lt;!-- Suite --&gt;
            </pre>
          </div> <!-- main-panel-content rounded-window-bottom -->
        </div> <!-- panel -->
        <div panel-name="testlist-Suite" class="panel">
          <div class="main-panel-header rounded-window-top">
            <span class="header-content">Tests for Suite</span>
          </div> <!-- main-panel-header rounded-window-top -->
          <div class="main-panel-content rounded-window-bottom">
            <ul>
              <li>
                <span class="test-name">Test (14 classes)</span>
              </li>
            </ul>
          </div> <!-- main-panel-content rounded-window-bottom -->
        </div> <!-- panel -->
        <div panel-name="group-Suite" class="panel">
          <div class="main-panel-header rounded-window-top">
            <span class="header-content">Groups for Suite</span>
          </div> <!-- main-panel-header rounded-window-top -->
          <div class="main-panel-content rounded-window-bottom">
          </div> <!-- main-panel-content rounded-window-bottom -->
        </div> <!-- panel -->
        <div panel-name="times-Suite" class="panel">
          <div class="main-panel-header rounded-window-top">
            <span class="header-content">Times for Suite</span>
          </div> <!-- main-panel-header rounded-window-top -->
          <div class="main-panel-content rounded-window-bottom">
            <div class="times-div">
              <script type="text/javascript">
suiteTableInitFunctions.push('tableData_Suite');
function tableData_Suite() {
var data = new google.visualization.DataTable();
data.addColumn('number', 'Number');
data.addColumn('string', 'Method');
data.addColumn('string', 'Class');
data.addColumn('number', 'Time (ms)');
data.addRows(56);
data.setCell(0, 0, 0)
data.setCell(0, 1, 'userCanRegiset')
data.setCell(0, 2, 'tests.ReviewTest')
data.setCell(0, 3, 6548);
data.setCell(1, 0, 1)
data.setCell(1, 1, 'userCanTestSucessfully')
data.setCell(1, 2, 'tests.EmailFriendTest')
data.setCell(1, 3, 5626);
data.setCell(2, 0, 2)
data.setCell(2, 1, 'userCanSearchForProduct')
data.setCell(2, 2, 'tests.ShoppingCartTest')
data.setCell(2, 3, 5086);
data.setCell(3, 0, 3)
data.setCell(3, 1, 'userCanTestSucessfully')
data.setCell(3, 2, 'tests.userRegistrationTest')
data.setCell(3, 3, 5058);
data.setCell(4, 0, 4)
data.setCell(4, 1, 'completeOrder')
data.setCell(4, 2, 'tests.userLoginTest')
data.setCell(4, 3, 5035);
data.setCell(5, 0, 5)
data.setCell(5, 1, 'openCart')
data.setCell(5, 2, 'tests.CheckoutAsGuestTest')
data.setCell(5, 3, 5031);
data.setCell(6, 0, 6)
data.setCell(6, 1, 'removeCoparisonProducts')
data.setCell(6, 2, 'tests.ComparisonTest')
data.setCell(6, 3, 5008);
data.setCell(7, 0, 7)
data.setCell(7, 1, 'usercanAddFirstItemToproduct')
data.setCell(7, 2, 'tests.ComparisonTest')
data.setCell(7, 3, 5005);
data.setCell(8, 0, 8)
data.setCell(8, 1, 'userCanSearchForProduct')
data.setCell(8, 2, 'tests.CheckoutAsGuestTest')
data.setCell(8, 3, 4195);
data.setCell(9, 0, 9)
data.setCell(9, 1, 'searchProductUsingAutoSuggest')
data.setCell(9, 2, 'tests.SearchProductByAutocompleteTest')
data.setCell(9, 3, 2806);
data.setCell(10, 0, 10)
data.setCell(10, 1, 'searchForproduct')
data.setCell(10, 2, 'tests.WishlistTset')
data.setCell(10, 3, 2394);
data.setCell(11, 0, 11)
data.setCell(11, 1, 'userCanSearchForProduct')
data.setCell(11, 2, 'tests.SearchProductTest')
data.setCell(11, 3, 1642);
data.setCell(12, 0, 12)
data.setCell(12, 1, 'userUseContactUsQuery')
data.setCell(12, 2, 'tests.ContactUsTest')
data.setCell(12, 3, 1406);
data.setCell(13, 0, 13)
data.setCell(13, 1, 'openwishlistPage')
data.setCell(13, 2, 'tests.WishlistTset')
data.setCell(13, 3, 1314);
data.setCell(14, 0, 14)
data.setCell(14, 1, 'userCanLoginSucesessfully')
data.setCell(14, 2, 'tests.userLoginTest')
data.setCell(14, 3, 1186);
data.setCell(15, 0, 15)
data.setCell(15, 1, 'UserchangeCurrencySucsessfuly')
data.setCell(15, 2, 'tests.CurrencySelectTest')
data.setCell(15, 3, 974);
data.setCell(16, 0, 16)
data.setCell(16, 1, 'userOpennootbookspage')
data.setCell(16, 2, 'tests.hoverMenuTset')
data.setCell(16, 3, 880);
data.setCell(17, 0, 17)
data.setCell(17, 1, 'userChangeSortionSucsessfully')
data.setCell(17, 2, 'tests.JewelerytSortByTest')
data.setCell(17, 3, 780);
data.setCell(18, 0, 18)
data.setCell(18, 1, 'completeOrder')
data.setCell(18, 2, 'tests.ComparisonTest')
data.setCell(18, 3, 523);
data.setCell(19, 0, 19)
data.setCell(19, 1, 'completeOrder')
data.setCell(19, 2, 'tests.CheckoutAsGuestTest')
data.setCell(19, 3, 511);
data.setCell(20, 0, 20)
data.setCell(20, 1, 'completeOrder')
data.setCell(20, 2, 'tests.JewelerytSortByTest')
data.setCell(20, 3, 492);
data.setCell(21, 0, 21)
data.setCell(21, 1, 'completeOrder')
data.setCell(21, 2, 'tests.ReviewTest')
data.setCell(21, 3, 483);
data.setCell(22, 0, 22)
data.setCell(22, 1, 'completeOrder')
data.setCell(22, 2, 'tests.SearchProductTest')
data.setCell(22, 3, 480);
data.setCell(23, 0, 23)
data.setCell(23, 1, 'completeOrder')
data.setCell(23, 2, 'tests.CurrencySelectTest')
data.setCell(23, 3, 456);
data.setCell(24, 0, 24)
data.setCell(24, 1, 'removeItemFromWishlist')
data.setCell(24, 2, 'tests.WishlistTset')
data.setCell(24, 3, 454);
data.setCell(25, 0, 25)
data.setCell(25, 1, 'completeOrder')
data.setCell(25, 2, 'tests.WishlistTset')
data.setCell(25, 3, 453);
data.setCell(26, 0, 26)
data.setCell(26, 1, 'completeOrder')
data.setCell(26, 2, 'tests.SearchProductByAutocompleteTest')
data.setCell(26, 3, 448);
data.setCell(27, 0, 27)
data.setCell(27, 1, 'completeOrder')
data.setCell(27, 2, 'tests.hoverMenuTset')
data.setCell(27, 3, 444);
data.setCell(28, 0, 28)
data.setCell(28, 1, 'completeOrder')
data.setCell(28, 2, 'tests.ContactUsTest')
data.setCell(28, 3, 443);
data.setCell(29, 0, 29)
data.setCell(29, 1, 'completeOrder')
data.setCell(29, 2, 'tests.ShoppingCartTest')
data.setCell(29, 3, 443);
data.setCell(30, 0, 30)
data.setCell(30, 1, 'completeOrder')
data.setCell(30, 2, 'tests.userRegistrationTest')
data.setCell(30, 3, 442);
data.setCell(31, 0, 31)
data.setCell(31, 1, 'completeOrder')
data.setCell(31, 2, 'tests.EmailFriendTest')
data.setCell(31, 3, 435);
data.setCell(32, 0, 32)
data.setCell(32, 1, 'addItemToWishist')
data.setCell(32, 2, 'tests.WishlistTset')
data.setCell(32, 3, 48);
data.setCell(33, 0, 33)
data.setCell(33, 1, 'userAddProductToCart')
data.setCell(33, 2, 'tests.CheckoutAsGuestTest')
data.setCell(33, 3, 44);
data.setCell(34, 0, 34)
data.setCell(34, 1, 'confirmOrder')
data.setCell(34, 2, 'tests.CheckoutAsGuestTest')
data.setCell(34, 3, 0);
data.setCell(35, 0, 35)
data.setCell(35, 1, 'openCart')
data.setCell(35, 2, 'tests.ShoppingCartTest')
data.setCell(35, 3, 0);
data.setCell(36, 0, 36)
data.setCell(36, 1, 'checkingProduct')
data.setCell(36, 2, 'tests.ShoppingCartTest')
data.setCell(36, 3, 0);
data.setCell(37, 0, 37)
data.setCell(37, 1, 'checkAsGuest')
data.setCell(37, 2, 'tests.CheckoutAsGuestTest')
data.setCell(37, 3, 0);
data.setCell(38, 0, 38)
data.setCell(38, 1, 'userCanLogout')
data.setCell(38, 2, 'tests.ReviewTest')
data.setCell(38, 3, 0);
data.setCell(39, 0, 39)
data.setCell(39, 1, 'printOrder')
data.setCell(39, 2, 'tests.CheckoutAsGuestTest')
data.setCell(39, 3, 0);
data.setCell(40, 0, 40)
data.setCell(40, 1, 'groundShippingMethod')
data.setCell(40, 2, 'tests.CheckoutAsGuestTest')
data.setCell(40, 3, 0);
data.setCell(41, 0, 41)
data.setCell(41, 1, 'opencheckoutpage')
data.setCell(41, 2, 'tests.CheckoutAsGuestTest')
data.setCell(41, 3, 0);
data.setCell(42, 0, 42)
data.setCell(42, 1, 'downloadInvoic')
data.setCell(42, 2, 'tests.CheckoutAsGuestTest')
data.setCell(42, 3, 0);
data.setCell(43, 0, 43)
data.setCell(43, 1, 'openOrderDetailslink')
data.setCell(43, 2, 'tests.CheckoutAsGuestTest')
data.setCell(43, 3, 0);
data.setCell(44, 0, 44)
data.setCell(44, 1, 'userEmailFriendSucsessfully')
data.setCell(44, 2, 'tests.EmailFriendTest')
data.setCell(44, 3, 0);
data.setCell(45, 0, 45)
data.setCell(45, 1, 'userCanLoginSucesessfully')
data.setCell(45, 2, 'tests.userRegistrationTest')
data.setCell(45, 3, 0);
data.setCell(46, 0, 46)
data.setCell(46, 1, 'fillBillingAddress')
data.setCell(46, 2, 'tests.CheckoutAsGuestTest')
data.setCell(46, 3, 0);
data.setCell(47, 0, 47)
data.setCell(47, 1, 'PaymentInformation')
data.setCell(47, 2, 'tests.CheckoutAsGuestTest')
data.setCell(47, 3, 0);
data.setCell(48, 0, 48)
data.setCell(48, 1, 'userAddReview')
data.setCell(48, 2, 'tests.ReviewTest')
data.setCell(48, 3, 0);
data.setCell(49, 0, 49)
data.setCell(49, 1, 'creditCardPaymentMethod')
data.setCell(49, 2, 'tests.CheckoutAsGuestTest')
data.setCell(49, 3, 0);
data.setCell(50, 0, 50)
data.setCell(50, 1, 'userAddProductToCart')
data.setCell(50, 2, 'tests.ShoppingCartTest')
data.setCell(50, 3, 0);
data.setCell(51, 0, 51)
data.setCell(51, 1, 'userCanLogoutSucessfully')
data.setCell(51, 2, 'tests.userRegistrationTest')
data.setCell(51, 3, 0);
data.setCell(52, 0, 52)
data.setCell(52, 1, 'addQty')
data.setCell(52, 2, 'tests.ShoppingCartTest')
data.setCell(52, 3, 0);
data.setCell(53, 0, 53)
data.setCell(53, 1, 'userSearchProduct')
data.setCell(53, 2, 'tests.ReviewTest')
data.setCell(53, 3, 0);
data.setCell(54, 0, 54)
data.setCell(54, 1, 'usercanAddSecondItemToproduct')
data.setCell(54, 2, 'tests.ComparisonTest')
data.setCell(54, 3, 0);
data.setCell(55, 0, 55)
data.setCell(55, 1, 'searchProductUsingAutoSuggest')
data.setCell(55, 2, 'tests.EmailFriendTest')
data.setCell(55, 3, 0);
window.suiteTableData['Suite']= { tableData: data, tableDiv: 'times-div-Suite'}
return data;
}
              </script>
              <span class="suite-total-time">Total running time: 1 minutes</span>
              <div id="times-div-Suite">
              </div> <!-- times-div-Suite -->
            </div> <!-- times-div -->
          </div> <!-- main-panel-content rounded-window-bottom -->
        </div> <!-- panel -->
        <div panel-name="reporter-Suite" class="panel">
          <div class="main-panel-header rounded-window-top">
            <span class="header-content">Reporter output for Suite</span>
          </div> <!-- main-panel-header rounded-window-top -->
          <div class="main-panel-content rounded-window-bottom">
          </div> <!-- main-panel-content rounded-window-bottom -->
        </div> <!-- panel -->
        <div panel-name="ignored-methods-Suite" class="panel">
          <div class="main-panel-header rounded-window-top">
            <span class="header-content">26 ignored methods</span>
          </div> <!-- main-panel-header rounded-window-top -->
          <div class="main-panel-content rounded-window-bottom">
            <div class="ignored-class-div">
              <span class="ignored-class-name">tests.hoverMenuTset</span>
              <div class="ignored-methods-div">
                <span class="ignored-method-name">startDriver</span>
                <br/>
                <span class="ignored-method-name">stopDriver</span>
                <br/>
              </div> <!-- ignored-methods-div -->
            </div> <!-- ignored-class-div -->
            <div class="ignored-class-div">
              <span class="ignored-class-name">tests.CurrencySelectTest</span>
              <div class="ignored-methods-div">
                <span class="ignored-method-name">stopDriver</span>
                <br/>
                <span class="ignored-method-name">startDriver</span>
                <br/>
              </div> <!-- ignored-methods-div -->
            </div> <!-- ignored-class-div -->
            <div class="ignored-class-div">
              <span class="ignored-class-name">tests.EmailFriendTest</span>
              <div class="ignored-methods-div">
                <span class="ignored-method-name">stopDriver</span>
                <br/>
                <span class="ignored-method-name">startDriver</span>
                <br/>
              </div> <!-- ignored-methods-div -->
            </div> <!-- ignored-class-div -->
            <div class="ignored-class-div">
              <span class="ignored-class-name">tests.ComparisonTest</span>
              <div class="ignored-methods-div">
                <span class="ignored-method-name">stopDriver</span>
                <br/>
                <span class="ignored-method-name">startDriver</span>
                <br/>
              </div> <!-- ignored-methods-div -->
            </div> <!-- ignored-class-div -->
            <div class="ignored-class-div">
              <span class="ignored-class-name">tests.userLoginTest</span>
              <div class="ignored-methods-div">
                <span class="ignored-method-name">stopDriver</span>
                <br/>
                <span class="ignored-method-name">startDriver</span>
                <br/>
              </div> <!-- ignored-methods-div -->
            </div> <!-- ignored-class-div -->
            <div class="ignored-class-div">
              <span class="ignored-class-name">tests.JewelerytSortByTest</span>
              <div class="ignored-methods-div">
                <span class="ignored-method-name">startDriver</span>
                <br/>
                <span class="ignored-method-name">stopDriver</span>
                <br/>
              </div> <!-- ignored-methods-div -->
            </div> <!-- ignored-class-div -->
            <div class="ignored-class-div">
              <span class="ignored-class-name">tests.ShoppingCartTest</span>
              <div class="ignored-methods-div">
                <span class="ignored-method-name">startDriver</span>
                <br/>
                <span class="ignored-method-name">stopDriver</span>
                <br/>
              </div> <!-- ignored-methods-div -->
            </div> <!-- ignored-class-div -->
            <div class="ignored-class-div">
              <span class="ignored-class-name">tests.userRegistrationTest</span>
              <div class="ignored-methods-div">
                <span class="ignored-method-name">startDriver</span>
                <br/>
                <span class="ignored-method-name">stopDriver</span>
                <br/>
              </div> <!-- ignored-methods-div -->
            </div> <!-- ignored-class-div -->
            <div class="ignored-class-div">
              <span class="ignored-class-name">tests.WishlistTset</span>
              <div class="ignored-methods-div">
                <span class="ignored-method-name">startDriver</span>
                <br/>
                <span class="ignored-method-name">stopDriver</span>
                <br/>
              </div> <!-- ignored-methods-div -->
            </div> <!-- ignored-class-div -->
            <div class="ignored-class-div">
              <span class="ignored-class-name">tests.SearchProductTest</span>
              <div class="ignored-methods-div">
                <span class="ignored-method-name">startDriver</span>
                <br/>
                <span class="ignored-method-name">stopDriver</span>
                <br/>
              </div> <!-- ignored-methods-div -->
            </div> <!-- ignored-class-div -->
            <div class="ignored-class-div">
              <span class="ignored-class-name">tests.ContactUsTest</span>
              <div class="ignored-methods-div">
                <span class="ignored-method-name">startDriver</span>
                <br/>
                <span class="ignored-method-name">stopDriver</span>
                <br/>
              </div> <!-- ignored-methods-div -->
            </div> <!-- ignored-class-div -->
            <div class="ignored-class-div">
              <span class="ignored-class-name">tests.CheckoutAsGuestTest</span>
              <div class="ignored-methods-div">
                <span class="ignored-method-name">startDriver</span>
                <br/>
                <span class="ignored-method-name">stopDriver</span>
                <br/>
              </div> <!-- ignored-methods-div -->
            </div> <!-- ignored-class-div -->
            <div class="ignored-class-div">
              <span class="ignored-class-name">tests.SearchProductByAutocompleteTest</span>
              <div class="ignored-methods-div">
                <span class="ignored-method-name">stopDriver</span>
                <br/>
                <span class="ignored-method-name">startDriver</span>
                <br/>
              </div> <!-- ignored-methods-div -->
            </div> <!-- ignored-class-div -->
          </div> <!-- main-panel-content rounded-window-bottom -->
        </div> <!-- panel -->
        <div panel-name="chronological-Suite" class="panel">
          <div class="main-panel-header rounded-window-top">
            <span class="header-content">Methods in chronological order</span>
          </div> <!-- main-panel-header rounded-window-top -->
          <div class="main-panel-content rounded-window-bottom">
            <div class="chronological-class">
              <div class="chronological-class-name">tests.ReviewTest</div> <!-- chronological-class-name -->
              <div class="configuration-suite before">
                <span class="method-name">startDriver(chrome)</span>
                <span class="method-start">0 ms</span>
              </div> <!-- configuration-suite before -->
            </div> <!-- chronological-class -->
            <div class="chronological-class">
              <div class="chronological-class-name">tests.CurrencySelectTest</div> <!-- chronological-class-name -->
              <div class="test-method">
                <span class="method-name">UserchangeCurrencySucsessfuly</span>
                <span class="method-start">4220 ms</span>
              </div> <!-- test-method -->
              <div class="configuration-method after">
                <span class="method-name">screenshotonFailure([TestResult name=UserchangeCurrencySucsessfuly status=SUCCESS method=CurrencySelectTest.UserchangeCu...)</span>
                <span class="method-start">5195 ms</span>
              </div> <!-- configuration-method after -->
            </div> <!-- chronological-class -->
            <div class="chronological-class">
              <div class="chronological-class-name">tests.CheckoutAsGuestTest</div> <!-- chronological-class-name -->
              <div class="test-method">
                <span class="method-name">completeOrder</span>
                <span class="method-start">5197 ms</span>
              </div> <!-- test-method -->
              <div class="configuration-method after">
                <span class="method-name">screenshotonFailure([TestResult name=completeOrder status=SUCCESS method=CheckoutAsGuestTest.completeOrder()[pri:0, inst...)</span>
                <span class="method-start">5708 ms</span>
              </div> <!-- configuration-method after -->
            </div> <!-- chronological-class -->
            <div class="chronological-class">
              <div class="chronological-class-name">tests.ComparisonTest</div> <!-- chronological-class-name -->
              <div class="test-method">
                <span class="method-name">completeOrder</span>
                <span class="method-start">5709 ms</span>
              </div> <!-- test-method -->
              <div class="configuration-method after">
                <span class="method-name">screenshotonFailure([TestResult name=completeOrder status=SUCCESS method=ComparisonTest.completeOrder()[pri:0, instance:...)</span>
                <span class="method-start">6233 ms</span>
              </div> <!-- configuration-method after -->
            </div> <!-- chronological-class -->
            <div class="chronological-class">
              <div class="chronological-class-name">tests.ContactUsTest</div> <!-- chronological-class-name -->
              <div class="test-method">
                <span class="method-name">completeOrder</span>
                <span class="method-start">6233 ms</span>
              </div> <!-- test-method -->
              <div class="configuration-method after">
                <span class="method-name">screenshotonFailure([TestResult name=completeOrder status=SUCCESS method=ContactUsTest.completeOrder()[pri:0, instance:t...)</span>
                <span class="method-start">6676 ms</span>
              </div> <!-- configuration-method after -->
            </div> <!-- chronological-class -->
            <div class="chronological-class">
              <div class="chronological-class-name">tests.CurrencySelectTest</div> <!-- chronological-class-name -->
              <div class="test-method">
                <span class="method-name">completeOrder</span>
                <span class="method-start">6677 ms</span>
              </div> <!-- test-method -->
              <div class="configuration-method after">
                <span class="method-name">screenshotonFailure([TestResult name=completeOrder status=SUCCESS method=CurrencySelectTest.completeOrder()[pri:0, insta...)</span>
                <span class="method-start">7133 ms</span>
              </div> <!-- configuration-method after -->
            </div> <!-- chronological-class -->
            <div class="chronological-class">
              <div class="chronological-class-name">tests.EmailFriendTest</div> <!-- chronological-class-name -->
              <div class="test-method">
                <span class="method-name">completeOrder</span>
                <span class="method-start">7134 ms</span>
              </div> <!-- test-method -->
              <div class="configuration-method after">
                <span class="method-name">screenshotonFailure([TestResult name=completeOrder status=SUCCESS method=EmailFriendTest.completeOrder()[pri:0, instance...)</span>
                <span class="method-start">7569 ms</span>
              </div> <!-- configuration-method after -->
            </div> <!-- chronological-class -->
            <div class="chronological-class">
              <div class="chronological-class-name">tests.JewelerytSortByTest</div> <!-- chronological-class-name -->
              <div class="test-method">
                <span class="method-name">completeOrder</span>
                <span class="method-start">7570 ms</span>
              </div> <!-- test-method -->
              <div class="configuration-method after">
                <span class="method-name">screenshotonFailure([TestResult name=completeOrder status=SUCCESS method=JewelerytSortByTest.completeOrder()[pri:0, inst...)</span>
                <span class="method-start">8062 ms</span>
              </div> <!-- configuration-method after -->
            </div> <!-- chronological-class -->
            <div class="chronological-class">
              <div class="chronological-class-name">tests.SearchProductByAutocompleteTest</div> <!-- chronological-class-name -->
              <div class="test-method">
                <span class="method-name">completeOrder</span>
                <span class="method-start">8062 ms</span>
              </div> <!-- test-method -->
              <div class="configuration-method after">
                <span class="method-name">screenshotonFailure([TestResult name=completeOrder status=SUCCESS method=SearchProductByAutocompleteTest.completeOrder()...)</span>
                <span class="method-start">8510 ms</span>
              </div> <!-- configuration-method after -->
            </div> <!-- chronological-class -->
            <div class="chronological-class">
              <div class="chronological-class-name">tests.SearchProductTest</div> <!-- chronological-class-name -->
              <div class="test-method">
                <span class="method-name">completeOrder</span>
                <span class="method-start">8511 ms</span>
              </div> <!-- test-method -->
              <div class="configuration-method after">
                <span class="method-name">screenshotonFailure([TestResult name=completeOrder status=SUCCESS method=SearchProductTest.completeOrder()[pri:0, instan...)</span>
                <span class="method-start">8991 ms</span>
              </div> <!-- configuration-method after -->
            </div> <!-- chronological-class -->
            <div class="chronological-class">
              <div class="chronological-class-name">tests.ShoppingCartTest</div> <!-- chronological-class-name -->
              <div class="test-method">
                <span class="method-name">completeOrder</span>
                <span class="method-start">8992 ms</span>
              </div> <!-- test-method -->
              <div class="configuration-method after">
                <span class="method-name">screenshotonFailure([TestResult name=completeOrder status=SUCCESS method=ShoppingCartTest.completeOrder()[pri:0, instanc...)</span>
                <span class="method-start">9435 ms</span>
              </div> <!-- configuration-method after -->
            </div> <!-- chronological-class -->
            <div class="chronological-class">
              <div class="chronological-class-name">tests.WishlistTset</div> <!-- chronological-class-name -->
              <div class="test-method">
                <span class="method-name">completeOrder</span>
                <span class="method-start">9436 ms</span>
              </div> <!-- test-method -->
            </div> <!-- chronological-class -->
            <div class="chronological-class">
              <div class="chronological-class-name">tests.hoverMenuTset</div> <!-- chronological-class-name -->
              <div class="test-method">
                <span class="method-name">completeOrder</span>
                <span class="method-start">9889 ms</span>
              </div> <!-- test-method -->
            </div> <!-- chronological-class -->
            <div class="chronological-class">
              <div class="chronological-class-name">tests.WishlistTset</div> <!-- chronological-class-name -->
              <div class="configuration-method after">
                <span class="method-name">screenshotonFailure([TestResult name=completeOrder status=SUCCESS method=WishlistTset.completeOrder()[pri:0, instance:te...)</span>
                <span class="method-start">9889 ms</span>
              </div> <!-- configuration-method after -->
            </div> <!-- chronological-class -->
            <div class="chronological-class">
              <div class="chronological-class-name">tests.hoverMenuTset</div> <!-- chronological-class-name -->
              <div class="configuration-method after">
                <span class="method-name">screenshotonFailure([TestResult name=completeOrder status=SUCCESS method=hoverMenuTset.completeOrder()[pri:0, instance:t...)</span>
                <span class="method-start">10333 ms</span>
              </div> <!-- configuration-method after -->
            </div> <!-- chronological-class -->
            <div class="chronological-class">
              <div class="chronological-class-name">tests.userRegistrationTest</div> <!-- chronological-class-name -->
              <div class="test-method">
                <span class="method-name">completeOrder</span>
                <span class="method-start">10333 ms</span>
              </div> <!-- test-method -->
              <div class="configuration-method after">
                <span class="method-name">screenshotonFailure([TestResult name=completeOrder status=SUCCESS method=userRegistrationTest.completeOrder()[pri:0, ins...)</span>
                <span class="method-start">10775 ms</span>
              </div> <!-- configuration-method after -->
            </div> <!-- chronological-class -->
            <div class="chronological-class">
              <div class="chronological-class-name">tests.ReviewTest</div> <!-- chronological-class-name -->
              <div class="test-method">
                <span class="method-name">completeOrder</span>
                <span class="method-start">10775 ms</span>
              </div> <!-- test-method -->
              <div class="configuration-method after">
                <span class="method-name">screenshotonFailure([TestResult name=completeOrder status=SUCCESS method=ReviewTest.completeOrder()[pri:0, instance:test...)</span>
                <span class="method-start">11258 ms</span>
              </div> <!-- configuration-method after -->
            </div> <!-- chronological-class -->
            <div class="chronological-class">
              <div class="chronological-class-name">tests.SearchProductByAutocompleteTest</div> <!-- chronological-class-name -->
              <div class="test-method">
                <span class="method-name">searchProductUsingAutoSuggest</span>
                <span class="method-start">11258 ms</span>
              </div> <!-- test-method -->
              <div class="configuration-method after">
                <span class="method-name">screenshotonFailure([TestResult name=searchProductUsingAutoSuggest status=SUCCESS method=SearchProductByAutocompleteTest...)</span>
                <span class="method-start">14064 ms</span>
              </div> <!-- configuration-method after -->
            </div> <!-- chronological-class -->
            <div class="chronological-class">
              <div class="chronological-class-name">tests.SearchProductTest</div> <!-- chronological-class-name -->
              <div class="test-method">
                <span class="method-name">userCanSearchForProduct</span>
                <span class="method-start">14064 ms</span>
              </div> <!-- test-method -->
              <div class="configuration-method after">
                <span class="method-name">screenshotonFailure([TestResult name=userCanSearchForProduct status=SUCCESS method=SearchProductTest.userCanSearchForPro...)</span>
                <span class="method-start">15706 ms</span>
              </div> <!-- configuration-method after -->
            </div> <!-- chronological-class -->
            <div class="chronological-class">
              <div class="chronological-class-name">tests.JewelerytSortByTest</div> <!-- chronological-class-name -->
              <div class="test-method">
                <span class="method-name">userChangeSortionSucsessfully</span>
                <span class="method-start">15707 ms</span>
              </div> <!-- test-method -->
              <div class="configuration-method after">
                <span class="method-name">screenshotonFailure([TestResult name=userChangeSortionSucsessfully status=SUCCESS method=JewelerytSortByTest.userChangeS...)</span>
                <span class="method-start">16487 ms</span>
              </div> <!-- configuration-method after -->
            </div> <!-- chronological-class -->
            <div class="chronological-class">
              <div class="chronological-class-name">tests.hoverMenuTset</div> <!-- chronological-class-name -->
              <div class="test-method">
                <span class="method-name">userOpennootbookspage</span>
                <span class="method-start">16488 ms</span>
              </div> <!-- test-method -->
            </div> <!-- chronological-class -->
            <div class="chronological-class">
              <div class="chronological-class-name">tests.ContactUsTest</div> <!-- chronological-class-name -->
              <div class="test-method">
                <span class="method-name">userUseContactUsQuery</span>
                <span class="method-start">17368 ms</span>
              </div> <!-- test-method -->
            </div> <!-- chronological-class -->
            <div class="chronological-class">
              <div class="chronological-class-name">tests.hoverMenuTset</div> <!-- chronological-class-name -->
              <div class="configuration-method after">
                <span class="method-name">screenshotonFailure([TestResult name=userOpennootbookspage status=SUCCESS method=hoverMenuTset.userOpennootbookspage()[p...)</span>
                <span class="method-start">17368 ms</span>
              </div> <!-- configuration-method after -->
            </div> <!-- chronological-class -->
            <div class="chronological-class">
              <div class="chronological-class-name">tests.ContactUsTest</div> <!-- chronological-class-name -->
              <div class="configuration-method after">
                <span class="method-name">screenshotonFailure([TestResult name=userUseContactUsQuery status=SUCCESS method=ContactUsTest.userUseContactUsQuery()[p...)</span>
                <span class="method-start">18774 ms</span>
              </div> <!-- configuration-method after -->
            </div> <!-- chronological-class -->
            <div class="chronological-class">
              <div class="chronological-class-name">tests.WishlistTset</div> <!-- chronological-class-name -->
              <div class="test-method">
                <span class="method-name">searchForproduct</span>
                <span class="method-start">18774 ms</span>
              </div> <!-- test-method -->
              <div class="configuration-method after">
                <span class="method-name">screenshotonFailure([TestResult name=searchForproduct status=SUCCESS method=WishlistTset.searchForproduct()[pri:1, insta...)</span>
                <span class="method-start">21168 ms</span>
              </div> <!-- configuration-method after -->
              <div class="test-method">
                <span class="method-name">addItemToWishist</span>
                <span class="method-start">21169 ms</span>
              </div> <!-- test-method -->
              <div class="configuration-method after">
                <span class="method-name">screenshotonFailure([TestResult name=addItemToWishist status=SUCCESS method=WishlistTset.addItemToWishist()[pri:0, insta...)</span>
                <span class="method-start">21217 ms</span>
              </div> <!-- configuration-method after -->
              <div class="test-method">
                <span class="method-name">openwishlistPage</span>
                <span class="method-start">21219 ms</span>
              </div> <!-- test-method -->
              <div class="configuration-method after">
                <span class="method-name">screenshotonFailure([TestResult name=openwishlistPage status=SUCCESS method=WishlistTset.openwishlistPage()[pri:0, insta...)</span>
                <span class="method-start">22533 ms</span>
              </div> <!-- configuration-method after -->
              <div class="test-method">
                <span class="method-name">removeItemFromWishlist</span>
                <span class="method-start">22533 ms</span>
              </div> <!-- test-method -->
            </div> <!-- chronological-class -->
            <div class="chronological-class">
              <div class="chronological-class-name">tests.userLoginTest</div> <!-- chronological-class-name -->
              <div class="test-method">
                <span class="method-name">userCanLoginSucesessfully</span>
                <span class="method-start">22987 ms</span>
              </div> <!-- test-method -->
            </div> <!-- chronological-class -->
            <div class="chronological-class">
              <div class="chronological-class-name">tests.WishlistTset</div> <!-- chronological-class-name -->
              <div class="configuration-method after">
                <span class="method-name">screenshotonFailure([TestResult name=removeItemFromWishlist status=SUCCESS method=WishlistTset.removeItemFromWishlist()[...)</span>
                <span class="method-start">22987 ms</span>
              </div> <!-- configuration-method after -->
            </div> <!-- chronological-class -->
            <div class="chronological-class">
              <div class="chronological-class-name">tests.userLoginTest</div> <!-- chronological-class-name -->
              <div class="configuration-method after">
                <span class="method-name">screenshotonFailure([TestResult name=userCanLoginSucesessfully status=SUCCESS method=userLoginTest.userCanLoginSucesessf...)</span>
                <span class="method-start">24173 ms</span>
              </div> <!-- configuration-method after -->
            </div> <!-- chronological-class -->
            <div class="chronological-class">
              <div class="chronological-class-name">tests.ReviewTest</div> <!-- chronological-class-name -->
              <div class="test-method">
                <img src="failed.png">
                </img>
                <span class="method-name">userCanRegiset</span>
                <span class="method-start">24174 ms</span>
              </div> <!-- test-method -->
              <div class="configuration-method after">
                <span class="method-name">screenshotonFailure([TestResult name=userCanRegiset status=FAILURE method=ReviewTest.userCanRegiset()[pri:1, instance:te...)</span>
                <span class="method-start">30726 ms</span>
              </div> <!-- configuration-method after -->
              <div class="test-method">
                <span class="method-name">userSearchProduct</span>
                <span class="method-start">30860 ms</span>
              </div> <!-- test-method -->
              <div class="test-method">
                <span class="method-name">userAddReview</span>
                <span class="method-start">30861 ms</span>
              </div> <!-- test-method -->
              <div class="test-method">
                <span class="method-name">userCanLogout</span>
                <span class="method-start">30862 ms</span>
              </div> <!-- test-method -->
            </div> <!-- chronological-class -->
            <div class="chronological-class">
              <div class="chronological-class-name">tests.CheckoutAsGuestTest</div> <!-- chronological-class-name -->
              <div class="test-method">
                <span class="method-name">userCanSearchForProduct</span>
                <span class="method-start">30862 ms</span>
              </div> <!-- test-method -->
              <div class="configuration-method after">
                <span class="method-name">screenshotonFailure([TestResult name=userCanSearchForProduct status=SUCCESS method=CheckoutAsGuestTest.userCanSearchForP...)</span>
                <span class="method-start">35057 ms</span>
              </div> <!-- configuration-method after -->
              <div class="test-method">
                <span class="method-name">userAddProductToCart</span>
                <span class="method-start">35058 ms</span>
              </div> <!-- test-method -->
              <div class="configuration-method after">
                <span class="method-name">screenshotonFailure([TestResult name=userAddProductToCart status=SUCCESS method=CheckoutAsGuestTest.userAddProductToCart...)</span>
                <span class="method-start">35103 ms</span>
              </div> <!-- configuration-method after -->
              <div class="test-method">
                <img src="failed.png">
                </img>
                <span class="method-name">openCart</span>
                <span class="method-start">35103 ms</span>
              </div> <!-- test-method -->
              <div class="configuration-method after">
                <span class="method-name">screenshotonFailure([TestResult name=openCart status=FAILURE method=CheckoutAsGuestTest.openCart()[pri:0, instance:tests...)</span>
                <span class="method-start">40135 ms</span>
              </div> <!-- configuration-method after -->
              <div class="test-method">
                <span class="method-name">checkAsGuest</span>
                <span class="method-start">40325 ms</span>
              </div> <!-- test-method -->
              <div class="test-method">
                <span class="method-name">opencheckoutpage</span>
                <span class="method-start">40325 ms</span>
              </div> <!-- test-method -->
              <div class="test-method">
                <span class="method-name">groundShippingMethod</span>
                <span class="method-start">40326 ms</span>
              </div> <!-- test-method -->
              <div class="test-method">
                <span class="method-name">fillBillingAddress</span>
                <span class="method-start">40326 ms</span>
              </div> <!-- test-method -->
              <div class="test-method">
                <span class="method-name">creditCardPaymentMethod</span>
                <span class="method-start">40327 ms</span>
              </div> <!-- test-method -->
              <div class="test-method">
                <span class="method-name">PaymentInformation</span>
                <span class="method-start">40327 ms</span>
              </div> <!-- test-method -->
              <div class="test-method">
                <span class="method-name">openOrderDetailslink</span>
                <span class="method-start">40328 ms</span>
              </div> <!-- test-method -->
              <div class="test-method">
                <span class="method-name">confirmOrder</span>
                <span class="method-start">40328 ms</span>
              </div> <!-- test-method -->
              <div class="test-method">
                <span class="method-name">downloadInvoic</span>
                <span class="method-start">40329 ms</span>
              </div> <!-- test-method -->
            </div> <!-- chronological-class -->
            <div class="chronological-class">
              <div class="chronological-class-name">tests.ShoppingCartTest</div> <!-- chronological-class-name -->
              <div class="test-method">
                <img src="failed.png">
                </img>
                <span class="method-name">userCanSearchForProduct</span>
                <span class="method-start">40329 ms</span>
              </div> <!-- test-method -->
            </div> <!-- chronological-class -->
            <div class="chronological-class">
              <div class="chronological-class-name">tests.CheckoutAsGuestTest</div> <!-- chronological-class-name -->
              <div class="test-method">
                <span class="method-name">printOrder</span>
                <span class="method-start">40329 ms</span>
              </div> <!-- test-method -->
            </div> <!-- chronological-class -->
            <div class="chronological-class">
              <div class="chronological-class-name">tests.ShoppingCartTest</div> <!-- chronological-class-name -->
              <div class="configuration-method after">
                <span class="method-name">screenshotonFailure([TestResult name=userCanSearchForProduct status=FAILURE method=ShoppingCartTest.userCanSearchForProd...)</span>
                <span class="method-start">45415 ms</span>
              </div> <!-- configuration-method after -->
              <div class="test-method">
                <span class="method-name">openCart</span>
                <span class="method-start">45594 ms</span>
              </div> <!-- test-method -->
              <div class="test-method">
                <span class="method-name">checkingProduct</span>
                <span class="method-start">45594 ms</span>
              </div> <!-- test-method -->
              <div class="test-method">
                <span class="method-name">userAddProductToCart</span>
                <span class="method-start">45594 ms</span>
              </div> <!-- test-method -->
              <div class="test-method">
                <span class="method-name">addQty</span>
                <span class="method-start">45594 ms</span>
              </div> <!-- test-method -->
            </div> <!-- chronological-class -->
            <div class="chronological-class">
              <div class="chronological-class-name">tests.EmailFriendTest</div> <!-- chronological-class-name -->
              <div class="test-method">
                <img src="failed.png">
                </img>
                <span class="method-name">userCanTestSucessfully</span>
                <span class="method-start">45595 ms</span>
              </div> <!-- test-method -->
              <div class="configuration-method after">
                <span class="method-name">screenshotonFailure([TestResult name=userCanTestSucessfully status=FAILURE method=EmailFriendTest.userCanTestSucessfully...)</span>
                <span class="method-start">51222 ms</span>
              </div> <!-- configuration-method after -->
              <div class="test-method">
                <span class="method-name">userEmailFriendSucsessfully</span>
                <span class="method-start">51353 ms</span>
              </div> <!-- test-method -->
              <div class="test-method">
                <span class="method-name">searchProductUsingAutoSuggest</span>
                <span class="method-start">51353 ms</span>
              </div> <!-- test-method -->
            </div> <!-- chronological-class -->
            <div class="chronological-class">
              <div class="chronological-class-name">tests.userRegistrationTest</div> <!-- chronological-class-name -->
              <div class="test-method">
                <img src="failed.png">
                </img>
                <span class="method-name">userCanTestSucessfully</span>
                <span class="method-start">51354 ms</span>
              </div> <!-- test-method -->
              <div class="configuration-method after">
                <span class="method-name">screenshotonFailure([TestResult name=userCanTestSucessfully status=FAILURE method=userRegistrationTest.userCanTestSucess...)</span>
                <span class="method-start">56413 ms</span>
              </div> <!-- configuration-method after -->
              <div class="test-method">
                <span class="method-name">userCanLoginSucesessfully</span>
                <span class="method-start">56536 ms</span>
              </div> <!-- test-method -->
              <div class="test-method">
                <span class="method-name">userCanLogoutSucessfully</span>
                <span class="method-start">56536 ms</span>
              </div> <!-- test-method -->
            </div> <!-- chronological-class -->
            <div class="chronological-class">
              <div class="chronological-class-name">tests.ComparisonTest</div> <!-- chronological-class-name -->
              <div class="test-method">
                <img src="failed.png">
                </img>
                <span class="method-name">usercanAddFirstItemToproduct</span>
                <span class="method-start">56537 ms</span>
              </div> <!-- test-method -->
              <div class="configuration-method after">
                <span class="method-name">screenshotonFailure([TestResult name=usercanAddFirstItemToproduct status=FAILURE method=ComparisonTest.usercanAddFirstIt...)</span>
                <span class="method-start">61543 ms</span>
              </div> <!-- configuration-method after -->
              <div class="test-method">
                <span class="method-name">usercanAddSecondItemToproduct</span>
                <span class="method-start">61668 ms</span>
              </div> <!-- test-method -->
            </div> <!-- chronological-class -->
            <div class="chronological-class">
              <div class="chronological-class-name">tests.userLoginTest</div> <!-- chronological-class-name -->
              <div class="test-method">
                <img src="failed.png">
                </img>
                <span class="method-name">completeOrder</span>
                <span class="method-start">61668 ms</span>
              </div> <!-- test-method -->
              <div class="configuration-method after">
                <span class="method-name">screenshotonFailure([TestResult name=completeOrder status=FAILURE method=userLoginTest.completeOrder()[pri:2, instance:t...)</span>
                <span class="method-start">66704 ms</span>
              </div> <!-- configuration-method after -->
            </div> <!-- chronological-class -->
            <div class="chronological-class">
              <div class="chronological-class-name">tests.ComparisonTest</div> <!-- chronological-class-name -->
              <div class="test-method">
                <img src="failed.png">
                </img>
                <span class="method-name">removeCoparisonProducts</span>
                <span class="method-start">66840 ms</span>
              </div> <!-- test-method -->
              <div class="configuration-method after">
                <span class="method-name">screenshotonFailure([TestResult name=removeCoparisonProducts status=FAILURE method=ComparisonTest.removeCoparisonProduct...)</span>
                <span class="method-start">71848 ms</span>
              </div> <!-- configuration-method after -->
            </div> <!-- chronological-class -->
            <div class="chronological-class">
              <div class="chronological-class-name">tests.ReviewTest</div> <!-- chronological-class-name -->
              <div class="configuration-suite after">
                <span class="method-name">stopDriver</span>
                <span class="method-start">72053 ms</span>
              </div> <!-- configuration-suite after -->
          </div> <!-- main-panel-content rounded-window-bottom -->
        </div> <!-- panel -->
      </div> <!-- main-panel-root -->
    </div> <!-- wrapper -->
  </body>
<script type="text/javascript" src="testng-reports2.js"></script>
</html>
