<?xml version="1.0" encoding="UTF-8"?>
<!-- Generated by org.testng.reporters.JUnitReportReporter -->
<testsuite hostname="DESKTOP-COEV6PK" failures="0" tests="2" name="tests.JewelerytSortByTest" time="1.704" errors="1" timestamp="2022-05-09T16:50:09 EET" skipped="0">
  <testcase classname="tests.JewelerytSortByTest" name="userChangeSortionSucsessfully" time="0.896">
    <error message="getElementDomAttribute
Build info: version: &#039;4.1.3&#039;, revision: &#039;7b1ebf28ef&#039;
System info: host: &#039;DESKTOP-COEV6PK&#039;, ip: &#039;192.168.1.2&#039;, os.name: &#039;Windows 10&#039;, os.arch: &#039;amd64&#039;, os.version: &#039;10.0&#039;, java.version: &#039;17.0.2&#039;
Driver info: org.openqa.selenium.phantomjs.PhantomJSDriver
Command: [4ed4a6d0-cfa7-11ec-a523-ed173e73cdb1, getElementDomAttribute {id=:wdc:1652107807883, name=multiple}]
Capabilities {acceptSslCerts: false, applicationCacheEnabled: false, browserConnectionEnabled: false, browserName: phantomjs, cssSelectorsEnabled: true, databaseEnabled: false, driverName: ghostdriver, driverVersion: 1.2.0, handlesAlerts: false, javascriptEnabled: true, locationContextEnabled: false, nativeEvents: true, platform: XP, platformName: XP, proxy: Proxy(direct), rotatable: false, takesScreenshot: true, version: 2.1.1, webStorageEnabled: false}
Element: [[PhantomJSDriver: phantomjs on XP (4ed4a6d0-cfa7-11ec-a523-ed173e73cdb1)] -&gt; id: products-orderby]
Session ID: 4ed4a6d0-cfa7-11ec-a523-ed173e73cdb1" type="org.openqa.selenium.UnsupportedCommandException">
      <![CDATA[org.openqa.selenium.UnsupportedCommandException: getElementDomAttribute
Build info: version: '4.1.3', revision: '7b1ebf28ef'
System info: host: 'DESKTOP-COEV6PK', ip: '192.168.1.2', os.name: 'Windows 10', os.arch: 'amd64', os.version: '10.0', java.version: '17.0.2'
Driver info: org.openqa.selenium.phantomjs.PhantomJSDriver
Command: [4ed4a6d0-cfa7-11ec-a523-ed173e73cdb1, getElementDomAttribute {id=:wdc:1652107807883, name=multiple}]
Capabilities {acceptSslCerts: false, applicationCacheEnabled: false, browserConnectionEnabled: false, browserName: phantomjs, cssSelectorsEnabled: true, databaseEnabled: false, driverName: ghostdriver, driverVersion: 1.2.0, handlesAlerts: false, javascriptEnabled: true, locationContextEnabled: false, nativeEvents: true, platform: XP, platformName: XP, proxy: Proxy(direct), rotatable: false, takesScreenshot: true, version: 2.1.1, webStorageEnabled: false}
Element: [[PhantomJSDriver: phantomjs on XP (4ed4a6d0-cfa7-11ec-a523-ed173e73cdb1)] -> id: products-orderby]
Session ID: 4ed4a6d0-cfa7-11ec-a523-ed173e73cdb1
at org.openqa.selenium.remote.codec.AbstractHttpCommandCodec.encode(AbstractHttpCommandCodec.java:250)
at org.openqa.selenium.remote.codec.AbstractHttpCommandCodec.encode(AbstractHttpCommandCodec.java:127)
at org.openqa.selenium.remote.HttpCommandExecutor.execute(HttpCommandExecutor.java:172)
at org.openqa.selenium.phantomjs.PhantomJSCommandExecutor.execute(PhantomJSCommandExecutor.java:82)
at org.openqa.selenium.remote.RemoteWebDriver.execute(RemoteWebDriver.java:567)
at org.openqa.selenium.remote.RemoteWebElement.execute(RemoteWebElement.java:251)
at org.openqa.selenium.remote.RemoteWebElement.getDomAttribute(RemoteWebElement.java:145)
at java.base/jdk.internal.reflect.NativeMethodAccessorImpl.invoke0(Native Method)
at java.base/jdk.internal.reflect.NativeMethodAccessorImpl.invoke(NativeMethodAccessorImpl.java:77)
at java.base/jdk.internal.reflect.DelegatingMethodAccessorImpl.invoke(DelegatingMethodAccessorImpl.java:43)
at java.base/java.lang.reflect.Method.invoke(Method.java:568)
at org.openqa.selenium.support.pagefactory.internal.LocatingElementHandler.invoke(LocatingElementHandler.java:52)
at jdk.proxy2/jdk.proxy2.$Proxy25.getDomAttribute(Unknown Source)
at org.openqa.selenium.support.ui.Select.<init>(Select.java:54)
at pages.PageBase.selecetByTxtFromList(PageBase.java:42)
at pages.JewelryPage.selectSorttype(JewelryPage.java:18)
at tests.JewelerytSortByTest.userChangeSortionSucsessfully(JewelerytSortByTest.java:20)
at java.base/jdk.internal.reflect.NativeMethodAccessorImpl.invoke0(Native Method)
at java.base/jdk.internal.reflect.NativeMethodAccessorImpl.invoke(NativeMethodAccessorImpl.java:77)
at java.base/jdk.internal.reflect.DelegatingMethodAccessorImpl.invoke(DelegatingMethodAccessorImpl.java:43)
at java.base/java.lang.reflect.Method.invoke(Method.java:568)
at org.testng.internal.invokers.MethodInvocationHelper.invokeMethod(MethodInvocationHelper.java:135)
at org.testng.internal.invokers.TestInvoker.invokeMethod(TestInvoker.java:673)
at org.testng.internal.invokers.TestInvoker.invokeTestMethod(TestInvoker.java:220)
at org.testng.internal.invokers.MethodRunner.runInSequence(MethodRunner.java:50)
at org.testng.internal.invokers.TestInvoker$MethodInvocationAgent.invoke(TestInvoker.java:945)
at org.testng.internal.invokers.TestInvoker.invokeTestMethods(TestInvoker.java:193)
at org.testng.internal.invokers.TestMethodWorker.invokeTestMethods(TestMethodWorker.java:146)
at org.testng.internal.invokers.TestMethodWorker.run(TestMethodWorker.java:128)
at java.base/java.util.ArrayList.forEach(ArrayList.java:1511)
at org.testng.TestRunner.privateRun(TestRunner.java:808)
at org.testng.TestRunner.run(TestRunner.java:603)
at org.testng.SuiteRunner.runTest(SuiteRunner.java:429)
at org.testng.SuiteRunner.runSequentially(SuiteRunner.java:423)
at org.testng.SuiteRunner.privateRun(SuiteRunner.java:383)
at org.testng.SuiteRunner.run(SuiteRunner.java:326)
at org.testng.SuiteRunnerWorker.runSuite(SuiteRunnerWorker.java:52)
at org.testng.SuiteRunnerWorker.run(SuiteRunnerWorker.java:95)
at org.testng.TestNG.runSuitesSequentially(TestNG.java:1249)
at org.testng.TestNG.runSuitesLocally(TestNG.java:1169)
at org.testng.TestNG.runSuites(TestNG.java:1092)
at org.testng.TestNG.run(TestNG.java:1060)
at org.testng.remote.AbstractRemoteTestNG.run(AbstractRemoteTestNG.java:115)
at org.testng.remote.RemoteTestNG.initAndRun(RemoteTestNG.java:251)
at org.testng.remote.RemoteTestNG.main(RemoteTestNG.java:77)
]]>
    </error>
  </testcase> <!-- userChangeSortionSucsessfully -->
  <system-out/>
  <testcase classname="tests.JewelerytSortByTest" name="completeOrder" time="0.808"/>
  <system-out/>
</testsuite> <!-- tests.JewelerytSortByTest -->
